#
# There is insufficient memory for the Java Runtime Environment to continue.
# Native memory allocation (mmap) failed to map 134217728 bytes for G1 virtual space
# Possible reasons:
#   The system is out of physical RAM or swap space
#   The process is running with CompressedOops enabled, and the Java Heap may be blocking the growth of the native heap
# Possible solutions:
#   Reduce memory load on the system
#   Increase physical memory or swap space
#   Check if swap backing store is full
#   Decrease Java heap size (-Xmx/-Xms)
#   Decrease number of Java threads
#   Decrease Java thread stack sizes (-Xss)
#   Set larger code cache with -XX:ReservedCodeCacheSize=
#   JVM is running with Unscaled Compressed Oops mode in which the Java heap is
#     placed in the first 4GB address space. The Java Heap base address is the
#     maximum limit for the native heap growth. Please use -XX:HeapBaseMinAddress
#     to set the Java Heap base and to place the Java Heap above 4GB virtual address.
# This output file may be truncated or incomplete.
#
#  Out of Memory Error (os_windows.cpp:3557), pid=9380, tid=20180
#
# JRE version:  (17.0.6+10) (build )
# Java VM: OpenJDK 64-Bit Server VM (17.0.6+10, mixed mode, emulated-client, sharing, tiered, compressed oops, compressed class ptrs, g1 gc, windows-amd64)
# No core dump will be written. Minidumps are not enabled by default on client versions of Windows
#

---------------  S U M M A R Y ------------

Command Line: -XX:+HeapDumpOnOutOfMemoryError -Xmx1024m -Dsts.lsp.client=vscode -Dsts.log.file=/dev/null -XX:TieredStopAtLevel=1 -Xlog:jni+resolve=off -Dspring.config.location=file:c:\Users\BULee\.vscode\extensions\vmware.vscode-spring-boot-1.45.0\language-server\BOOT-INF\classes\application.properties org.springframework.ide.vscode.boot.app.BootLanguageServerBootApp

Host: Intel(R) Core(TM) i5-6200U CPU @ 2.30GHz, 4 cores, 7G,  Windows 10 , 64 bit Build 19041 (10.0.19041.2546)
Time: Wed Mar 29 10:41:13 2023  Windows 10 , 64 bit Build 19041 (10.0.19041.2546) elapsed time: 0.041467 seconds (0d 0h 0m 0s)

---------------  T H R E A D  ---------------

Current thread (0x00000259a2252440):  JavaThread "Unknown thread" [_thread_in_vm, id=20180, stack(0x000000da2f000000,0x000000da2f100000)]

Stack: [0x000000da2f000000,0x000000da2f100000]
Native frames: (J=compiled Java code, j=interpreted, Vv=VM code, C=native code)
V  [jvm.dll+0x67741a]
V  [jvm.dll+0x834434]
V  [jvm.dll+0x835bde]
V  [jvm.dll+0x836243]
V  [jvm.dll+0x2457b5]
V  [jvm.dll+0x674329]
V  [jvm.dll+0x6689da]
V  [jvm.dll+0x30489b]
V  [jvm.dll+0x30bd96]
V  [jvm.dll+0x35b57e]
V  [jvm.dll+0x35b7af]
V  [jvm.dll+0x2db778]
V  [jvm.dll+0x2dc6e4]
V  [jvm.dll+0x806131]
V  [jvm.dll+0x369331]
V  [jvm.dll+0x7e56ac]
V  [jvm.dll+0x3eb35f]
V  [jvm.dll+0x3ecea1]
C  [jli.dll+0x5267]
C  [ucrtbase.dll+0x21bb2]
C  [KERNEL32.DLL+0x17614]
C  [ntdll.dll+0x526a1]


---------------  P R O C E S S  ---------------

Threads class SMR info:
_java_thread_list=0x00007ffece7e5fd8, length=0, elements={
}

Java Threads: ( => current thread )

Other Threads:
  0x00000259a22921e0 GCTaskThread "GC Thread#0" [stack: 0x000000da2f200000,0x000000da2f300000] [id=21488]
  0x00000259a229b120 ConcurrentGCThread "G1 Main Marker" [stack: 0x000000da2f300000,0x000000da2f400000] [id=18764]
  0x00000259a229bb30 ConcurrentGCThread "G1 Conc#0" [stack: 0x000000da2f400000,0x000000da2f500000] [id=19984]

[error occurred during error reporting (printing all threads), id 0xc0000005, EXCEPTION_ACCESS_VIOLATION (0xc0000005) at pc=0x00007ffecdfbc1e7]

VM state: not at safepoint (not fully initialized)

VM Mutex/Monitor currently owned by a thread:  ([mutex/lock_event])
[0x00000259a224fdd0] Heap_lock - owner thread: 0x00000259a2252440

Heap address: 0x00000000c0000000, size: 1024 MB, Compressed Oops mode: 32-bit

CDS archive(s) mapped at: [0x0000000000000000-0x0000000000000000-0x0000000000000000), size 0, SharedBaseAddress: 0x0000000800000000, ArchiveRelocationMode: 0.
Narrow klass base: 0x0000000000000000, Narrow klass shift: 0, Narrow klass range: 0x0

GC Precious Log:
<Empty>

Heap:
 garbage-first heap   total 0K, used 0K [0x00000000c0000000, 0x0000000100000000)
  region size 1024K, 0 young (0K), 0 survivors (0K)

[error occurred during error reporting (printing heap information), id 0xc0000005, EXCEPTION_ACCESS_VIOLATION (0xc0000005) at pc=0x00007ffece3a06f9]

GC Heap History (0 events):
No events

Dll operation events (1 events):
Event: 0.027 Loaded shared library c:\Users\BULee\.vscode\extensions\redhat.java-1.16.0-win32-x64\jre\17.0.6-win32-x86_64\bin\java.dll

Deoptimization events (0 events):
No events

Classes unloaded (0 events):
No events

Classes redefined (0 events):
No events

Internal exceptions (0 events):
No events

VM Operations (0 events):
No events

Events (0 events):
No events


Dynamic libraries:
0x00007ff6e6480000 - 0x00007ff6e648e000 	c:\Users\BULee\.vscode\extensions\redhat.java-1.16.0-win32-x64\jre\17.0.6-win32-x86_64\bin\java.exe
0x00007fff07d30000 - 0x00007fff07f28000 	C:\WINDOWS\SYSTEM32\ntdll.dll
0x00007fff078f0000 - 0x00007fff079af000 	C:\WINDOWS\System32\KERNEL32.DLL
0x00007fff05490000 - 0x00007fff05762000 	C:\WINDOWS\System32\KERNELBASE.dll
0x00007fff05850000 - 0x00007fff05950000 	C:\WINDOWS\System32\ucrtbase.dll
0x00007ffefea70000 - 0x00007ffefea87000 	c:\Users\BULee\.vscode\extensions\redhat.java-1.16.0-win32-x64\jre\17.0.6-win32-x86_64\bin\jli.dll
0x00007fff06070000 - 0x00007fff06211000 	C:\WINDOWS\System32\USER32.dll
0x00007fff05770000 - 0x00007fff05792000 	C:\WINDOWS\System32\win32u.dll
0x00007fff062c0000 - 0x00007fff062eb000 	C:\WINDOWS\System32\GDI32.dll
0x00007fff05a60000 - 0x00007fff05b6f000 	C:\WINDOWS\System32\gdi32full.dll
0x00007fff05b70000 - 0x00007fff05c0d000 	C:\WINDOWS\System32\msvcp_win.dll
0x00007ffefe9d0000 - 0x00007ffefe9e9000 	c:\Users\BULee\.vscode\extensions\redhat.java-1.16.0-win32-x64\jre\17.0.6-win32-x86_64\bin\VCRUNTIME140.dll
0x00007ffef2d00000 - 0x00007ffef2f9a000 	C:\WINDOWS\WinSxS\amd64_microsoft.windows.common-controls_6595b64144ccf1df_6.0.19041.1110_none_60b5254171f9507e\COMCTL32.dll
0x00007fff05fd0000 - 0x00007fff0606e000 	C:\WINDOWS\System32\msvcrt.dll
0x00007fff05d80000 - 0x00007fff05db2000 	C:\WINDOWS\System32\IMM32.DLL
0x00007ffeff170000 - 0x00007ffeff17c000 	c:\Users\BULee\.vscode\extensions\redhat.java-1.16.0-win32-x64\jre\17.0.6-win32-x86_64\bin\vcruntime140_1.dll
0x00007ffed56a0000 - 0x00007ffed5731000 	c:\Users\BULee\.vscode\extensions\redhat.java-1.16.0-win32-x64\jre\17.0.6-win32-x86_64\bin\msvcp140.dll
0x00007ffecdcd0000 - 0x00007ffece917000 	c:\Users\BULee\.vscode\extensions\redhat.java-1.16.0-win32-x64\jre\17.0.6-win32-x86_64\bin\server\jvm.dll
0x00007fff07ac0000 - 0x00007fff07b6e000 	C:\WINDOWS\System32\ADVAPI32.dll
0x00007fff06220000 - 0x00007fff062bc000 	C:\WINDOWS\System32\sechost.dll
0x00007fff06970000 - 0x00007fff06a95000 	C:\WINDOWS\System32\RPCRT4.dll
0x00007ffeff180000 - 0x00007ffeff189000 	C:\WINDOWS\SYSTEM32\WSOCK32.dll
0x00007fff079b0000 - 0x00007fff07a1b000 	C:\WINDOWS\System32\WS2_32.dll
0x00007ffef49f0000 - 0x00007ffef4a17000 	C:\WINDOWS\SYSTEM32\WINMM.dll
0x00007ffef7420000 - 0x00007ffef742a000 	C:\WINDOWS\SYSTEM32\VERSION.dll
0x00007fff032e0000 - 0x00007fff032f2000 	C:\WINDOWS\SYSTEM32\kernel.appcore.dll
0x00007ffeff020000 - 0x00007ffeff02a000 	c:\Users\BULee\.vscode\extensions\redhat.java-1.16.0-win32-x64\jre\17.0.6-win32-x86_64\bin\jimage.dll
0x00007ffef5230000 - 0x00007ffef5414000 	C:\WINDOWS\SYSTEM32\DBGHELP.DLL
0x00007ffef51b0000 - 0x00007ffef51e5000 	C:\WINDOWS\SYSTEM32\dbgcore.DLL
0x00007fff05980000 - 0x00007fff05a02000 	C:\WINDOWS\System32\bcryptPrimitives.dll
0x00007ffefd610000 - 0x00007ffefd635000 	c:\Users\BULee\.vscode\extensions\redhat.java-1.16.0-win32-x64\jre\17.0.6-win32-x86_64\bin\java.dll
0x0000000180000000 - 0x0000000180070000 	C:\WINDOWS\SysWOW64\T_Prevent64.dll
0x00007fff06c00000 - 0x00007fff07345000 	C:\WINDOWS\System32\SHELL32.dll
0x00007fff05dc0000 - 0x00007fff05e15000 	C:\WINDOWS\System32\SHLWAPI.dll
0x00007fff07350000 - 0x00007fff0747a000 	C:\WINDOWS\System32\ole32.dll
0x00007fff06410000 - 0x00007fff06765000 	C:\WINDOWS\System32\combase.dll
0x00007fff06aa0000 - 0x00007fff06b6d000 	C:\WINDOWS\System32\OLEAUT32.dll
0x00007fff05d70000 - 0x00007fff05d78000 	C:\WINDOWS\System32\PSAPI.DLL
0x00007ffeeef10000 - 0x00007ffeeefa8000 	C:\WINDOWS\SYSTEM32\WINSPOOL.DRV
0x00007ffeed210000 - 0x00007ffeed3b5000 	C:\WINDOWS\WinSxS\amd64_microsoft.windows.gdiplus_6595b64144ccf1df_1.1.19041.2251_none_91a40448cc8846c1\gdiplus.dll
0x00000259ac7a0000 - 0x00000259ac7f7000 	C:\WINDOWS\SysWOW64\TDCommonLib64.dll

dbghelp: loaded successfully - version: 4.0.5 - missing functions: none
symbol engine: initialized successfully - sym options: 0x614 - pdb path: .;c:\Users\BULee\.vscode\extensions\redhat.java-1.16.0-win32-x64\jre\17.0.6-win32-x86_64\bin;C:\WINDOWS\SYSTEM32;C:\WINDOWS\WinSxS\amd64_microsoft.windows.common-controls_6595b64144ccf1df_6.0.19041.1110_none_60b5254171f9507e;c:\Users\BULee\.vscode\extensions\redhat.java-1.16.0-win32-x64\jre\17.0.6-win32-x86_64\bin\server;C:\WINDOWS\SysWOW64;C:\WINDOWS\WinSxS\amd64_microsoft.windows.gdiplus_6595b64144ccf1df_1.1.19041.2251_none_91a40448cc8846c1

VM Arguments:
jvm_args: -XX:+HeapDumpOnOutOfMemoryError -Xmx1024m -Dsts.lsp.client=vscode -Dsts.log.file=/dev/null -XX:TieredStopAtLevel=1 -Xlog:jni+resolve=off -Dspring.config.location=file:c:\Users\BULee\.vscode\extensions\vmware.vscode-spring-boot-1.45.0\language-server\BOOT-INF\classes\application.properties 
java_command: org.springframework.ide.vscode.boot.app.BootLanguageServerBootApp
java_class_path (initial): c:\Users\BULee\.vscode\extensions\vmware.vscode-spring-boot-1.45.0\language-server\BOOT-INF\classes;c:\Users\BULee\.vscode\extensions\vmware.vscode-spring-boot-1.45.0\language-server\BOOT-INF\lib\annotations-24.0.1.jar;c:\Users\BULee\.vscode\extensions\vmware.vscode-spring-boot-1.45.0\language-server\BOOT-INF\lib\ant-1.10.13.jar;c:\Users\BULee\.vscode\extensions\vmware.vscode-spring-boot-1.45.0\language-server\BOOT-INF\lib\ant-launcher-1.10.13.jar;c:\Users\BULee\.vscode\extensions\vmware.vscode-spring-boot-1.45.0\language-server\BOOT-INF\lib\antlr-runtime-3.5.3.jar;c:\Users\BULee\.vscode\extensions\vmware.vscode-spring-boot-1.45.0\language-server\BOOT-INF\lib\antlr4-4.11.1.jar;c:\Users\BULee\.vscode\extensions\vmware.vscode-spring-boot-1.45.0\language-server\BOOT-INF\lib\antlr4-runtime-4.11.1.jar;c:\Users\BULee\.vscode\extensions\vmware.vscode-spring-boot-1.45.0\language-server\BOOT-INF\lib\asm-9.4.jar;c:\Users\BULee\.vscode\extensions\vmware.vscode-spring-boot-1.45.0\language-server\BOOT-INF\lib\asm-analysis-9.4.jar;c:\Users\BULee\.vscode\extensions\vmware.vscode-spring-boot-1.45.0\language-server\BOOT-INF\lib\asm-tree-9.4.jar;c:\Users\BULee\.vscode\extensions\vmware.vscode-spring-boot-1.45.0\language-server\BOOT-INF\lib\asm-util-9.4.jar;c:\Users\BULee\.vscode\extensions\vmware.vscode-spring-boot-1.45.0\language-server\BOOT-INF\lib\caffeine-3.1.2.jar;c:\Users\BULee\.vscode\extensions\vmware.vscode-spring-boot-1.45.0\language-server\BOOT-INF\lib\checker-qual-3.12.0.jar;c:\Users\BULee\.vscode\extensions\vmware.vscode-spring-boot-1.45.0\language-server\BOOT-INF\lib\classgraph-4.8.149.jar;c:\Users\BULee\.vscode\extensions\vmware.vscode-spring-boot-1.45.0\language-server\BOOT-INF\lib\commons-codec-1.15.jar;c:\Users\BULee\.vscode\extensions\vmware.vscode-spring-boot-1.45.0\language-server\BOOT-INF\lib\commons-compress-1.22.jar;c:\Users\BULee\.vscode\extensions\vmware.vscode-spring-boot-1.45.0\language-server\BOOT-INF\lib\commons-io-2.4.jar;c:
Launcher Type: SUN_STANDARD

[Global flags]
     intx CICompilerCount                          = 3                                         {product} {ergonomic}
     uint ConcGCThreads                            = 1                                         {product} {ergonomic}
     uint G1ConcRefinementThreads                  = 4                                         {product} {ergonomic}
   size_t G1HeapRegionSize                         = 1048576                                   {product} {ergonomic}
    uintx GCDrainStackTargetSize                   = 64                                        {product} {ergonomic}
     bool HeapDumpOnOutOfMemoryError               = true                                   {manageable} {command line}
   size_t InitialHeapSize                          = 134217728                                 {product} {ergonomic}
   size_t MarkStackSize                            = 4194304                                   {product} {ergonomic}
   size_t MaxHeapSize                              = 1073741824                                {product} {command line}
   size_t MinHeapDeltaBytes                        = 1048576                                   {product} {ergonomic}
   size_t MinHeapSize                              = 8388608                                   {product} {ergonomic}
    uintx NonProfiledCodeHeapSize                  = 0                                      {pd product} {ergonomic}
     bool ProfileInterpreter                       = false                                  {pd product} {command line}
    uintx ProfiledCodeHeapSize                     = 0                                      {pd product} {ergonomic}
   size_t SoftMaxHeapSize                          = 1073741824                             {manageable} {ergonomic}
     intx TieredStopAtLevel                        = 1                                         {product} {command line}
     bool UseCompressedClassPointers               = true                           {product lp64_product} {ergonomic}
     bool UseCompressedOops                        = true                           {product lp64_product} {ergonomic}
     bool UseG1GC                                  = true                                      {product} {ergonomic}
     bool UseLargePagesIndividualAllocation        = false                                  {pd product} {ergonomic}

Logging:
Log output configuration:
 #0: stdout all=warning,jni+resolve=off uptime,level,tags (reconfigured)
 #1: stderr all=off uptime,level,tags

Environment Variables:
JAVA_HOME=C:\pgms\jdk-11
PATH=C:\pgms\jdk-11\bin;C:\WINDOWS\system32;C:\WINDOWS;C:\WINDOWS\System32\Wbem;C:\WINDOWS\System32\WindowsPowerShell\v1.0\;C:\WINDOWS\System32\OpenSSH\;C:\pgms\gradle-7.6.1\bin;C:\Program Files\nodejs\;C:\Users\BULee\AppData\Local\Microsoft\WindowsApps;C:\Users\BULee\AppData\Local\Programs\Microsoft VS Code\bin;C:\Users\BULee\AppData\Roaming\npm
USERNAME=BULee
OS=Windows_NT
PROCESSOR_IDENTIFIER=Intel64 Family 6 Model 78 Stepping 3, GenuineIntel
TMP=C:\Users\BULee\AppData\Local\Temp
TEMP=C:\Users\BULee\AppData\Local\Temp



---------------  S Y S T E M  ---------------

OS:
 Windows 10 , 64 bit Build 19041 (10.0.19041.2546)
OS uptime: 15 days 17:01 hours

CPU: total 4 (initial active 4) (2 cores per cpu, 2 threads per core) family 6 model 78 stepping 3 microcode 0xcc, cx8, cmov, fxsr, ht, mmx, 3dnowpref, sse, sse2, sse3, ssse3, sse4.1, sse4.2, popcnt, lzcnt, tsc, tscinvbit, avx, avx2, aes, erms, clmul, bmi1, bmi2, adx, fma, vzeroupper, clflush, clflushopt

Memory: 4k page, system-wide physical 8090M (815M free)
TotalPageFile size 20730M (AvailPageFile size 5M)
current process WorkingSet (physical memory assigned to process): 13M, peak: 13M
current process commit charge ("private bytes"): 47M, peak: 174M

vm_info: OpenJDK 64-Bit Server VM (17.0.6+10) for windows-amd64 JRE (17.0.6+10), built on Jan 18 2023 10:08:59 by "temurin" with MS VC++ 16.7 (VS2019)

END.
