#
# There is insufficient memory for the Java Runtime Environment to continue.
# Native memory allocation (malloc) failed to allocate 1048576 bytes for AllocateHeap
# Possible reasons:
#   The system is out of physical RAM or swap space
#   The process is running with CompressedOops enabled, and the Java Heap may be blocking the growth of the native heap
# Possible solutions:
#   Reduce memory load on the system
#   Increase physical memory or swap space
#   Check if swap backing store is full
#   Decrease Java heap size (-Xmx/-Xms)
#   Decrease number of Java threads
#   Decrease Java thread stack sizes (-Xss)
#   Set larger code cache with -XX:ReservedCodeCacheSize=
#   JVM is running with Unscaled Compressed Oops mode in which the Java heap is
#     placed in the first 4GB address space. The Java Heap base address is the
#     maximum limit for the native heap growth. Please use -XX:HeapBaseMinAddress
#     to set the Java Heap base and to place the Java Heap above 4GB virtual address.
# This output file may be truncated or incomplete.
#
#  Out of Memory Error (allocation.cpp:44), pid=15348, tid=19716
#
# JRE version: OpenJDK Runtime Environment Temurin-17.0.6+10 (17.0.6+10) (build 17.0.6+10)
# Java VM: OpenJDK 64-Bit Server VM Temurin-17.0.6+10 (17.0.6+10, mixed mode, emulated-client, tiered, compressed oops, compressed class ptrs, g1 gc, windows-amd64)
# No core dump will be written. Minidumps are not enabled by default on client versions of Windows
#

---------------  S U M M A R Y ------------

Command Line: -XX:+HeapDumpOnOutOfMemoryError -Xmx1024m -Dsts.lsp.client=vscode -Dsts.log.file=/dev/null -XX:TieredStopAtLevel=1 -Xlog:jni+resolve=off -Dspring.config.location=file:c:\Users\BULee\.vscode\extensions\vmware.vscode-spring-boot-1.45.0\language-server\BOOT-INF\classes\application.properties org.springframework.ide.vscode.boot.app.BootLanguageServerBootApp

Host: Intel(R) Core(TM) i5-6200U CPU @ 2.30GHz, 4 cores, 7G,  Windows 10 , 64 bit Build 19041 (10.0.19041.2546)
Time: Thu Mar 23 13:42:39 2023  Windows 10 , 64 bit Build 19041 (10.0.19041.2546) elapsed time: 1005.505204 seconds (0d 0h 16m 45s)

---------------  T H R E A D  ---------------

Current thread (0x000001a04713b560):  VMThread "VM Thread" [stack: 0x0000004ebaf00000,0x0000004ebb000000] [id=19716]

Stack: [0x0000004ebaf00000,0x0000004ebb000000]
Native frames: (J=compiled Java code, j=interpreted, Vv=VM code, C=native code)
V  [jvm.dll+0x67741a]
V  [jvm.dll+0x834434]
V  [jvm.dll+0x835bde]
V  [jvm.dll+0x836243]
V  [jvm.dll+0x2457b5]
V  [jvm.dll+0xa626f]
V  [jvm.dll+0x2f5ad3]
V  [jvm.dll+0x2f17e0]
V  [jvm.dll+0x2d9ee7]
V  [jvm.dll+0x31ce67]
V  [jvm.dll+0x83a6eb]
V  [jvm.dll+0x83b424]
V  [jvm.dll+0x83b93c]
V  [jvm.dll+0x83bd14]
V  [jvm.dll+0x83bde0]
V  [jvm.dll+0x7e483a]
V  [jvm.dll+0x6762c5]
C  [ucrtbase.dll+0x21bb2]
C  [KERNEL32.DLL+0x17614]
C  [ntdll.dll+0x526a1]

VM_Operation (0x0000004ebc5fecf0): G1CollectFull, mode: safepoint, requested by thread 0x000001a049ec9420


---------------  P R O C E S S  ---------------

Threads class SMR info:
_java_thread_list=0x000001a04a771a70, length=23, elements={
0x000001a04719b750, 0x000001a04719c4d0, 0x000001a0471f7830, 0x000001a0471f83b0,
0x000001a0471ca040, 0x000001a0471ca900, 0x000001a0471cb1c0, 0x000001a0471cc260,
0x000001a047e02c90, 0x000001a047e0d080, 0x000001a049ec8a80, 0x000001a049ec8f50,
0x000001a049ec9420, 0x000001a049f20ff0, 0x000001a03cc43370, 0x000001a048accda0,
0x000001a04a0b2020, 0x000001a04a036060, 0x000001a04a033510, 0x000001a04a033eb0,
0x000001a04a034380, 0x000001a04bbae570, 0x000001a04bbafd80
}

Java Threads: ( => current thread )
  0x000001a04719b750 JavaThread "Reference Handler" daemon [_thread_blocked, id=9872, stack(0x0000004ebb000000,0x0000004ebb100000)]
  0x000001a04719c4d0 JavaThread "Finalizer" daemon [_thread_blocked, id=7304, stack(0x0000004ebb100000,0x0000004ebb200000)]
  0x000001a0471f7830 JavaThread "Signal Dispatcher" daemon [_thread_blocked, id=15256, stack(0x0000004ebb300000,0x0000004ebb400000)]
  0x000001a0471f83b0 JavaThread "Attach Listener" daemon [_thread_blocked, id=19696, stack(0x0000004ebb400000,0x0000004ebb500000)]
  0x000001a0471ca040 JavaThread "Service Thread" daemon [_thread_blocked, id=17096, stack(0x0000004ebb500000,0x0000004ebb600000)]
  0x000001a0471ca900 JavaThread "Monitor Deflation Thread" daemon [_thread_blocked, id=17152, stack(0x0000004ebb600000,0x0000004ebb700000)]
  0x000001a0471cb1c0 JavaThread "C1 CompilerThread0" daemon [_thread_blocked, id=14360, stack(0x0000004ebb700000,0x0000004ebb800000)]
  0x000001a0471cc260 JavaThread "Sweeper thread" daemon [_thread_blocked, id=21380, stack(0x0000004ebb800000,0x0000004ebb900000)]
  0x000001a047e02c90 JavaThread "Notification Thread" daemon [_thread_blocked, id=11704, stack(0x0000004ebb200000,0x0000004ebb300000)]
  0x000001a047e0d080 JavaThread "Common-Cleaner" daemon [_thread_blocked, id=5088, stack(0x0000004ebbc00000,0x0000004ebbd00000)]
  0x000001a049ec8a80 JavaThread "boundedElastic-evictor-1" daemon [_thread_blocked, id=8196, stack(0x0000004ebc300000,0x0000004ebc400000)]
  0x000001a049ec8f50 JavaThread "boundedElastic-evictor-2" daemon [_thread_blocked, id=9128, stack(0x0000004ebc400000,0x0000004ebc500000)]
  0x000001a049ec9420 JavaThread "pool-10-thread-1" [_thread_blocked, id=11900, stack(0x0000004ebc500000,0x0000004ebc600000)]
  0x000001a049f20ff0 JavaThread "LanguageServerApp-lifecycle" [_thread_blocked, id=8784, stack(0x0000004ebc600000,0x0000004ebc700000)]
  0x000001a03cc43370 JavaThread "DestroyJavaVM" [_thread_blocked, id=20656, stack(0x0000004eba900000,0x0000004ebaa00000)]
  0x000001a048accda0 JavaThread "pool-11-thread-1" [_thread_in_native, id=10296, stack(0x0000004ebc700000,0x0000004ebc800000)]
  0x000001a04a0b2020 JavaThread "Simple-Language-Server main thread" daemon [_thread_blocked, id=16492, stack(0x0000004ebc800000,0x0000004ebc900000)]
  0x000001a04a036060 JavaThread "parallel-1" daemon [_thread_blocked, id=21184, stack(0x0000004ebcb00000,0x0000004ebcc00000)]
  0x000001a04a033510 JavaThread "parallel-2" daemon [_thread_blocked, id=14212, stack(0x0000004ebd300000,0x0000004ebd400000)]
  0x000001a04a033eb0 JavaThread "pool-4-thread-1" [_thread_blocked, id=18688, stack(0x0000004ebd500000,0x0000004ebd600000)]
  0x000001a04a034380 JavaThread "parallel-3" daemon [_thread_blocked, id=18812, stack(0x0000004ebd600000,0x0000004ebd700000)]
  0x000001a04bbae570 JavaThread "parallel-4" daemon [_thread_blocked, id=13232, stack(0x0000004ebc100000,0x0000004ebc200000)]
  0x000001a04bbafd80 JavaThread "pool-2-thread-11" [_thread_blocked, id=20712, stack(0x0000004eba600000,0x0000004eba700000)]

Other Threads:
=>0x000001a04713b560 VMThread "VM Thread" [stack: 0x0000004ebaf00000,0x0000004ebb000000] [id=19716]
  0x000001a047e03160 WatcherThread [stack: 0x0000004ebbb00000,0x0000004ebbc00000] [id=19464]
  0x000001a03cc82cf0 GCTaskThread "GC Thread#0" [stack: 0x0000004ebaa00000,0x0000004ebab00000] [id=19380]
  0x000001a0488ec240 GCTaskThread "GC Thread#1" [stack: 0x0000004ebbd00000,0x0000004ebbe00000] [id=11116]
  0x000001a048969b20 GCTaskThread "GC Thread#2" [stack: 0x0000004ebbe00000,0x0000004ebbf00000] [id=20476]
  0x000001a048bccea0 GCTaskThread "GC Thread#3" [stack: 0x0000004ebc200000,0x0000004ebc300000] [id=15184]
  0x000001a03cc8bb40 ConcurrentGCThread "G1 Main Marker" [stack: 0x0000004ebab00000,0x0000004ebac00000] [id=11056]
  0x000001a03cc8c460 ConcurrentGCThread "G1 Conc#0" [stack: 0x0000004ebac00000,0x0000004ebad00000] [id=8852]
  0x000001a03cd02420 ConcurrentGCThread "G1 Refine#0" [stack: 0x0000004ebad00000,0x0000004ebae00000] [id=11148]
  0x000001a04896f8c0 ConcurrentGCThread "G1 Refine#1" [stack: 0x0000004ebbf00000,0x0000004ebc000000] [id=1548]
  0x000001a04a3b9ed0 ConcurrentGCThread "G1 Refine#2" [stack: 0x0000004ebd400000,0x0000004ebd500000] [id=16968]
  0x000001a04bbfe730 ConcurrentGCThread "G1 Refine#3" [stack: 0x0000004ebd900000,0x0000004ebda00000] [id=8112]
  0x000001a03cd03d60 ConcurrentGCThread "G1 Service" [stack: 0x0000004ebae00000,0x0000004ebaf00000] [id=10368]

Threads with active compile tasks:

VM state: at safepoint (normal execution)

VM Mutex/Monitor currently owned by a thread:  ([mutex/lock_event])
[0x000001a03aba7610] Threads_lock - owner thread: 0x000001a04713b560
[0x000001a03cc407f0] Heap_lock - owner thread: 0x000001a049ec9420

Heap address: 0x00000000c0000000, size: 1024 MB, Compressed Oops mode: 32-bit

CDS archive(s) not mapped
Compressed class space mapped at: 0x0000000100000000-0x0000000140000000, reserved size: 1073741824
Narrow klass base: 0x0000000000000000, Narrow klass shift: 3, Narrow klass range: 0x140000000

GC Precious Log:
 CPUs: 4 total, 4 available
 Memory: 8090M
 Large Page Support: Disabled
 NUMA Support: Disabled
 Compressed Oops: Enabled (32-bit)
 Heap Region Size: 1M
 Heap Min Capacity: 8M
 Heap Initial Capacity: 128M
 Heap Max Capacity: 1G
 Pre-touch: Disabled
 Parallel Workers: 4
 Concurrent Workers: 1
 Concurrent Refinement Workers: 4
 Periodic GC: Disabled

Heap:
 garbage-first heap   total 133120K, used 38653K [0x00000000c0000000, 0x0000000100000000)
  region size 1024K, 1 young (1024K), 0 survivors (0K)
 Metaspace       used 63018K, committed 63744K, reserved 1105920K
  class space    used 8792K, committed 9088K, reserved 1048576K

Heap Regions: E=young(eden), S=young(survivor), O=old, HS=humongous(starts), HC=humongous(continues), CS=collection set, F=free, OA=open archive, CA=closed archive, TAMS=top-at-mark-start (previous, next)
|   0|0x00000000c0000000, 0x00000000c0100000, 0x00000000c0100000|100%| O|  |TAMS 0x00000000c0100000, 0x00000000c0000000| Untracked 
|   1|0x00000000c0100000, 0x00000000c01fffd8, 0x00000000c0200000| 99%| O|  |TAMS 0x00000000c01fffd8, 0x00000000c0100000| Untracked 
|   2|0x00000000c0200000, 0x00000000c0300000, 0x00000000c0300000|100%| O|  |TAMS 0x00000000c0300000, 0x00000000c0200000| Untracked 
|   3|0x00000000c0300000, 0x00000000c0400000, 0x00000000c0400000|100%| O|  |TAMS 0x00000000c0400000, 0x00000000c0300000| Untracked 
|   4|0x00000000c0400000, 0x00000000c0500000, 0x00000000c0500000|100%| O|  |TAMS 0x00000000c0500000, 0x00000000c0400000| Untracked 
|   5|0x00000000c0500000, 0x00000000c0600000, 0x00000000c0600000|100%| O|  |TAMS 0x00000000c0600000, 0x00000000c0500000| Untracked 
|   6|0x00000000c0600000, 0x00000000c06fffe8, 0x00000000c0700000| 99%| O|  |TAMS 0x00000000c06fffe8, 0x00000000c0600000| Untracked 
|   7|0x00000000c0700000, 0x00000000c07fd3b0, 0x00000000c0800000| 98%| O|  |TAMS 0x00000000c07fd3b0, 0x00000000c0700000| Untracked 
|   8|0x00000000c0800000, 0x00000000c08ffff8, 0x00000000c0900000| 99%| O|  |TAMS 0x00000000c08ffff8, 0x00000000c0800000| Untracked 
|   9|0x00000000c0900000, 0x00000000c0a00000, 0x00000000c0a00000|100%| O|  |TAMS 0x00000000c0a00000, 0x00000000c0900000| Untracked 
|  10|0x00000000c0a00000, 0x00000000c0affff0, 0x00000000c0b00000| 99%| O|  |TAMS 0x00000000c0affff0, 0x00000000c0a00000| Untracked 
|  11|0x00000000c0b00000, 0x00000000c0bffff0, 0x00000000c0c00000| 99%| O|  |TAMS 0x00000000c0bffff0, 0x00000000c0b00000| Untracked 
|  12|0x00000000c0c00000, 0x00000000c0cfffe8, 0x00000000c0d00000| 99%| O|  |TAMS 0x00000000c0cfffe8, 0x00000000c0c00000| Untracked 
|  13|0x00000000c0d00000, 0x00000000c0dfffa8, 0x00000000c0e00000| 99%| O|  |TAMS 0x00000000c0dfffa8, 0x00000000c0d00000| Untracked 
|  14|0x00000000c0e00000, 0x00000000c0efdbd0, 0x00000000c0f00000| 99%| O|  |TAMS 0x00000000c0efdbd0, 0x00000000c0e00000| Untracked 
|  15|0x00000000c0f00000, 0x00000000c0ffff08, 0x00000000c1000000| 99%| O|  |TAMS 0x00000000c0ffff08, 0x00000000c0f00000| Untracked 
|  16|0x00000000c1000000, 0x00000000c1100000, 0x00000000c1100000|100%| O|  |TAMS 0x00000000c1100000, 0x00000000c1000000| Untracked 
|  17|0x00000000c1100000, 0x00000000c11ffff8, 0x00000000c1200000| 99%| O|  |TAMS 0x00000000c11ffff8, 0x00000000c1100000| Untracked 
|  18|0x00000000c1200000, 0x00000000c12fffe0, 0x00000000c1300000| 99%| O|  |TAMS 0x00000000c12fffe0, 0x00000000c1200000| Untracked 
|  19|0x00000000c1300000, 0x00000000c13fffd0, 0x00000000c1400000| 99%| O|  |TAMS 0x00000000c13fffd0, 0x00000000c1300000| Untracked 
|  20|0x00000000c1400000, 0x00000000c14ffd98, 0x00000000c1500000| 99%| O|  |TAMS 0x00000000c14ffd98, 0x00000000c1400000| Untracked 
|  21|0x00000000c1500000, 0x00000000c1600000, 0x00000000c1600000|100%| O|  |TAMS 0x00000000c1600000, 0x00000000c1500000| Untracked 
|  22|0x00000000c1600000, 0x00000000c16fc360, 0x00000000c1700000| 98%| O|  |TAMS 0x00000000c16fc360, 0x00000000c1600000| Untracked 
|  23|0x00000000c1700000, 0x00000000c17fffe8, 0x00000000c1800000| 99%| O|  |TAMS 0x00000000c17fffe8, 0x00000000c1700000| Untracked 
|  24|0x00000000c1800000, 0x00000000c18fffa8, 0x00000000c1900000| 99%| O|  |TAMS 0x00000000c18fffa8, 0x00000000c1800000| Untracked 
|  25|0x00000000c1900000, 0x00000000c19ffff8, 0x00000000c1a00000| 99%| O|  |TAMS 0x00000000c19ffff8, 0x00000000c1900000| Untracked 
|  26|0x00000000c1a00000, 0x00000000c1affff0, 0x00000000c1b00000| 99%| O|  |TAMS 0x00000000c1affff0, 0x00000000c1a00000| Untracked 
|  27|0x00000000c1b00000, 0x00000000c1bffff8, 0x00000000c1c00000| 99%| O|  |TAMS 0x00000000c1bffff8, 0x00000000c1b00000| Untracked 
|  28|0x00000000c1c00000, 0x00000000c1cfa7c8, 0x00000000c1d00000| 97%| O|  |TAMS 0x00000000c1cfa7c8, 0x00000000c1c00000| Untracked 
|  29|0x00000000c1d00000, 0x00000000c1dfc0e8, 0x00000000c1e00000| 98%| O|  |TAMS 0x00000000c1dfc0e8, 0x00000000c1d00000| Untracked 
|  30|0x00000000c1e00000, 0x00000000c1ecb648, 0x00000000c1f00000| 79%| O|  |TAMS 0x00000000c1e00000, 0x00000000c1e00000| Untracked 
|  31|0x00000000c1f00000, 0x00000000c1ffffe0, 0x00000000c2000000| 99%| O|  |TAMS 0x00000000c1ffffe0, 0x00000000c1f00000| Untracked 
|  32|0x00000000c2000000, 0x00000000c20fe9b8, 0x00000000c2100000| 99%| O|  |TAMS 0x00000000c20fe9b8, 0x00000000c2000000| Untracked 
|  33|0x00000000c2100000, 0x00000000c2105e88, 0x00000000c2200000|  2%| O|  |TAMS 0x00000000c2100000, 0x00000000c2100000| Untracked 
|  34|0x00000000c2200000, 0x00000000c2200000, 0x00000000c2300000|  0%| F|  |TAMS 0x00000000c2200000, 0x00000000c2200000| Untracked 
|  35|0x00000000c2300000, 0x00000000c23fffc0, 0x00000000c2400000| 99%| O|  |TAMS 0x00000000c23fffc0, 0x00000000c2300000| Untracked 
|  36|0x00000000c2400000, 0x00000000c2400000, 0x00000000c2500000|  0%| F|  |TAMS 0x00000000c2400000, 0x00000000c2400000| Untracked 
|  37|0x00000000c2500000, 0x00000000c2500000, 0x00000000c2600000|  0%| F|  |TAMS 0x00000000c2500000, 0x00000000c2500000| Untracked 
|  38|0x00000000c2600000, 0x00000000c26ffff8, 0x00000000c2700000| 99%| O|  |TAMS 0x00000000c26ffff8, 0x00000000c2600000| Untracked 
|  39|0x00000000c2700000, 0x00000000c2700000, 0x00000000c2800000|  0%| F|  |TAMS 0x00000000c2700000, 0x00000000c2700000| Untracked 
|  40|0x00000000c2800000, 0x00000000c2800000, 0x00000000c2900000|  0%| F|  |TAMS 0x00000000c2800000, 0x00000000c2800000| Untracked 
|  41|0x00000000c2900000, 0x00000000c2900000, 0x00000000c2a00000|  0%| F|  |TAMS 0x00000000c2900000, 0x00000000c2900000| Untracked 
|  42|0x00000000c2a00000, 0x00000000c2a00000, 0x00000000c2b00000|  0%| F|  |TAMS 0x00000000c2a00000, 0x00000000c2a00000| Untracked 
|  43|0x00000000c2b00000, 0x00000000c2b00000, 0x00000000c2c00000|  0%| F|  |TAMS 0x00000000c2b00000, 0x00000000c2b00000| Untracked 
|  44|0x00000000c2c00000, 0x00000000c2c00000, 0x00000000c2d00000|  0%| F|  |TAMS 0x00000000c2c00000, 0x00000000c2c00000| Untracked 
|  45|0x00000000c2d00000, 0x00000000c2d00000, 0x00000000c2e00000|  0%| F|  |TAMS 0x00000000c2d00000, 0x00000000c2d00000| Untracked 
|  46|0x00000000c2e00000, 0x00000000c2e00000, 0x00000000c2f00000|  0%| F|  |TAMS 0x00000000c2e00000, 0x00000000c2e00000| Untracked 
|  47|0x00000000c2f00000, 0x00000000c3000000, 0x00000000c3000000|100%|HS|  |TAMS 0x00000000c3000000, 0x00000000c2f00000| Untracked 
|  48|0x00000000c3000000, 0x00000000c3100000, 0x00000000c3100000|100%|HS|  |TAMS 0x00000000c3100000, 0x00000000c3000000| Untracked 
|  49|0x00000000c3100000, 0x00000000c3100000, 0x00000000c3200000|  0%| F|  |TAMS 0x00000000c3100000, 0x00000000c3100000| Untracked 
|  50|0x00000000c3200000, 0x00000000c3200000, 0x00000000c3300000|  0%| F|  |TAMS 0x00000000c3200000, 0x00000000c3200000| Untracked 
|  51|0x00000000c3300000, 0x00000000c3300000, 0x00000000c3400000|  0%| F|  |TAMS 0x00000000c3300000, 0x00000000c3300000| Untracked 
|  52|0x00000000c3400000, 0x00000000c3400000, 0x00000000c3500000|  0%| F|  |TAMS 0x00000000c3400000, 0x00000000c3400000| Untracked 
|  53|0x00000000c3500000, 0x00000000c3500000, 0x00000000c3600000|  0%| F|  |TAMS 0x00000000c3500000, 0x00000000c3500000| Untracked 
|  54|0x00000000c3600000, 0x00000000c3600000, 0x00000000c3700000|  0%| F|  |TAMS 0x00000000c3600000, 0x00000000c3600000| Untracked 
|  55|0x00000000c3700000, 0x00000000c3700000, 0x00000000c3800000|  0%| F|  |TAMS 0x00000000c3700000, 0x00000000c3700000| Untracked 
|  56|0x00000000c3800000, 0x00000000c3800000, 0x00000000c3900000|  0%| F|  |TAMS 0x00000000c3800000, 0x00000000c3800000| Untracked 
|  57|0x00000000c3900000, 0x00000000c3900000, 0x00000000c3a00000|  0%| F|  |TAMS 0x00000000c3900000, 0x00000000c3900000| Untracked 
|  58|0x00000000c3a00000, 0x00000000c3a00000, 0x00000000c3b00000|  0%| F|  |TAMS 0x00000000c3a00000, 0x00000000c3a00000| Untracked 
|  59|0x00000000c3b00000, 0x00000000c3b00000, 0x00000000c3c00000|  0%| F|  |TAMS 0x00000000c3b00000, 0x00000000c3b00000| Untracked 
|  60|0x00000000c3c00000, 0x00000000c3c00000, 0x00000000c3d00000|  0%| F|  |TAMS 0x00000000c3c00000, 0x00000000c3c00000| Untracked 
|  61|0x00000000c3d00000, 0x00000000c3d00000, 0x00000000c3e00000|  0%| F|  |TAMS 0x00000000c3d00000, 0x00000000c3d00000| Untracked 
|  62|0x00000000c3e00000, 0x00000000c3e00000, 0x00000000c3f00000|  0%| F|  |TAMS 0x00000000c3e00000, 0x00000000c3e00000| Untracked 
|  63|0x00000000c3f00000, 0x00000000c4000000, 0x00000000c4000000|100%| O|  |TAMS 0x00000000c4000000, 0x00000000c3f00000| Untracked 
|  64|0x00000000c4000000, 0x00000000c4000000, 0x00000000c4100000|  0%| F|  |TAMS 0x00000000c4000000, 0x00000000c4000000| Untracked 
|  65|0x00000000c4100000, 0x00000000c4100000, 0x00000000c4200000|  0%| F|  |TAMS 0x00000000c4100000, 0x00000000c4100000| Untracked 
|  66|0x00000000c4200000, 0x00000000c4200000, 0x00000000c4300000|  0%| F|  |TAMS 0x00000000c4200000, 0x00000000c4200000| Untracked 
|  67|0x00000000c4300000, 0x00000000c4300000, 0x00000000c4400000|  0%| F|  |TAMS 0x00000000c4300000, 0x00000000c4300000| Untracked 
|  68|0x00000000c4400000, 0x00000000c4400000, 0x00000000c4500000|  0%| F|  |TAMS 0x00000000c4400000, 0x00000000c4400000| Untracked 
|  69|0x00000000c4500000, 0x00000000c4500000, 0x00000000c4600000|  0%| F|  |TAMS 0x00000000c4500000, 0x00000000c4500000| Untracked 
|  70|0x00000000c4600000, 0x00000000c4600000, 0x00000000c4700000|  0%| F|  |TAMS 0x00000000c4600000, 0x00000000c4600000| Untracked 
|  71|0x00000000c4700000, 0x00000000c4700000, 0x00000000c4800000|  0%| F|  |TAMS 0x00000000c4700000, 0x00000000c4700000| Untracked 
|  72|0x00000000c4800000, 0x00000000c4800000, 0x00000000c4900000|  0%| F|  |TAMS 0x00000000c4800000, 0x00000000c4800000| Untracked 
|  73|0x00000000c4900000, 0x00000000c4900000, 0x00000000c4a00000|  0%| F|  |TAMS 0x00000000c4900000, 0x00000000c4900000| Untracked 
|  74|0x00000000c4a00000, 0x00000000c4a00000, 0x00000000c4b00000|  0%| F|  |TAMS 0x00000000c4a00000, 0x00000000c4a00000| Untracked 
|  75|0x00000000c4b00000, 0x00000000c4b00000, 0x00000000c4c00000|  0%| F|  |TAMS 0x00000000c4b00000, 0x00000000c4b00000| Untracked 
|  76|0x00000000c4c00000, 0x00000000c4c00000, 0x00000000c4d00000|  0%| F|  |TAMS 0x00000000c4c00000, 0x00000000c4c00000| Untracked 
|  77|0x00000000c4d00000, 0x00000000c4d00000, 0x00000000c4e00000|  0%| F|  |TAMS 0x00000000c4d00000, 0x00000000c4d00000| Untracked 
|  78|0x00000000c4e00000, 0x00000000c4e00000, 0x00000000c4f00000|  0%| F|  |TAMS 0x00000000c4e00000, 0x00000000c4e00000| Untracked 
|  79|0x00000000c4f00000, 0x00000000c4f00000, 0x00000000c5000000|  0%| F|  |TAMS 0x00000000c4f00000, 0x00000000c4f00000| Untracked 
|  80|0x00000000c5000000, 0x00000000c5000000, 0x00000000c5100000|  0%| F|  |TAMS 0x00000000c5000000, 0x00000000c5000000| Untracked 
|  81|0x00000000c5100000, 0x00000000c5100000, 0x00000000c5200000|  0%| F|  |TAMS 0x00000000c5100000, 0x00000000c5100000| Untracked 
|  82|0x00000000c5200000, 0x00000000c5200000, 0x00000000c5300000|  0%| F|  |TAMS 0x00000000c5200000, 0x00000000c5200000| Untracked 
|  83|0x00000000c5300000, 0x00000000c5300000, 0x00000000c5400000|  0%| F|  |TAMS 0x00000000c5300000, 0x00000000c5300000| Untracked 
|  84|0x00000000c5400000, 0x00000000c5400000, 0x00000000c5500000|  0%| F|  |TAMS 0x00000000c5400000, 0x00000000c5400000| Untracked 
|  85|0x00000000c5500000, 0x00000000c5500000, 0x00000000c5600000|  0%| F|  |TAMS 0x00000000c5500000, 0x00000000c5500000| Untracked 
|  86|0x00000000c5600000, 0x00000000c5600000, 0x00000000c5700000|  0%| F|  |TAMS 0x00000000c5600000, 0x00000000c5600000| Untracked 
|  87|0x00000000c5700000, 0x00000000c5700000, 0x00000000c5800000|  0%| F|  |TAMS 0x00000000c5700000, 0x00000000c5700000| Untracked 
|  88|0x00000000c5800000, 0x00000000c5800000, 0x00000000c5900000|  0%| F|  |TAMS 0x00000000c5800000, 0x00000000c5800000| Untracked 
|  89|0x00000000c5900000, 0x00000000c5900000, 0x00000000c5a00000|  0%| F|  |TAMS 0x00000000c5900000, 0x00000000c5900000| Untracked 
|  90|0x00000000c5a00000, 0x00000000c5a00000, 0x00000000c5b00000|  0%| F|  |TAMS 0x00000000c5a00000, 0x00000000c5a00000| Untracked 
|  91|0x00000000c5b00000, 0x00000000c5b00000, 0x00000000c5c00000|  0%| F|  |TAMS 0x00000000c5b00000, 0x00000000c5b00000| Untracked 
|  92|0x00000000c5c00000, 0x00000000c5c00000, 0x00000000c5d00000|  0%| F|  |TAMS 0x00000000c5c00000, 0x00000000c5c00000| Untracked 
|  93|0x00000000c5d00000, 0x00000000c5d00000, 0x00000000c5e00000|  0%| F|  |TAMS 0x00000000c5d00000, 0x00000000c5d00000| Untracked 
|  94|0x00000000c5e00000, 0x00000000c5e00000, 0x00000000c5f00000|  0%| F|  |TAMS 0x00000000c5e00000, 0x00000000c5e00000| Untracked 
|  95|0x00000000c5f00000, 0x00000000c5f00000, 0x00000000c6000000|  0%| F|  |TAMS 0x00000000c5f00000, 0x00000000c5f00000| Untracked 
|  96|0x00000000c6000000, 0x00000000c6000000, 0x00000000c6100000|  0%| F|  |TAMS 0x00000000c6000000, 0x00000000c6000000| Untracked 
|  97|0x00000000c6100000, 0x00000000c6100000, 0x00000000c6200000|  0%| F|  |TAMS 0x00000000c6100000, 0x00000000c6100000| Untracked 
|  98|0x00000000c6200000, 0x00000000c6200000, 0x00000000c6300000|  0%| F|  |TAMS 0x00000000c6200000, 0x00000000c6200000| Untracked 
|  99|0x00000000c6300000, 0x00000000c6300000, 0x00000000c6400000|  0%| F|  |TAMS 0x00000000c6300000, 0x00000000c6300000| Untracked 
| 100|0x00000000c6400000, 0x00000000c6400000, 0x00000000c6500000|  0%| F|  |TAMS 0x00000000c6400000, 0x00000000c6400000| Untracked 
| 101|0x00000000c6500000, 0x00000000c6500000, 0x00000000c6600000|  0%| F|  |TAMS 0x00000000c6500000, 0x00000000c6500000| Untracked 
| 102|0x00000000c6600000, 0x00000000c6600000, 0x00000000c6700000|  0%| F|  |TAMS 0x00000000c6600000, 0x00000000c6600000| Untracked 
| 103|0x00000000c6700000, 0x00000000c6700000, 0x00000000c6800000|  0%| F|  |TAMS 0x00000000c6700000, 0x00000000c6700000| Untracked 
| 104|0x00000000c6800000, 0x00000000c6800000, 0x00000000c6900000|  0%| F|  |TAMS 0x00000000c6800000, 0x00000000c6800000| Untracked 
| 105|0x00000000c6900000, 0x00000000c6900000, 0x00000000c6a00000|  0%| F|  |TAMS 0x00000000c6900000, 0x00000000c6900000| Untracked 
| 106|0x00000000c6a00000, 0x00000000c6a00000, 0x00000000c6b00000|  0%| F|  |TAMS 0x00000000c6a00000, 0x00000000c6a00000| Untracked 
| 107|0x00000000c6b00000, 0x00000000c6b00000, 0x00000000c6c00000|  0%| F|  |TAMS 0x00000000c6b00000, 0x00000000c6b00000| Untracked 
| 108|0x00000000c6c00000, 0x00000000c6c00000, 0x00000000c6d00000|  0%| F|  |TAMS 0x00000000c6c00000, 0x00000000c6c00000| Untracked 
| 109|0x00000000c6d00000, 0x00000000c6d00000, 0x00000000c6e00000|  0%| F|  |TAMS 0x00000000c6d00000, 0x00000000c6d00000| Untracked 
| 110|0x00000000c6e00000, 0x00000000c6e00000, 0x00000000c6f00000|  0%| F|  |TAMS 0x00000000c6e00000, 0x00000000c6e00000| Untracked 
| 111|0x00000000c6f00000, 0x00000000c6f00000, 0x00000000c7000000|  0%| F|  |TAMS 0x00000000c6f00000, 0x00000000c6f00000| Untracked 
| 112|0x00000000c7000000, 0x00000000c7000000, 0x00000000c7100000|  0%| F|  |TAMS 0x00000000c7000000, 0x00000000c7000000| Untracked 
| 113|0x00000000c7100000, 0x00000000c7100000, 0x00000000c7200000|  0%| F|  |TAMS 0x00000000c7100000, 0x00000000c7100000| Untracked 
| 114|0x00000000c7200000, 0x00000000c7200000, 0x00000000c7300000|  0%| F|  |TAMS 0x00000000c7200000, 0x00000000c7200000| Untracked 
| 115|0x00000000c7300000, 0x00000000c7300000, 0x00000000c7400000|  0%| F|  |TAMS 0x00000000c7300000, 0x00000000c7300000| Untracked 
| 116|0x00000000c7400000, 0x00000000c7400000, 0x00000000c7500000|  0%| F|  |TAMS 0x00000000c7400000, 0x00000000c7400000| Untracked 
| 117|0x00000000c7500000, 0x00000000c7500000, 0x00000000c7600000|  0%| F|  |TAMS 0x00000000c7500000, 0x00000000c7500000| Untracked 
| 118|0x00000000c7600000, 0x00000000c7600000, 0x00000000c7700000|  0%| F|  |TAMS 0x00000000c7600000, 0x00000000c7600000| Untracked 
| 119|0x00000000c7700000, 0x00000000c7700000, 0x00000000c7800000|  0%| F|  |TAMS 0x00000000c7700000, 0x00000000c7700000| Untracked 
| 120|0x00000000c7800000, 0x00000000c7800000, 0x00000000c7900000|  0%| F|  |TAMS 0x00000000c7800000, 0x00000000c7800000| Untracked 
| 121|0x00000000c7900000, 0x00000000c7900000, 0x00000000c7a00000|  0%| F|  |TAMS 0x00000000c7900000, 0x00000000c7900000| Untracked 
| 122|0x00000000c7a00000, 0x00000000c7a00000, 0x00000000c7b00000|  0%| F|  |TAMS 0x00000000c7a00000, 0x00000000c7a00000| Untracked 
| 123|0x00000000c7b00000, 0x00000000c7b00000, 0x00000000c7c00000|  0%| F|  |TAMS 0x00000000c7b00000, 0x00000000c7b00000| Untracked 
| 124|0x00000000c7c00000, 0x00000000c7c02338, 0x00000000c7d00000|  0%| O|  |TAMS 0x00000000c7c00000, 0x00000000c7c00000| Untracked 
| 125|0x00000000c7d00000, 0x00000000c7d00000, 0x00000000c7e00000|  0%| F|  |TAMS 0x00000000c7d00000, 0x00000000c7d00000| Untracked 
| 126|0x00000000c7e00000, 0x00000000c7e00000, 0x00000000c7f00000|  0%| F|  |TAMS 0x00000000c7e00000, 0x00000000c7e00000| Untracked 
| 127|0x00000000c7f00000, 0x00000000c7f00000, 0x00000000c8000000|  0%| F|  |TAMS 0x00000000c7f00000, 0x00000000c7f00000| Untracked 
| 128|0x00000000c8000000, 0x00000000c8000000, 0x00000000c8100000|  0%| F|  |TAMS 0x00000000c8000000, 0x00000000c8000000| Untracked 
| 129|0x00000000c8100000, 0x00000000c8126b58, 0x00000000c8200000| 15%| E|  |TAMS 0x00000000c8100000, 0x00000000c8100000| Complete 

Card table byte_map: [0x000001a0428d0000,0x000001a042ad0000] _byte_map_base: 0x000001a0422d0000

Marking Bits (Prev, Next): (CMBitMap*) 0x000001a03cc83210, (CMBitMap*) 0x000001a03cc83250
 Prev Bits: [0x000001a042cd0000, 0x000001a043cd0000)
 Next Bits: [0x000001a043cd0000, 0x000001a044cd0000)

Polling page: 0x000001a03ab60000

Metaspace:

Usage:
  Non-class:     52.96 MB used.
      Class:      8.59 MB used.
       Both:     61.54 MB used.

Virtual space:
  Non-class space:       56.00 MB reserved,      53.38 MB ( 95%) committed,  7 nodes.
      Class space:        1.00 GB reserved,       8.88 MB ( <1%) committed,  1 nodes.
             Both:        1.05 GB reserved,      62.25 MB (  6%) committed. 

Chunk freelists:
   Non-Class:  2.61 MB
       Class:  3.24 MB
        Both:  5.85 MB

MaxMetaspaceSize: unlimited
CompressedClassSpaceSize: 1.00 GB
Initial GC threshold: 21.00 MB
Current GC threshold: 103.75 MB
CDS: off
MetaspaceReclaimPolicy: balanced
 - commit_granule_bytes: 65536.
 - commit_granule_words: 8192.
 - virtual_space_node_default_size: 1048576.
 - enlarge_chunks_in_place: 1.
 - new_chunks_are_fully_committed: 0.
 - uncommit_free_chunks: 1.
 - use_allocation_guard: 0.
 - handle_deallocations: 1.


Internal statistics:

num_allocs_failed_limit: 6.
num_arena_births: 634.
num_arena_deaths: 186.
num_vsnodes_births: 8.
num_vsnodes_deaths: 0.
num_space_committed: 996.
num_space_uncommitted: 0.
num_chunks_returned_to_freelist: 232.
num_chunks_taken_from_freelist: 2623.
num_chunk_merges: 72.
num_chunk_splits: 1843.
num_chunks_enlarged: 1409.
num_purges: 14.
num_inconsistent_stats: 0.

CodeCache: size=49152Kb used=15982Kb max_used=16736Kb free=33169Kb
 bounds [0x000001a03f8d0000, 0x000001a040930000, 0x000001a0428d0000]
 total_blobs=9580 nmethods=8935 adapters=571
 compilation: enabled
              stopped_count=0, restarted_count=0
 full_count=0

Compilation events (20 events):
Event: 878.686 Thread 0x000001a0471cb1c0 9035       1       java.util.concurrent.ScheduledThreadPoolExecutor::reExecutePeriodic (49 bytes)
Event: 878.686 Thread 0x000001a0471cb1c0 nmethod 9035 0x000001a03ff77910 code [0x000001a03ff77b00, 0x000001a03ff77d48]
Event: 888.386 Thread 0x000001a0471cb1c0 9036       1       java.lang.Math::floorDiv (7 bytes)
Event: 888.386 Thread 0x000001a0471cb1c0 nmethod 9036 0x000001a03ff77590 code [0x000001a03ff77720, 0x000001a03ff77838]
Event: 888.386 Thread 0x000001a0471cb1c0 9037       1       java.lang.Math::floorMod (8 bytes)
Event: 888.387 Thread 0x000001a0471cb1c0 nmethod 9037 0x000001a03ffa3510 code [0x000001a03ffa36a0, 0x000001a03ffa37b8]
Event: 888.387 Thread 0x000001a0471cb1c0 9038       1       com.google.gson.TypeAdapter$1::write (22 bytes)
Event: 888.388 Thread 0x000001a0471cb1c0 nmethod 9038 0x000001a03ffa3110 code [0x000001a03ffa32c0, 0x000001a03ffa33f8]
Event: 888.389 Thread 0x000001a0471cb1c0 9039       1       org.eclipse.lsp4j.WorkspaceSymbolParams::getQuery (5 bytes)
Event: 888.389 Thread 0x000001a0471cb1c0 nmethod 9039 0x000001a03ffa2e10 code [0x000001a03ffa2fa0, 0x000001a03ffa3078]
Event: 933.257 Thread 0x000001a0471cb1c0 9040       1       java.lang.invoke.VarHandleGuards::guard_LII_Z (86 bytes)
Event: 933.265 Thread 0x000001a0471cb1c0 nmethod 9040 0x000001a03fc41010 code [0x000001a03fc412a0, 0x000001a03fc41d28]
Event: 933.265 Thread 0x000001a0471cb1c0 9041       1       java.lang.invoke.VarHandleInts$FieldInstanceReadWrite::compareAndSet (32 bytes)
Event: 933.265 Thread 0x000001a0471cb1c0 nmethod 9041 0x000001a03ff73b90 code [0x000001a03ff73d40, 0x000001a03ff73fe8]
Event: 933.265 Thread 0x000001a0471cb1c0 9042   !   1       com.google.gson.Gson::toJson (158 bytes)
Event: 933.270 Thread 0x000001a0471cb1c0 nmethod 9042 0x000001a03fcb2610 code [0x000001a03fcb2860, 0x000001a03fcb30d8]
Event: 972.232 Thread 0x000001a0471cb1c0 9044   !   1       java.lang.String::lookupCharset (20 bytes)
Event: 972.234 Thread 0x000001a0471cb1c0 nmethod 9044 0x000001a03ff73210 code [0x000001a03ff733e0, 0x000001a03ff736f8]
Event: 972.256 Thread 0x000001a0471cb1c0 9045       1       ch.qos.logback.classic.Level::toString (5 bytes)
Event: 972.258 Thread 0x000001a0471cb1c0 nmethod 9045 0x000001a040416e90 code [0x000001a040417020, 0x000001a0404170f8]

GC Heap History (20 events):
Event: 785.306 GC heap before
{Heap before GC invocations=110 (full 50):
 garbage-first heap   total 133120K, used 38653K [0x00000000c0000000, 0x0000000100000000)
  region size 1024K, 1 young (1024K), 0 survivors (0K)
 Metaspace       used 63017K, committed 63744K, reserved 1105920K
  class space    used 8792K, committed 9088K, reserved 1048576K
}
Event: 785.357 GC heap after
{Heap after GC invocations=111 (full 51):
 garbage-first heap   total 133120K, used 38653K [0x00000000c0000000, 0x0000000100000000)
  region size 1024K, 0 young (0K), 0 survivors (0K)
 Metaspace       used 63017K, committed 63744K, reserved 1105920K
  class space    used 8792K, committed 9088K, reserved 1048576K
}
Event: 795.545 GC heap before
{Heap before GC invocations=111 (full 51):
 garbage-first heap   total 133120K, used 38653K [0x00000000c0000000, 0x0000000100000000)
  region size 1024K, 1 young (1024K), 0 survivors (0K)
 Metaspace       used 63017K, committed 63744K, reserved 1105920K
  class space    used 8792K, committed 9088K, reserved 1048576K
}
Event: 795.595 GC heap after
{Heap after GC invocations=112 (full 52):
 garbage-first heap   total 133120K, used 38653K [0x00000000c0000000, 0x0000000100000000)
  region size 1024K, 0 young (0K), 0 survivors (0K)
 Metaspace       used 63017K, committed 63744K, reserved 1105920K
  class space    used 8792K, committed 9088K, reserved 1048576K
}
Event: 806.138 GC heap before
{Heap before GC invocations=112 (full 52):
 garbage-first heap   total 133120K, used 38653K [0x00000000c0000000, 0x0000000100000000)
  region size 1024K, 1 young (1024K), 0 survivors (0K)
 Metaspace       used 63017K, committed 63744K, reserved 1105920K
  class space    used 8792K, committed 9088K, reserved 1048576K
}
Event: 806.194 GC heap after
{Heap after GC invocations=113 (full 53):
 garbage-first heap   total 133120K, used 38653K [0x00000000c0000000, 0x0000000100000000)
  region size 1024K, 0 young (0K), 0 survivors (0K)
 Metaspace       used 63017K, committed 63744K, reserved 1105920K
  class space    used 8792K, committed 9088K, reserved 1048576K
}
Event: 846.464 GC heap before
{Heap before GC invocations=113 (full 53):
 garbage-first heap   total 133120K, used 38653K [0x00000000c0000000, 0x0000000100000000)
  region size 1024K, 1 young (1024K), 0 survivors (0K)
 Metaspace       used 63017K, committed 63744K, reserved 1105920K
  class space    used 8792K, committed 9088K, reserved 1048576K
}
Event: 846.518 GC heap after
{Heap after GC invocations=114 (full 54):
 garbage-first heap   total 133120K, used 38653K [0x00000000c0000000, 0x0000000100000000)
  region size 1024K, 0 young (0K), 0 survivors (0K)
 Metaspace       used 63017K, committed 63744K, reserved 1105920K
  class space    used 8792K, committed 9088K, reserved 1048576K
}
Event: 856.778 GC heap before
{Heap before GC invocations=114 (full 54):
 garbage-first heap   total 133120K, used 38653K [0x00000000c0000000, 0x0000000100000000)
  region size 1024K, 1 young (1024K), 0 survivors (0K)
 Metaspace       used 63017K, committed 63744K, reserved 1105920K
  class space    used 8792K, committed 9088K, reserved 1048576K
}
Event: 856.830 GC heap after
{Heap after GC invocations=115 (full 55):
 garbage-first heap   total 133120K, used 38653K [0x00000000c0000000, 0x0000000100000000)
  region size 1024K, 0 young (0K), 0 survivors (0K)
 Metaspace       used 63017K, committed 63744K, reserved 1105920K
  class space    used 8792K, committed 9088K, reserved 1048576K
}
Event: 867.204 GC heap before
{Heap before GC invocations=115 (full 55):
 garbage-first heap   total 133120K, used 38653K [0x00000000c0000000, 0x0000000100000000)
  region size 1024K, 1 young (1024K), 0 survivors (0K)
 Metaspace       used 63017K, committed 63744K, reserved 1105920K
  class space    used 8792K, committed 9088K, reserved 1048576K
}
Event: 867.258 GC heap after
{Heap after GC invocations=116 (full 56):
 garbage-first heap   total 133120K, used 38653K [0x00000000c0000000, 0x0000000100000000)
  region size 1024K, 0 young (0K), 0 survivors (0K)
 Metaspace       used 63017K, committed 63744K, reserved 1105920K
  class space    used 8792K, committed 9088K, reserved 1048576K
}
Event: 878.633 GC heap before
{Heap before GC invocations=116 (full 56):
 garbage-first heap   total 133120K, used 38653K [0x00000000c0000000, 0x0000000100000000)
  region size 1024K, 1 young (1024K), 0 survivors (0K)
 Metaspace       used 63017K, committed 63744K, reserved 1105920K
  class space    used 8792K, committed 9088K, reserved 1048576K
}
Event: 878.685 GC heap after
{Heap after GC invocations=117 (full 57):
 garbage-first heap   total 133120K, used 38653K [0x00000000c0000000, 0x0000000100000000)
  region size 1024K, 0 young (0K), 0 survivors (0K)
 Metaspace       used 63017K, committed 63744K, reserved 1105920K
  class space    used 8792K, committed 9088K, reserved 1048576K
}
Event: 919.587 GC heap before
{Heap before GC invocations=117 (full 57):
 garbage-first heap   total 133120K, used 38653K [0x00000000c0000000, 0x0000000100000000)
  region size 1024K, 1 young (1024K), 0 survivors (0K)
 Metaspace       used 63017K, committed 63744K, reserved 1105920K
  class space    used 8792K, committed 9088K, reserved 1048576K
}
Event: 919.643 GC heap after
{Heap after GC invocations=118 (full 58):
 garbage-first heap   total 133120K, used 38653K [0x00000000c0000000, 0x0000000100000000)
  region size 1024K, 0 young (0K), 0 survivors (0K)
 Metaspace       used 63017K, committed 63744K, reserved 1105920K
  class space    used 8792K, committed 9088K, reserved 1048576K
}
Event: 931.967 GC heap before
{Heap before GC invocations=118 (full 58):
 garbage-first heap   total 133120K, used 38653K [0x00000000c0000000, 0x0000000100000000)
  region size 1024K, 1 young (1024K), 0 survivors (0K)
 Metaspace       used 63017K, committed 63744K, reserved 1105920K
  class space    used 8792K, committed 9088K, reserved 1048576K
}
Event: 932.021 GC heap after
{Heap after GC invocations=119 (full 59):
 garbage-first heap   total 133120K, used 38653K [0x00000000c0000000, 0x0000000100000000)
  region size 1024K, 0 young (0K), 0 survivors (0K)
 Metaspace       used 63017K, committed 63744K, reserved 1105920K
  class space    used 8792K, committed 9088K, reserved 1048576K
}
Event: 973.378 GC heap before
{Heap before GC invocations=119 (full 59):
 garbage-first heap   total 133120K, used 38653K [0x00000000c0000000, 0x0000000100000000)
  region size 1024K, 1 young (1024K), 0 survivors (0K)
 Metaspace       used 63018K, committed 63744K, reserved 1105920K
  class space    used 8792K, committed 9088K, reserved 1048576K
}
Event: 973.432 GC heap after
{Heap after GC invocations=120 (full 60):
 garbage-first heap   total 133120K, used 38653K [0x00000000c0000000, 0x0000000100000000)
  region size 1024K, 0 young (0K), 0 survivors (0K)
 Metaspace       used 63018K, committed 63744K, reserved 1105920K
  class space    used 8792K, committed 9088K, reserved 1048576K
}

Dll operation events (10 events):
Event: 0.137 Loaded shared library c:\Users\BULee\.vscode\extensions\redhat.java-1.16.0-win32-x64\jre\17.0.6-win32-x86_64\bin\java.dll
Event: 1.410 Loaded shared library C:\Users\BULee\.vscode\extensions\redhat.java-1.16.0-win32-x64\jre\17.0.6-win32-x86_64\bin\net.dll
Event: 1.420 Loaded shared library C:\Users\BULee\.vscode\extensions\redhat.java-1.16.0-win32-x64\jre\17.0.6-win32-x86_64\bin\nio.dll
Event: 1.503 Loaded shared library C:\Users\BULee\.vscode\extensions\redhat.java-1.16.0-win32-x64\jre\17.0.6-win32-x86_64\bin\zip.dll
Event: 2.128 Loaded shared library C:\Users\BULee\.vscode\extensions\redhat.java-1.16.0-win32-x64\jre\17.0.6-win32-x86_64\bin\jimage.dll
Event: 10.438 Loaded shared library C:\Users\BULee\.vscode\extensions\redhat.java-1.16.0-win32-x64\jre\17.0.6-win32-x86_64\bin\management.dll
Event: 10.442 Loaded shared library C:\Users\BULee\.vscode\extensions\redhat.java-1.16.0-win32-x64\jre\17.0.6-win32-x86_64\bin\management_ext.dll
Event: 15.298 Loaded shared library C:\Users\BULee\.vscode\extensions\redhat.java-1.16.0-win32-x64\jre\17.0.6-win32-x86_64\bin\sunmscapi.dll
Event: 30.175 Loaded shared library c:\Users\BULee\.vscode\extensions\redhat.java-1.16.0-win32-x64\jre\17.0.6-win32-x86_64\bin\verify.dll
Event: 37.650 Loaded shared library C:\Users\BULee\AppData\Local\Temp\snappy-1.1.8-d2406cf8-b70c-4215-9826-0d49be2cedd8-snappyjava.dll

Deoptimization events (20 events):
Event: 32.023 Thread 0x000001a04a0b24f0 DEOPT PACKING pc=0x000001a0404aaa24 sp=0x0000004ebc9fe0f0
Event: 32.023 Thread 0x000001a04a0b24f0 DEOPT UNPACKING pc=0x000001a03f927143 sp=0x0000004ebc9fd670 mode 0
Event: 32.027 Thread 0x000001a04a0b24f0 DEOPT PACKING pc=0x000001a0405d882c sp=0x0000004ebc9fe410
Event: 32.027 Thread 0x000001a04a0b24f0 DEOPT UNPACKING pc=0x000001a03f927143 sp=0x0000004ebc9fd8a0 mode 0
Event: 34.396 Thread 0x000001a04bbab080 DEOPT PACKING pc=0x000001a03fa09bec sp=0x0000004ebcafe640
Event: 34.396 Thread 0x000001a04bbab080 DEOPT UNPACKING pc=0x000001a03f927143 sp=0x0000004ebcafdba8 mode 0
Event: 37.101 Thread 0x000001a04bbab080 DEOPT PACKING pc=0x000001a0406830ac sp=0x0000004ebcafe0a0
Event: 37.101 Thread 0x000001a04bbab080 DEOPT UNPACKING pc=0x000001a03f927143 sp=0x0000004ebcafd638 mode 0
Event: 37.167 Thread 0x000001a04bbab080 DEOPT PACKING pc=0x000001a0406a890c sp=0x0000004ebcafdaf0
Event: 37.167 Thread 0x000001a04bbab080 DEOPT UNPACKING pc=0x000001a03f927143 sp=0x0000004ebcafd038 mode 0
Event: 37.196 Thread 0x000001a04bbab080 DEOPT PACKING pc=0x000001a0406a896c sp=0x0000004ebcafde20
Event: 37.196 Thread 0x000001a04bbab080 DEOPT UNPACKING pc=0x000001a03f927143 sp=0x0000004ebcafd370 mode 0
Event: 37.197 Thread 0x000001a04bbab080 DEOPT PACKING pc=0x000001a0406a896c sp=0x0000004ebcafe0b0
Event: 37.197 Thread 0x000001a04bbab080 DEOPT UNPACKING pc=0x000001a03f927143 sp=0x0000004ebcafd600 mode 0
Event: 37.199 Thread 0x000001a04bbab080 DEOPT PACKING pc=0x000001a0406a896c sp=0x0000004ebcafe3e0
Event: 37.199 Thread 0x000001a04bbab080 DEOPT UNPACKING pc=0x000001a03f927143 sp=0x0000004ebcafd930 mode 0
Event: 37.199 Thread 0x000001a04bbab080 DEOPT PACKING pc=0x000001a0406a896c sp=0x0000004ebcafe6e0
Event: 37.199 Thread 0x000001a04bbab080 DEOPT UNPACKING pc=0x000001a03f927143 sp=0x0000004ebcafdc30 mode 0
Event: 368.412 Thread 0x000001a048accda0 DEOPT PACKING pc=0x000001a03fe58dd4 sp=0x0000004ebc7fef30
Event: 368.412 Thread 0x000001a048accda0 DEOPT UNPACKING pc=0x000001a03f927143 sp=0x0000004ebc7fe3d8 mode 0

Classes unloaded (20 events):
Event: 163.815 Thread 0x000001a04713b560 Unloading class 0x00000001008d1800 'java/lang/invoke/LambdaForm$MH+0x00000001008d1800'
Event: 163.815 Thread 0x000001a04713b560 Unloading class 0x00000001008d1400 'java/lang/invoke/LambdaForm$MH+0x00000001008d1400'
Event: 163.815 Thread 0x000001a04713b560 Unloading class 0x00000001008d1000 'java/lang/invoke/LambdaForm$MH+0x00000001008d1000'
Event: 163.815 Thread 0x000001a04713b560 Unloading class 0x00000001008d0c00 'java/lang/invoke/LambdaForm$MH+0x00000001008d0c00'
Event: 163.815 Thread 0x000001a04713b560 Unloading class 0x00000001008d0800 'java/lang/invoke/LambdaForm$MH+0x00000001008d0800'
Event: 163.815 Thread 0x000001a04713b560 Unloading class 0x00000001008d0400 'java/lang/invoke/LambdaForm$MH+0x00000001008d0400'
Event: 163.815 Thread 0x000001a04713b560 Unloading class 0x00000001008d0000 'java/lang/invoke/LambdaForm$MH+0x00000001008d0000'
Event: 163.816 Thread 0x000001a04713b560 Unloading class 0x0000000100398400 'java/lang/invoke/LambdaForm$MH+0x0000000100398400'
Event: 163.816 Thread 0x000001a04713b560 Unloading class 0x0000000100355400 'java/lang/invoke/LambdaForm$MH+0x0000000100355400'
Event: 163.816 Thread 0x000001a04713b560 Unloading class 0x0000000100355000 'java/lang/invoke/LambdaForm$MH+0x0000000100355000'
Event: 163.816 Thread 0x000001a04713b560 Unloading class 0x000000010008b800 'java/lang/invoke/LambdaForm$MH+0x000000010008b800'
Event: 163.816 Thread 0x000001a04713b560 Unloading class 0x000000010008b400 'java/lang/invoke/LambdaForm$MH+0x000000010008b400'
Event: 163.816 Thread 0x000001a04713b560 Unloading class 0x000000010008b000 'java/lang/invoke/LambdaForm$MH+0x000000010008b000'
Event: 163.816 Thread 0x000001a04713b560 Unloading class 0x000000010008ac00 'java/lang/invoke/LambdaForm$MH+0x000000010008ac00'
Event: 163.816 Thread 0x000001a04713b560 Unloading class 0x000000010008a800 'java/lang/invoke/LambdaForm$MH+0x000000010008a800'
Event: 163.816 Thread 0x000001a04713b560 Unloading class 0x000000010008a400 'java/lang/invoke/LambdaForm$MH+0x000000010008a400'
Event: 163.816 Thread 0x000001a04713b560 Unloading class 0x0000000100088400 'java/lang/invoke/LambdaForm$MH+0x0000000100088400'
Event: 486.377 Thread 0x000001a04713b560 Unloading class 0x000000010008a400 'java/lang/invoke/LambdaForm$MH+0x000000010008a400'
Event: 486.377 Thread 0x000001a04713b560 Unloading class 0x000000010008b800 'java/lang/invoke/LambdaForm$MH+0x000000010008b800'
Event: 486.377 Thread 0x000001a04713b560 Unloading class 0x0000000100398400 'java/lang/invoke/LambdaForm$MH+0x0000000100398400'

Classes redefined (0 events):
No events

Internal exceptions (20 events):
Event: 41.892 Thread 0x000001a04bbab080 Exception <a 'sun/nio/fs/WindowsException'{0x00000000dbfa5730}> (0x00000000dbfa5730) 
thrown [s\src\hotspot\share\prims\jni.cpp, line 516]
Event: 41.892 Thread 0x000001a04bbab080 Exception <a 'sun/nio/fs/WindowsException'{0x00000000dbfa5a20}> (0x00000000dbfa5a20) 
thrown [s\src\hotspot\share\prims\jni.cpp, line 516]
Event: 41.896 Thread 0x000001a04bbab080 Exception <a 'sun/nio/fs/WindowsException'{0x00000000dbfd4460}> (0x00000000dbfd4460) 
thrown [s\src\hotspot\share\prims\jni.cpp, line 516]
Event: 41.896 Thread 0x000001a04bbab080 Exception <a 'sun/nio/fs/WindowsException'{0x00000000dbfd4718}> (0x00000000dbfd4718) 
thrown [s\src\hotspot\share\prims\jni.cpp, line 516]
Event: 41.896 Thread 0x000001a04bbab080 Exception <a 'sun/nio/fs/WindowsException'{0x00000000dbfd55c8}> (0x00000000dbfd55c8) 
thrown [s\src\hotspot\share\prims\jni.cpp, line 516]
Event: 41.896 Thread 0x000001a04bbab080 Exception <a 'sun/nio/fs/WindowsException'{0x00000000dbfd5898}> (0x00000000dbfd5898) 
thrown [s\src\hotspot\share\prims\jni.cpp, line 516]
Event: 41.898 Thread 0x000001a04bbab080 Exception <a 'sun/nio/fs/WindowsException'{0x00000000dbff57f8}> (0x00000000dbff57f8) 
thrown [s\src\hotspot\share\prims\jni.cpp, line 516]
Event: 41.898 Thread 0x000001a04bbab080 Exception <a 'sun/nio/fs/WindowsException'{0x00000000dbff5aa8}> (0x00000000dbff5aa8) 
thrown [s\src\hotspot\share\prims\jni.cpp, line 516]
Event: 41.898 Thread 0x000001a04bbab080 Exception <a 'sun/nio/fs/WindowsException'{0x00000000dbff6940}> (0x00000000dbff6940) 
thrown [s\src\hotspot\share\prims\jni.cpp, line 516]
Event: 41.898 Thread 0x000001a04bbab080 Exception <a 'sun/nio/fs/WindowsException'{0x00000000dbff6c10}> (0x00000000dbff6c10) 
thrown [s\src\hotspot\share\prims\jni.cpp, line 516]
Event: 41.902 Thread 0x000001a04bbab080 Exception <a 'sun/nio/fs/WindowsException'{0x00000000dbe2abb0}> (0x00000000dbe2abb0) 
thrown [s\src\hotspot\share\prims\jni.cpp, line 516]
Event: 41.902 Thread 0x000001a04bbab080 Exception <a 'sun/nio/fs/WindowsException'{0x00000000dbe2ae80}> (0x00000000dbe2ae80) 
thrown [s\src\hotspot\share\prims\jni.cpp, line 516]
Event: 41.902 Thread 0x000001a04bbab080 Exception <a 'sun/nio/fs/WindowsException'{0x00000000dbe2c298}> (0x00000000dbe2c298) 
thrown [s\src\hotspot\share\prims\jni.cpp, line 516]
Event: 41.902 Thread 0x000001a04bbab080 Exception <a 'sun/nio/fs/WindowsException'{0x00000000dbe2c588}> (0x00000000dbe2c588) 
thrown [s\src\hotspot\share\prims\jni.cpp, line 516]
Event: 41.906 Thread 0x000001a04bbab080 Exception <a 'sun/nio/fs/WindowsException'{0x00000000dbe4f7d8}> (0x00000000dbe4f7d8) 
thrown [s\src\hotspot\share\prims\jni.cpp, line 516]
Event: 41.907 Thread 0x000001a04bbab080 Exception <a 'sun/nio/fs/WindowsException'{0x00000000dbe4faa0}> (0x00000000dbe4faa0) 
thrown [s\src\hotspot\share\prims\jni.cpp, line 516]
Event: 41.908 Thread 0x000001a04bbab080 Exception <a 'sun/nio/fs/WindowsException'{0x00000000dbe50ea8}> (0x00000000dbe50ea8) 
thrown [s\src\hotspot\share\prims\jni.cpp, line 516]
Event: 41.908 Thread 0x000001a04bbab080 Exception <a 'sun/nio/fs/WindowsException'{0x00000000dbe51190}> (0x00000000dbe51190) 
thrown [s\src\hotspot\share\prims\jni.cpp, line 516]
Event: 80.535 Thread 0x000001a049ec9420 Exception <a 'java/lang/NoSuchMethodError'{0x00000000dd682d28}: 'void java.lang.invoke.DirectMethodHandle$Holder.invokeStatic(java.lang.Object, long)'> (0x00000000dd682d28) 
thrown [s\src\hotspot\share\interpreter\linkResolver.cpp, line 759]
Event: 80.536 Thread 0x000001a049ec9420 Exception <a 'java/lang/NoSuchMethodError'{0x00000000dd6880d8}: 'java.lang.Object java.lang.invoke.DirectMethodHandle$Holder.newInvokeSpecial(java.lang.Object, long)'> (0x00000000dd6880d8) 
thrown [s\src\hotspot\share\interpreter\linkResolver.cpp, line 759]

VM Operations (20 events):
Event: 856.830 Executing VM operation: G1CollectFull done
Event: 867.204 Executing VM operation: G1CollectFull
Event: 867.258 Executing VM operation: G1CollectFull done
Event: 877.297 Executing VM operation: Cleanup
Event: 877.297 Executing VM operation: Cleanup done
Event: 878.632 Executing VM operation: G1CollectFull
Event: 878.686 Executing VM operation: G1CollectFull done
Event: 880.695 Executing VM operation: Cleanup
Event: 880.695 Executing VM operation: Cleanup done
Event: 888.721 Executing VM operation: Cleanup
Event: 888.721 Executing VM operation: Cleanup done
Event: 919.587 Executing VM operation: G1CollectFull
Event: 919.643 Executing VM operation: G1CollectFull done
Event: 931.967 Executing VM operation: G1CollectFull
Event: 932.021 Executing VM operation: G1CollectFull done
Event: 934.027 Executing VM operation: Cleanup
Event: 934.027 Executing VM operation: Cleanup done
Event: 973.378 Executing VM operation: G1CollectFull
Event: 973.432 Executing VM operation: G1CollectFull done
Event: 1005.489 Executing VM operation: G1CollectFull

Events (20 events):
Event: 368.418 Thread 0x000001a04bbaef10 Thread added: 0x000001a04bbaef10
Event: 368.521 Thread 0x000001a04bbaea40 Thread added: 0x000001a04bbaea40
Event: 368.529 Thread 0x000001a04bbb2400 Thread added: 0x000001a04bbb2400
Event: 368.533 Thread 0x000001a04bbab080 Thread added: 0x000001a04bbab080
Event: 368.578 Thread 0x000001a04bbb28d0 Thread added: 0x000001a04bbb28d0
Event: 428.584 Thread 0x000001a04bbaba20 Thread exited: 0x000001a04bbaba20
Event: 428.629 Thread 0x000001a04bbaef10 Thread exited: 0x000001a04bbaef10
Event: 428.674 Thread 0x000001a04bbaea40 Thread exited: 0x000001a04bbaea40
Event: 428.704 Thread 0x000001a04bbb2400 Thread exited: 0x000001a04bbb2400
Event: 429.392 Thread 0x000001a04bbab080 Thread exited: 0x000001a04bbab080
Event: 429.393 Thread 0x000001a04bbb28d0 Thread exited: 0x000001a04bbb28d0
Event: 437.663 Thread 0x000001a04bbadbd0 Thread added: 0x000001a04bbadbd0
Event: 497.675 Thread 0x000001a04bbadbd0 Thread exited: 0x000001a04bbadbd0
Event: 515.987 Thread 0x000001a04bbab080 Thread added: 0x000001a04bbab080
Event: 576.056 Thread 0x000001a04bbab080 Thread exited: 0x000001a04bbab080
Event: 659.453 Thread 0x000001a04bbabef0 Thread added: 0x000001a04bbabef0
Event: 802.648 Thread 0x000001a04bbabef0 Thread exited: 0x000001a04bbabef0
Event: 814.154 Thread 0x000001a04bbab080 Thread added: 0x000001a04bbab080
Event: 874.213 Thread 0x000001a04bbab080 Thread exited: 0x000001a04bbab080
Event: 888.387 Thread 0x000001a04bbafd80 Thread added: 0x000001a04bbafd80


Dynamic libraries:
0x00007ff6e6480000 - 0x00007ff6e648e000 	c:\Users\BULee\.vscode\extensions\redhat.java-1.16.0-win32-x64\jre\17.0.6-win32-x86_64\bin\java.exe
0x00007fff07d30000 - 0x00007fff07f28000 	C:\WINDOWS\SYSTEM32\ntdll.dll
0x00007fff078f0000 - 0x00007fff079af000 	C:\WINDOWS\System32\KERNEL32.DLL
0x00007fff05490000 - 0x00007fff05762000 	C:\WINDOWS\System32\KERNELBASE.dll
0x00007fff05850000 - 0x00007fff05950000 	C:\WINDOWS\System32\ucrtbase.dll
0x00007ffeff220000 - 0x00007ffeff237000 	c:\Users\BULee\.vscode\extensions\redhat.java-1.16.0-win32-x64\jre\17.0.6-win32-x86_64\bin\jli.dll
0x00007ffefea70000 - 0x00007ffefea89000 	c:\Users\BULee\.vscode\extensions\redhat.java-1.16.0-win32-x64\jre\17.0.6-win32-x86_64\bin\VCRUNTIME140.dll
0x00007fff06070000 - 0x00007fff06211000 	C:\WINDOWS\System32\USER32.dll
0x00007fff05770000 - 0x00007fff05792000 	C:\WINDOWS\System32\win32u.dll
0x00007fff062c0000 - 0x00007fff062eb000 	C:\WINDOWS\System32\GDI32.dll
0x00007fff05a60000 - 0x00007fff05b6f000 	C:\WINDOWS\System32\gdi32full.dll
0x00007fff05b70000 - 0x00007fff05c0d000 	C:\WINDOWS\System32\msvcp_win.dll
0x00007ffef2d00000 - 0x00007ffef2f9a000 	C:\WINDOWS\WinSxS\amd64_microsoft.windows.common-controls_6595b64144ccf1df_6.0.19041.1110_none_60b5254171f9507e\COMCTL32.dll
0x00007fff05fd0000 - 0x00007fff0606e000 	C:\WINDOWS\System32\msvcrt.dll
0x00007fff05d80000 - 0x00007fff05db2000 	C:\WINDOWS\System32\IMM32.DLL
0x00007fff00e50000 - 0x00007fff00e5c000 	c:\Users\BULee\.vscode\extensions\redhat.java-1.16.0-win32-x64\jre\17.0.6-win32-x86_64\bin\vcruntime140_1.dll
0x00007ffed9160000 - 0x00007ffed91f1000 	c:\Users\BULee\.vscode\extensions\redhat.java-1.16.0-win32-x64\jre\17.0.6-win32-x86_64\bin\msvcp140.dll
0x00007ffeb8600000 - 0x00007ffeb9247000 	c:\Users\BULee\.vscode\extensions\redhat.java-1.16.0-win32-x64\jre\17.0.6-win32-x86_64\bin\server\jvm.dll
0x00007fff07ac0000 - 0x00007fff07b6e000 	C:\WINDOWS\System32\ADVAPI32.dll
0x00007fff06220000 - 0x00007fff062bc000 	C:\WINDOWS\System32\sechost.dll
0x00007fff06970000 - 0x00007fff06a95000 	C:\WINDOWS\System32\RPCRT4.dll
0x00007ffeff180000 - 0x00007ffeff189000 	C:\WINDOWS\SYSTEM32\WSOCK32.dll
0x00007fff079b0000 - 0x00007fff07a1b000 	C:\WINDOWS\System32\WS2_32.dll
0x00007ffef49f0000 - 0x00007ffef4a17000 	C:\WINDOWS\SYSTEM32\WINMM.dll
0x00007ffef7420000 - 0x00007ffef742a000 	C:\WINDOWS\SYSTEM32\VERSION.dll
0x00007fff032e0000 - 0x00007fff032f2000 	C:\WINDOWS\SYSTEM32\kernel.appcore.dll
0x00007ffeff4f0000 - 0x00007ffeff4fa000 	c:\Users\BULee\.vscode\extensions\redhat.java-1.16.0-win32-x64\jre\17.0.6-win32-x86_64\bin\jimage.dll
0x00007ffef5230000 - 0x00007ffef5414000 	C:\WINDOWS\SYSTEM32\DBGHELP.DLL
0x00007ffef51b0000 - 0x00007ffef51e5000 	C:\WINDOWS\SYSTEM32\dbgcore.DLL
0x00007fff05980000 - 0x00007fff05a02000 	C:\WINDOWS\System32\bcryptPrimitives.dll
0x00007ffefd610000 - 0x00007ffefd635000 	c:\Users\BULee\.vscode\extensions\redhat.java-1.16.0-win32-x64\jre\17.0.6-win32-x86_64\bin\java.dll
0x00007ffefe740000 - 0x00007ffefe758000 	c:\Users\BULee\.vscode\extensions\redhat.java-1.16.0-win32-x64\jre\17.0.6-win32-x86_64\bin\zip.dll
0x00007fff06c00000 - 0x00007fff07345000 	C:\WINDOWS\System32\SHELL32.dll
0x00007fff034e0000 - 0x00007fff03c72000 	C:\WINDOWS\SYSTEM32\windows.storage.dll
0x00007fff06410000 - 0x00007fff06765000 	C:\WINDOWS\System32\combase.dll
0x00007fff04e80000 - 0x00007fff04eb0000 	C:\WINDOWS\SYSTEM32\Wldp.dll
0x00007fff07c40000 - 0x00007fff07ced000 	C:\WINDOWS\System32\SHCORE.dll
0x00007fff05dc0000 - 0x00007fff05e15000 	C:\WINDOWS\System32\shlwapi.dll
0x00007fff05360000 - 0x00007fff0537f000 	C:\WINDOWS\SYSTEM32\profapi.dll
0x0000000180000000 - 0x0000000180070000 	C:\WINDOWS\SysWOW64\T_Prevent64.dll
0x00007fff07350000 - 0x00007fff0747a000 	C:\WINDOWS\System32\ole32.dll
0x00007fff06aa0000 - 0x00007fff06b6d000 	C:\WINDOWS\System32\OLEAUT32.dll
0x00007fff05d70000 - 0x00007fff05d78000 	C:\WINDOWS\System32\PSAPI.DLL
0x00007ffeeef10000 - 0x00007ffeeefa8000 	C:\WINDOWS\SYSTEM32\WINSPOOL.DRV
0x00007ffeed210000 - 0x00007ffeed3b5000 	C:\WINDOWS\WinSxS\amd64_microsoft.windows.gdiplus_6595b64144ccf1df_1.1.19041.2251_none_91a40448cc8846c1\gdiplus.dll
0x000001a048000000 - 0x000001a048057000 	C:\WINDOWS\SysWOW64\TDCommonLib64.dll
0x00007ffefd8a0000 - 0x00007ffefd8b9000 	C:\Users\BULee\.vscode\extensions\redhat.java-1.16.0-win32-x64\jre\17.0.6-win32-x86_64\bin\net.dll
0x00007ffef6ea0000 - 0x00007ffef6fac000 	C:\WINDOWS\SYSTEM32\WINHTTP.dll
0x00007fff04b60000 - 0x00007fff04bca000 	C:\WINDOWS\system32\mswsock.dll
0x00007ffefd550000 - 0x00007ffefd565000 	C:\Users\BULee\.vscode\extensions\redhat.java-1.16.0-win32-x64\jre\17.0.6-win32-x86_64\bin\nio.dll
0x00007fff04d60000 - 0x00007fff04d78000 	C:\WINDOWS\SYSTEM32\CRYPTSP.dll
0x00007fff04420000 - 0x00007fff04454000 	C:\WINDOWS\system32\rsaenh.dll
0x00007fff05950000 - 0x00007fff05977000 	C:\WINDOWS\System32\bcrypt.dll
0x00007fff05320000 - 0x00007fff0534e000 	C:\WINDOWS\SYSTEM32\USERENV.dll
0x00007fff04d80000 - 0x00007fff04d8c000 	C:\WINDOWS\SYSTEM32\CRYPTBASE.dll
0x00007fff047f0000 - 0x00007fff0482b000 	C:\WINDOWS\SYSTEM32\IPHLPAPI.DLL
0x00007fff07c30000 - 0x00007fff07c38000 	C:\WINDOWS\System32\NSI.dll
0x00007ffef73b0000 - 0x00007ffef73c7000 	C:\WINDOWS\SYSTEM32\dhcpcsvc6.DLL
0x00007ffef74d0000 - 0x00007ffef74ed000 	C:\WINDOWS\SYSTEM32\dhcpcsvc.DLL
0x00007fff04830000 - 0x00007fff048fb000 	C:\WINDOWS\SYSTEM32\DNSAPI.dll
0x00007fff00f30000 - 0x00007fff00f39000 	C:\Users\BULee\.vscode\extensions\redhat.java-1.16.0-win32-x64\jre\17.0.6-win32-x86_64\bin\management.dll
0x00007fff00ee0000 - 0x00007fff00eeb000 	C:\Users\BULee\.vscode\extensions\redhat.java-1.16.0-win32-x64\jre\17.0.6-win32-x86_64\bin\management_ext.dll
0x00007fff00ed0000 - 0x00007fff00ede000 	C:\Users\BULee\.vscode\extensions\redhat.java-1.16.0-win32-x64\jre\17.0.6-win32-x86_64\bin\sunmscapi.dll
0x00007fff05c10000 - 0x00007fff05d66000 	C:\WINDOWS\System32\CRYPT32.dll
0x00007fff04ef0000 - 0x00007fff04f17000 	C:\WINDOWS\SYSTEM32\ncrypt.dll
0x00007fff04eb0000 - 0x00007fff04eeb000 	C:\WINDOWS\SYSTEM32\NTASN1.dll
0x00007ffef4800000 - 0x00007ffef480a000 	C:\Windows\System32\rasadhlp.dll
0x00007ffef4c10000 - 0x00007ffef4c90000 	C:\WINDOWS\System32\fwpuclnt.dll
0x00007ffeff1f0000 - 0x00007ffeff200000 	c:\Users\BULee\.vscode\extensions\redhat.java-1.16.0-win32-x64\jre\17.0.6-win32-x86_64\bin\verify.dll
0x000000006c500000 - 0x000000006c5c7000 	C:\Users\BULee\AppData\Local\Temp\snappy-1.1.8-d2406cf8-b70c-4215-9826-0d49be2cedd8-snappyjava.dll

dbghelp: loaded successfully - version: 4.0.5 - missing functions: none
symbol engine: initialized successfully - sym options: 0x614 - pdb path: .;c:\Users\BULee\.vscode\extensions\redhat.java-1.16.0-win32-x64\jre\17.0.6-win32-x86_64\bin;C:\WINDOWS\SYSTEM32;C:\WINDOWS\WinSxS\amd64_microsoft.windows.common-controls_6595b64144ccf1df_6.0.19041.1110_none_60b5254171f9507e;c:\Users\BULee\.vscode\extensions\redhat.java-1.16.0-win32-x64\jre\17.0.6-win32-x86_64\bin\server;C:\WINDOWS\SysWOW64;C:\WINDOWS\WinSxS\amd64_microsoft.windows.gdiplus_6595b64144ccf1df_1.1.19041.2251_none_91a40448cc8846c1;C:\Users\BULee\AppData\Local\Temp

VM Arguments:
jvm_args: -XX:+HeapDumpOnOutOfMemoryError -Xmx1024m -Dsts.lsp.client=vscode -Dsts.log.file=/dev/null -XX:TieredStopAtLevel=1 -Xlog:jni+resolve=off -Dspring.config.location=file:c:\Users\BULee\.vscode\extensions\vmware.vscode-spring-boot-1.45.0\language-server\BOOT-INF\classes\application.properties 
java_command: org.springframework.ide.vscode.boot.app.BootLanguageServerBootApp
java_class_path (initial): c:\Users\BULee\.vscode\extensions\vmware.vscode-spring-boot-1.45.0\language-server\BOOT-INF\classes;c:\Users\BULee\.vscode\extensions\vmware.vscode-spring-boot-1.45.0\language-server\BOOT-INF\lib\annotations-24.0.1.jar;c:\Users\BULee\.vscode\extensions\vmware.vscode-spring-boot-1.45.0\language-server\BOOT-INF\lib\ant-1.10.13.jar;c:\Users\BULee\.vscode\extensions\vmware.vscode-spring-boot-1.45.0\language-server\BOOT-INF\lib\ant-launcher-1.10.13.jar;c:\Users\BULee\.vscode\extensions\vmware.vscode-spring-boot-1.45.0\language-server\BOOT-INF\lib\antlr-runtime-3.5.3.jar;c:\Users\BULee\.vscode\extensions\vmware.vscode-spring-boot-1.45.0\language-server\BOOT-INF\lib\antlr4-4.11.1.jar;c:\Users\BULee\.vscode\extensions\vmware.vscode-spring-boot-1.45.0\language-server\BOOT-INF\lib\antlr4-runtime-4.11.1.jar;c:\Users\BULee\.vscode\extensions\vmware.vscode-spring-boot-1.45.0\language-server\BOOT-INF\lib\asm-9.4.jar;c:\Users\BULee\.vscode\extensions\vmware.vscode-spring-boot-1.45.0\language-server\BOOT-INF\lib\asm-analysis-9.4.jar;c:\Users\BULee\.vscode\extensions\vmware.vscode-spring-boot-1.45.0\language-server\BOOT-INF\lib\asm-tree-9.4.jar;c:\Users\BULee\.vscode\extensions\vmware.vscode-spring-boot-1.45.0\language-server\BOOT-INF\lib\asm-util-9.4.jar;c:\Users\BULee\.vscode\extensions\vmware.vscode-spring-boot-1.45.0\language-server\BOOT-INF\lib\caffeine-3.1.2.jar;c:\Users\BULee\.vscode\extensions\vmware.vscode-spring-boot-1.45.0\language-server\BOOT-INF\lib\checker-qual-3.12.0.jar;c:\Users\BULee\.vscode\extensions\vmware.vscode-spring-boot-1.45.0\language-server\BOOT-INF\lib\classgraph-4.8.149.jar;c:\Users\BULee\.vscode\extensions\vmware.vscode-spring-boot-1.45.0\language-server\BOOT-INF\lib\commons-codec-1.15.jar;c:\Users\BULee\.vscode\extensions\vmware.vscode-spring-boot-1.45.0\language-server\BOOT-INF\lib\commons-compress-1.22.jar;c:\Users\BULee\.vscode\extensions\vmware.vscode-spring-boot-1.45.0\language-server\BOOT-INF\lib\commons-io-2.4.jar;c:
Launcher Type: SUN_STANDARD

[Global flags]
     intx CICompilerCount                          = 3                                         {product} {ergonomic}
     uint ConcGCThreads                            = 1                                         {product} {ergonomic}
     uint G1ConcRefinementThreads                  = 4                                         {product} {ergonomic}
   size_t G1HeapRegionSize                         = 1048576                                   {product} {ergonomic}
    uintx GCDrainStackTargetSize                   = 64                                        {product} {ergonomic}
     bool HeapDumpOnOutOfMemoryError               = true                                   {manageable} {command line}
   size_t InitialHeapSize                          = 134217728                                 {product} {ergonomic}
   size_t MarkStackSize                            = 4194304                                   {product} {ergonomic}
   size_t MaxHeapSize                              = 1073741824                                {product} {command line}
   size_t MaxNewSize                               = 643825664                                 {product} {ergonomic}
   size_t MinHeapDeltaBytes                        = 1048576                                   {product} {ergonomic}
   size_t MinHeapSize                              = 8388608                                   {product} {ergonomic}
    uintx NonProfiledCodeHeapSize                  = 0                                      {pd product} {ergonomic}
     bool ProfileInterpreter                       = false                                  {pd product} {command line}
    uintx ProfiledCodeHeapSize                     = 0                                      {pd product} {ergonomic}
   size_t SoftMaxHeapSize                          = 1073741824                             {manageable} {ergonomic}
     intx TieredStopAtLevel                        = 1                                         {product} {command line}
     bool UseCompressedClassPointers               = true                           {product lp64_product} {ergonomic}
     bool UseCompressedOops                        = true                           {product lp64_product} {ergonomic}
     bool UseG1GC                                  = true                                      {product} {ergonomic}
     bool UseLargePagesIndividualAllocation        = false                                  {pd product} {ergonomic}

Logging:
Log output configuration:
 #0: stdout all=warning,jni+resolve=off uptime,level,tags
 #1: stderr all=off uptime,level,tags

Environment Variables:
JAVA_HOME=C:\pgms\jdk-11
PATH=C:\pgms\jdk-11\bin;C:\WINDOWS\system32;C:\WINDOWS;C:\WINDOWS\System32\Wbem;C:\WINDOWS\System32\WindowsPowerShell\v1.0\;C:\WINDOWS\System32\OpenSSH\;C:\pgms\gradle-7.6.1\bin;C:\Program Files\nodejs\;C:\Users\BULee\AppData\Local\Microsoft\WindowsApps;C:\Users\BULee\AppData\Local\Programs\Microsoft VS Code\bin;C:\Users\BULee\AppData\Roaming\npm
USERNAME=BULee
OS=Windows_NT
PROCESSOR_IDENTIFIER=Intel64 Family 6 Model 78 Stepping 3, GenuineIntel
TMP=C:\Users\BULee\AppData\Local\Temp
TEMP=C:\Users\BULee\AppData\Local\Temp



---------------  S Y S T E M  ---------------

OS:
 Windows 10 , 64 bit Build 19041 (10.0.19041.2546)
OS uptime: 9 days 20:02 hours

CPU: total 4 (initial active 4) (2 cores per cpu, 2 threads per core) family 6 model 78 stepping 3 microcode 0xcc, cx8, cmov, fxsr, ht, mmx, 3dnowpref, sse, sse2, sse3, ssse3, sse4.1, sse4.2, popcnt, lzcnt, tsc, tscinvbit, avx, avx2, aes, erms, clmul, bmi1, bmi2, adx, fma, vzeroupper, clflush, clflushopt

Memory: 4k page, system-wide physical 8090M (469M free)
TotalPageFile size 20730M (AvailPageFile size 0M)
current process WorkingSet (physical memory assigned to process): 81M, peak: 685M
current process commit charge ("private bytes"): 302M, peak: 684M

vm_info: OpenJDK 64-Bit Server VM (17.0.6+10) for windows-amd64 JRE (17.0.6+10), built on Jan 18 2023 10:08:59 by "temurin" with MS VC++ 16.7 (VS2019)

END.
