#
# There is insufficient memory for the Java Runtime Environment to continue.
# Native memory allocation (malloc) failed to allocate 2097152 bytes for AllocateHeap
# Possible reasons:
#   The system is out of physical RAM or swap space
#   The process is running with CompressedOops enabled, and the Java Heap may be blocking the growth of the native heap
# Possible solutions:
#   Reduce memory load on the system
#   Increase physical memory or swap space
#   Check if swap backing store is full
#   Decrease Java heap size (-Xmx/-Xms)
#   Decrease number of Java threads
#   Decrease Java thread stack sizes (-Xss)
#   Set larger code cache with -XX:ReservedCodeCacheSize=
#   JVM is running with Unscaled Compressed Oops mode in which the Java heap is
#     placed in the first 4GB address space. The Java Heap base address is the
#     maximum limit for the native heap growth. Please use -XX:HeapBaseMinAddress
#     to set the Java Heap base and to place the Java Heap above 4GB virtual address.
# This output file may be truncated or incomplete.
#
#  Out of Memory Error (allocation.cpp:44), pid=17464, tid=17640
#
# JRE version: OpenJDK Runtime Environment Temurin-17.0.6+10 (17.0.6+10) (build 17.0.6+10)
# Java VM: OpenJDK 64-Bit Server VM Temurin-17.0.6+10 (17.0.6+10, mixed mode, emulated-client, tiered, compressed oops, compressed class ptrs, g1 gc, windows-amd64)
# No core dump will be written. Minidumps are not enabled by default on client versions of Windows
#

---------------  S U M M A R Y ------------

Command Line: -XX:+HeapDumpOnOutOfMemoryError -Xmx1024m -Dsts.lsp.client=vscode -Dsts.log.file=/dev/null -XX:TieredStopAtLevel=1 -Xlog:jni+resolve=off -Dspring.config.location=file:c:\Users\BULee\.vscode\extensions\vmware.vscode-spring-boot-1.45.0\language-server\BOOT-INF\classes\application.properties org.springframework.ide.vscode.boot.app.BootLanguageServerBootApp

Host: Intel(R) Core(TM) i5-6200U CPU @ 2.30GHz, 4 cores, 7G,  Windows 10 , 64 bit Build 19041 (10.0.19041.2546)
Time: Thu Mar 23 13:23:07 2023  Windows 10 , 64 bit Build 19041 (10.0.19041.2546) elapsed time: 1617.497399 seconds (0d 0h 26m 57s)

---------------  T H R E A D  ---------------

Current thread (0x000001bdb8458b10):  VMThread "VM Thread" [stack: 0x0000006285a00000,0x0000006285b00000] [id=17640]

Stack: [0x0000006285a00000,0x0000006285b00000]
Native frames: (J=compiled Java code, j=interpreted, Vv=VM code, C=native code)
V  [jvm.dll+0x67741a]
V  [jvm.dll+0x834434]
V  [jvm.dll+0x835bde]
V  [jvm.dll+0x836243]
V  [jvm.dll+0x2457b5]
V  [jvm.dll+0xa626f]
V  [jvm.dll+0x2f5b61]
V  [jvm.dll+0x2f17e0]
V  [jvm.dll+0x2d9ee7]
V  [jvm.dll+0x31ce67]
V  [jvm.dll+0x83a6eb]
V  [jvm.dll+0x83b424]
V  [jvm.dll+0x83b93c]
V  [jvm.dll+0x83bd14]
V  [jvm.dll+0x83bde0]
V  [jvm.dll+0x7e483a]
V  [jvm.dll+0x6762c5]
C  [ucrtbase.dll+0x21bb2]
C  [KERNEL32.DLL+0x17614]
C  [ntdll.dll+0x526a1]

VM_Operation (0x0000006286bfed40): G1CollectFull, mode: safepoint, requested by thread 0x000001bdbaaeb250


---------------  P R O C E S S  ---------------

Threads class SMR info:
_java_thread_list=0x000001bdbd146300, length=24, elements={
0x000001bdb849a750, 0x000001bdb849b4d0, 0x000001bdb84d6810, 0x000001bdb84b0610,
0x000001bdb84b2ee0, 0x000001bdb84b37a0, 0x000001bdb84f2010, 0x000001bdb90262e0,
0x000001bdb91ec4f0, 0x000001bdb92057d0, 0x000001bdba666f60, 0x000001bdba9b62c0,
0x000001bdbaaeb250, 0x000001bdba413830, 0x000001bdabf2af10, 0x000001bdbaa658d0,
0x000001bdba4daf40, 0x000001bdbac2c970, 0x000001bdbac29e20, 0x000001bdbaf44910,
0x000001bdbaf45c50, 0x000001bdbaf42c30, 0x000001bdbaf49ae0, 0x000001bdbaf435d0
}

Java Threads: ( => current thread )
  0x000001bdb849a750 JavaThread "Reference Handler" daemon [_thread_blocked, id=17644, stack(0x0000006285b00000,0x0000006285c00000)]
  0x000001bdb849b4d0 JavaThread "Finalizer" daemon [_thread_blocked, id=19008, stack(0x0000006285c00000,0x0000006285d00000)]
  0x000001bdb84d6810 JavaThread "Signal Dispatcher" daemon [_thread_blocked, id=6208, stack(0x0000006285d00000,0x0000006285e00000)]
  0x000001bdb84b0610 JavaThread "Attach Listener" daemon [_thread_blocked, id=21132, stack(0x0000006285e00000,0x0000006285f00000)]
  0x000001bdb84b2ee0 JavaThread "Service Thread" daemon [_thread_blocked, id=15348, stack(0x0000006285f00000,0x0000006286000000)]
  0x000001bdb84b37a0 JavaThread "Monitor Deflation Thread" daemon [_thread_blocked, id=20656, stack(0x0000006286000000,0x0000006286100000)]
  0x000001bdb84f2010 JavaThread "C1 CompilerThread0" daemon [_thread_blocked, id=7580, stack(0x0000006286100000,0x0000006286200000)]
  0x000001bdb90262e0 JavaThread "Sweeper thread" daemon [_thread_blocked, id=21400, stack(0x0000006286200000,0x0000006286300000)]
  0x000001bdb91ec4f0 JavaThread "Notification Thread" daemon [_thread_blocked, id=21128, stack(0x0000006286300000,0x0000006286400000)]
  0x000001bdb92057d0 JavaThread "Common-Cleaner" daemon [_thread_blocked, id=7932, stack(0x0000006286500000,0x0000006286600000)]
  0x000001bdba666f60 JavaThread "boundedElastic-evictor-1" daemon [_thread_blocked, id=21232, stack(0x0000006286600000,0x0000006286700000)]
  0x000001bdba9b62c0 JavaThread "boundedElastic-evictor-2" daemon [_thread_blocked, id=15608, stack(0x0000006286a00000,0x0000006286b00000)]
  0x000001bdbaaeb250 JavaThread "pool-10-thread-1" [_thread_blocked, id=17268, stack(0x0000006286b00000,0x0000006286c00000)]
  0x000001bdba413830 JavaThread "LanguageServerApp-lifecycle" [_thread_blocked, id=19544, stack(0x0000006286c00000,0x0000006286d00000)]
  0x000001bdabf2af10 JavaThread "DestroyJavaVM" [_thread_blocked, id=10384, stack(0x0000006285400000,0x0000006285500000)]
  0x000001bdbaa658d0 JavaThread "pool-11-thread-1" [_thread_in_native, id=12468, stack(0x0000006286d00000,0x0000006286e00000)]
  0x000001bdba4daf40 JavaThread "Simple-Language-Server main thread" daemon [_thread_blocked, id=5196, stack(0x0000006286e00000,0x0000006286f00000)]
  0x000001bdbac2c970 JavaThread "pool-6-thread-1" [_thread_blocked, id=12212, stack(0x0000006287000000,0x0000006287100000)]
  0x000001bdbac29e20 JavaThread "parallel-1" daemon [_thread_blocked, id=7456, stack(0x0000006287b00000,0x0000006287c00000)]
  0x000001bdbaf44910 JavaThread "parallel-2" daemon [_thread_blocked, id=16312, stack(0x0000006287600000,0x0000006287700000)]
  0x000001bdbaf45c50 JavaThread "parallel-3" daemon [_thread_blocked, id=9172, stack(0x0000006287700000,0x0000006287800000)]
  0x000001bdbaf42c30 JavaThread "Reconciler-1" daemon [_thread_blocked, id=17500, stack(0x0000006287800000,0x0000006287900000)]
  0x000001bdbaf49ae0 JavaThread "pool-4-thread-1" [_thread_blocked, id=18700, stack(0x0000006285200000,0x0000006285300000)]
  0x000001bdbaf435d0 JavaThread "parallel-4" daemon [_thread_blocked, id=9364, stack(0x0000006285300000,0x0000006285400000)]

Other Threads:
=>0x000001bdb8458b10 VMThread "VM Thread" [stack: 0x0000006285a00000,0x0000006285b00000] [id=17640]
  0x000001bdb91ee9d0 WatcherThread [stack: 0x0000006286400000,0x0000006286500000] [id=12016]
  0x000001bdadf83830 GCTaskThread "GC Thread#0" [stack: 0x0000006285500000,0x0000006285600000] [id=12408]
  0x000001bdb97133a0 GCTaskThread "GC Thread#1" [stack: 0x0000006286700000,0x0000006286800000] [id=10992]
  0x000001bdb9915700 GCTaskThread "GC Thread#2" [stack: 0x0000006286800000,0x0000006286900000] [id=17392]
  0x000001bdb9b58960 GCTaskThread "GC Thread#3" [stack: 0x0000006286900000,0x0000006286a00000] [id=4376]
  0x000001bdadf8c680 ConcurrentGCThread "G1 Main Marker" [stack: 0x0000006285600000,0x0000006285700000] [id=1532]
  0x000001bdadf8cfa0 ConcurrentGCThread "G1 Conc#0" [stack: 0x0000006285700000,0x0000006285800000] [id=6732]
  0x000001bdae004120 ConcurrentGCThread "G1 Refine#0" [stack: 0x0000006285800000,0x0000006285900000] [id=5936]
  0x000001bdb985f790 ConcurrentGCThread "G1 Refine#1" [stack: 0x0000006288300000,0x0000006288400000] [id=20444]
  0x000001bdb985e650 ConcurrentGCThread "G1 Refine#2" [stack: 0x0000006287300000,0x0000006287400000] [id=13104]
  0x000001bdae005a60 ConcurrentGCThread "G1 Service" [stack: 0x0000006285900000,0x0000006285a00000] [id=2968]

Threads with active compile tasks:

VM state: at safepoint (normal execution)

VM Mutex/Monitor currently owned by a thread:  ([mutex/lock_event])
[0x000001bdabe67f00] Threads_lock - owner thread: 0x000001bdb8458b10
[0x000001bdadf458e0] Heap_lock - owner thread: 0x000001bdbaaeb250

Heap address: 0x00000000c0000000, size: 1024 MB, Compressed Oops mode: 32-bit

CDS archive(s) not mapped
Compressed class space mapped at: 0x0000000100000000-0x0000000140000000, reserved size: 1073741824
Narrow klass base: 0x0000000000000000, Narrow klass shift: 3, Narrow klass range: 0x140000000

GC Precious Log:
 CPUs: 4 total, 4 available
 Memory: 8090M
 Large Page Support: Disabled
 NUMA Support: Disabled
 Compressed Oops: Enabled (32-bit)
 Heap Region Size: 1M
 Heap Min Capacity: 8M
 Heap Initial Capacity: 128M
 Heap Max Capacity: 1G
 Pre-touch: Disabled
 Parallel Workers: 4
 Concurrent Workers: 1
 Concurrent Refinement Workers: 4
 Periodic GC: Disabled

Heap:
 garbage-first heap   total 296960K, used 88171K [0x00000000c0000000, 0x0000000100000000)
  region size 1024K, 1 young (1024K), 0 survivors (0K)
 Metaspace       used 70168K, committed 70912K, reserved 1114112K
  class space    used 9561K, committed 9856K, reserved 1048576K

Heap Regions: E=young(eden), S=young(survivor), O=old, HS=humongous(starts), HC=humongous(continues), CS=collection set, F=free, OA=open archive, CA=closed archive, TAMS=top-at-mark-start (previous, next)
|   0|0x00000000c0000000, 0x00000000c0100000, 0x00000000c0100000|100%| O|  |TAMS 0x00000000c0100000, 0x00000000c0000000| Untracked 
|   1|0x00000000c0100000, 0x00000000c01ffff0, 0x00000000c0200000| 99%| O|  |TAMS 0x00000000c01ffff0, 0x00000000c0100000| Untracked 
|   2|0x00000000c0200000, 0x00000000c0300000, 0x00000000c0300000|100%| O|  |TAMS 0x00000000c0300000, 0x00000000c0200000| Untracked 
|   3|0x00000000c0300000, 0x00000000c0400000, 0x00000000c0400000|100%| O|  |TAMS 0x00000000c0400000, 0x00000000c0300000| Untracked 
|   4|0x00000000c0400000, 0x00000000c0500000, 0x00000000c0500000|100%| O|  |TAMS 0x00000000c0500000, 0x00000000c0400000| Untracked 
|   5|0x00000000c0500000, 0x00000000c0600000, 0x00000000c0600000|100%| O|  |TAMS 0x00000000c0600000, 0x00000000c0500000| Untracked 
|   6|0x00000000c0600000, 0x00000000c0700000, 0x00000000c0700000|100%| O|  |TAMS 0x00000000c0700000, 0x00000000c0600000| Untracked 
|   7|0x00000000c0700000, 0x00000000c07ffff8, 0x00000000c0800000| 99%| O|  |TAMS 0x00000000c07ffff8, 0x00000000c0700000| Untracked 
|   8|0x00000000c0800000, 0x00000000c08ffff0, 0x00000000c0900000| 99%| O|  |TAMS 0x00000000c08ffff0, 0x00000000c0800000| Untracked 
|   9|0x00000000c0900000, 0x00000000c09ffff0, 0x00000000c0a00000| 99%| O|  |TAMS 0x00000000c09ffff0, 0x00000000c0900000| Untracked 
|  10|0x00000000c0a00000, 0x00000000c0afffc0, 0x00000000c0b00000| 99%| O|  |TAMS 0x00000000c0afffc0, 0x00000000c0a00000| Untracked 
|  11|0x00000000c0b00000, 0x00000000c0bffff0, 0x00000000c0c00000| 99%| O|  |TAMS 0x00000000c0bffff0, 0x00000000c0b00000| Untracked 
|  12|0x00000000c0c00000, 0x00000000c0cfffd0, 0x00000000c0d00000| 99%| O|  |TAMS 0x00000000c0cfffd0, 0x00000000c0c00000| Untracked 
|  13|0x00000000c0d00000, 0x00000000c0dfffe0, 0x00000000c0e00000| 99%| O|  |TAMS 0x00000000c0dfffe0, 0x00000000c0d00000| Untracked 
|  14|0x00000000c0e00000, 0x00000000c0f00000, 0x00000000c0f00000|100%| O|  |TAMS 0x00000000c0f00000, 0x00000000c0e00000| Untracked 
|  15|0x00000000c0f00000, 0x00000000c0fffff8, 0x00000000c1000000| 99%| O|  |TAMS 0x00000000c0fffff8, 0x00000000c0f00000| Untracked 
|  16|0x00000000c1000000, 0x00000000c10ffff8, 0x00000000c1100000| 99%| O|  |TAMS 0x00000000c10ffff8, 0x00000000c1000000| Untracked 
|  17|0x00000000c1100000, 0x00000000c1200000, 0x00000000c1200000|100%| O|  |TAMS 0x00000000c1200000, 0x00000000c1100000| Untracked 
|  18|0x00000000c1200000, 0x00000000c12ffff8, 0x00000000c1300000| 99%| O|  |TAMS 0x00000000c12ffff8, 0x00000000c1200000| Untracked 
|  19|0x00000000c1300000, 0x00000000c13ffff0, 0x00000000c1400000| 99%| O|  |TAMS 0x00000000c13ffff0, 0x00000000c1300000| Untracked 
|  20|0x00000000c1400000, 0x00000000c14ffff0, 0x00000000c1500000| 99%| O|  |TAMS 0x00000000c14ffff0, 0x00000000c1400000| Untracked 
|  21|0x00000000c1500000, 0x00000000c1600000, 0x00000000c1600000|100%| O|  |TAMS 0x00000000c1600000, 0x00000000c1500000| Untracked 
|  22|0x00000000c1600000, 0x00000000c16ffff8, 0x00000000c1700000| 99%| O|  |TAMS 0x00000000c16ffff8, 0x00000000c1600000| Untracked 
|  23|0x00000000c1700000, 0x00000000c17fffe8, 0x00000000c1800000| 99%| O|  |TAMS 0x00000000c17fffe8, 0x00000000c1700000| Untracked 
|  24|0x00000000c1800000, 0x00000000c18fffe8, 0x00000000c1900000| 99%| O|  |TAMS 0x00000000c18fffe8, 0x00000000c1800000| Untracked 
|  25|0x00000000c1900000, 0x00000000c19ffff8, 0x00000000c1a00000| 99%| O|  |TAMS 0x00000000c19ffff8, 0x00000000c1900000| Untracked 
|  26|0x00000000c1a00000, 0x00000000c1affd18, 0x00000000c1b00000| 99%| O|  |TAMS 0x00000000c1affd18, 0x00000000c1a00000| Untracked 
|  27|0x00000000c1b00000, 0x00000000c1bffff0, 0x00000000c1c00000| 99%| O|  |TAMS 0x00000000c1bffff0, 0x00000000c1b00000| Untracked 
|  28|0x00000000c1c00000, 0x00000000c1cffff0, 0x00000000c1d00000| 99%| O|  |TAMS 0x00000000c1cffff0, 0x00000000c1c00000| Untracked 
|  29|0x00000000c1d00000, 0x00000000c1dfffe8, 0x00000000c1e00000| 99%| O|  |TAMS 0x00000000c1dfffe8, 0x00000000c1d00000| Untracked 
|  30|0x00000000c1e00000, 0x00000000c1efffe0, 0x00000000c1f00000| 99%| O|  |TAMS 0x00000000c1efffe0, 0x00000000c1e00000| Untracked 
|  31|0x00000000c1f00000, 0x00000000c1fffff0, 0x00000000c2000000| 99%| O|  |TAMS 0x00000000c1fffff0, 0x00000000c1f00000| Untracked 
|  32|0x00000000c2000000, 0x00000000c20fffe0, 0x00000000c2100000| 99%| O|  |TAMS 0x00000000c20fffe0, 0x00000000c2000000| Untracked 
|  33|0x00000000c2100000, 0x00000000c21ffff8, 0x00000000c2200000| 99%| O|  |TAMS 0x00000000c21ffff8, 0x00000000c2100000| Untracked 
|  34|0x00000000c2200000, 0x00000000c22fffe8, 0x00000000c2300000| 99%| O|  |TAMS 0x00000000c22fffe8, 0x00000000c2200000| Untracked 
|  35|0x00000000c2300000, 0x00000000c23fffe0, 0x00000000c2400000| 99%| O|  |TAMS 0x00000000c23fffe0, 0x00000000c2300000| Untracked 
|  36|0x00000000c2400000, 0x00000000c2500000, 0x00000000c2500000|100%| O|  |TAMS 0x00000000c2500000, 0x00000000c2400000| Untracked 
|  37|0x00000000c2500000, 0x00000000c25f6870, 0x00000000c2600000| 96%| O|  |TAMS 0x00000000c25f6870, 0x00000000c2500000| Untracked 
|  38|0x00000000c2600000, 0x00000000c2700000, 0x00000000c2700000|100%| O|  |TAMS 0x00000000c2700000, 0x00000000c2600000| Untracked 
|  39|0x00000000c2700000, 0x00000000c27fff68, 0x00000000c2800000| 99%| O|  |TAMS 0x00000000c27fff68, 0x00000000c2700000| Untracked 
|  40|0x00000000c2800000, 0x00000000c28ffff8, 0x00000000c2900000| 99%| O|  |TAMS 0x00000000c28ffff8, 0x00000000c2800000| Untracked 
|  41|0x00000000c2900000, 0x00000000c29fffd0, 0x00000000c2a00000| 99%| O|  |TAMS 0x00000000c29fffd0, 0x00000000c2900000| Untracked 
|  42|0x00000000c2a00000, 0x00000000c2affff0, 0x00000000c2b00000| 99%| O|  |TAMS 0x00000000c2affff0, 0x00000000c2a00000| Untracked 
|  43|0x00000000c2b00000, 0x00000000c2bffff8, 0x00000000c2c00000| 99%| O|  |TAMS 0x00000000c2bffff8, 0x00000000c2b00000| Untracked 
|  44|0x00000000c2c00000, 0x00000000c2cffff8, 0x00000000c2d00000| 99%| O|  |TAMS 0x00000000c2cffff8, 0x00000000c2c00000| Untracked 
|  45|0x00000000c2d00000, 0x00000000c2dfffb0, 0x00000000c2e00000| 99%| O|  |TAMS 0x00000000c2dfffb0, 0x00000000c2d00000| Untracked 
|  46|0x00000000c2e00000, 0x00000000c2f00000, 0x00000000c2f00000|100%|HS|  |TAMS 0x00000000c2f00000, 0x00000000c2e00000| Untracked 
|  47|0x00000000c2f00000, 0x00000000c2ffffa0, 0x00000000c3000000| 99%| O|  |TAMS 0x00000000c2ffffa0, 0x00000000c2f00000| Untracked 
|  48|0x00000000c3000000, 0x00000000c3100000, 0x00000000c3100000|100%| O|  |TAMS 0x00000000c3100000, 0x00000000c3000000| Untracked 
|  49|0x00000000c3100000, 0x00000000c31273a8, 0x00000000c3200000| 15%| O|  |TAMS 0x00000000c3100000, 0x00000000c3100000| Untracked 
|  50|0x00000000c3200000, 0x00000000c32ff328, 0x00000000c3300000| 99%| O|  |TAMS 0x00000000c32ff328, 0x00000000c3200000| Untracked 
|  51|0x00000000c3300000, 0x00000000c3400000, 0x00000000c3400000|100%|HS|  |TAMS 0x00000000c3400000, 0x00000000c3300000| Untracked 
|  52|0x00000000c3400000, 0x00000000c3500000, 0x00000000c3500000|100%| O|  |TAMS 0x00000000c3500000, 0x00000000c3400000| Untracked 
|  53|0x00000000c3500000, 0x00000000c3500090, 0x00000000c3600000|  0%| O|  |TAMS 0x00000000c3500000, 0x00000000c3500000| Untracked 
|  54|0x00000000c3600000, 0x00000000c3600000, 0x00000000c3700000|  0%| F|  |TAMS 0x00000000c3600000, 0x00000000c3600000| Untracked 
|  55|0x00000000c3700000, 0x00000000c3700000, 0x00000000c3800000|  0%| F|  |TAMS 0x00000000c3700000, 0x00000000c3700000| Untracked 
|  56|0x00000000c3800000, 0x00000000c3800000, 0x00000000c3900000|  0%| F|  |TAMS 0x00000000c3800000, 0x00000000c3800000| Untracked 
|  57|0x00000000c3900000, 0x00000000c3900000, 0x00000000c3a00000|  0%| F|  |TAMS 0x00000000c3900000, 0x00000000c3900000| Untracked 
|  58|0x00000000c3a00000, 0x00000000c3affff0, 0x00000000c3b00000| 99%| O|  |TAMS 0x00000000c3affff0, 0x00000000c3a00000| Untracked 
|  59|0x00000000c3b00000, 0x00000000c3bffff8, 0x00000000c3c00000| 99%| O|  |TAMS 0x00000000c3bffff8, 0x00000000c3b00000| Untracked 
|  60|0x00000000c3c00000, 0x00000000c3cfffc8, 0x00000000c3d00000| 99%| O|  |TAMS 0x00000000c3cfffc8, 0x00000000c3c00000| Untracked 
|  61|0x00000000c3d00000, 0x00000000c3dfff70, 0x00000000c3e00000| 99%| O|  |TAMS 0x00000000c3dfff70, 0x00000000c3d00000| Untracked 
|  62|0x00000000c3e00000, 0x00000000c3e00000, 0x00000000c3f00000|  0%| F|  |TAMS 0x00000000c3e00000, 0x00000000c3e00000| Untracked 
|  63|0x00000000c3f00000, 0x00000000c3f00000, 0x00000000c4000000|  0%| F|  |TAMS 0x00000000c3f00000, 0x00000000c3f00000| Untracked 
|  64|0x00000000c4000000, 0x00000000c4000000, 0x00000000c4100000|  0%| F|  |TAMS 0x00000000c4000000, 0x00000000c4000000| Untracked 
|  65|0x00000000c4100000, 0x00000000c4100000, 0x00000000c4200000|  0%| F|  |TAMS 0x00000000c4100000, 0x00000000c4100000| Untracked 
|  66|0x00000000c4200000, 0x00000000c4200000, 0x00000000c4300000|  0%| F|  |TAMS 0x00000000c4200000, 0x00000000c4200000| Untracked 
|  67|0x00000000c4300000, 0x00000000c4300000, 0x00000000c4400000|  0%| F|  |TAMS 0x00000000c4300000, 0x00000000c4300000| Untracked 
|  68|0x00000000c4400000, 0x00000000c4500000, 0x00000000c4500000|100%|HS|  |TAMS 0x00000000c4500000, 0x00000000c4400000| Untracked 
|  69|0x00000000c4500000, 0x00000000c45fffc8, 0x00000000c4600000| 99%| O|  |TAMS 0x00000000c45fffc8, 0x00000000c4500000| Untracked 
|  70|0x00000000c4600000, 0x00000000c4700000, 0x00000000c4700000|100%| O|  |TAMS 0x00000000c4700000, 0x00000000c4600000| Untracked 
|  71|0x00000000c4700000, 0x00000000c47fdc90, 0x00000000c4800000| 99%| O|  |TAMS 0x00000000c47fdc90, 0x00000000c4700000| Untracked 
|  72|0x00000000c4800000, 0x00000000c4800000, 0x00000000c4900000|  0%| F|  |TAMS 0x00000000c4800000, 0x00000000c4800000| Untracked 
|  73|0x00000000c4900000, 0x00000000c49ffff8, 0x00000000c4a00000| 99%| O|  |TAMS 0x00000000c49ffff8, 0x00000000c4900000| Untracked 
|  74|0x00000000c4a00000, 0x00000000c4a00000, 0x00000000c4b00000|  0%| F|  |TAMS 0x00000000c4a00000, 0x00000000c4a00000| Untracked 
|  75|0x00000000c4b00000, 0x00000000c4b00000, 0x00000000c4c00000|  0%| F|  |TAMS 0x00000000c4b00000, 0x00000000c4b00000| Untracked 
|  76|0x00000000c4c00000, 0x00000000c4c00000, 0x00000000c4d00000|  0%| F|  |TAMS 0x00000000c4c00000, 0x00000000c4c00000| Untracked 
|  77|0x00000000c4d00000, 0x00000000c4d00000, 0x00000000c4e00000|  0%| F|  |TAMS 0x00000000c4d00000, 0x00000000c4d00000| Untracked 
|  78|0x00000000c4e00000, 0x00000000c4e00000, 0x00000000c4f00000|  0%| F|  |TAMS 0x00000000c4e00000, 0x00000000c4e00000| Untracked 
|  79|0x00000000c4f00000, 0x00000000c4f00000, 0x00000000c5000000|  0%| F|  |TAMS 0x00000000c4f00000, 0x00000000c4f00000| Untracked 
|  80|0x00000000c5000000, 0x00000000c5000000, 0x00000000c5100000|  0%| F|  |TAMS 0x00000000c5000000, 0x00000000c5000000| Untracked 
|  81|0x00000000c5100000, 0x00000000c51fffe8, 0x00000000c5200000| 99%| O|  |TAMS 0x00000000c51fffe8, 0x00000000c5100000| Untracked 
|  82|0x00000000c5200000, 0x00000000c52ffff8, 0x00000000c5300000| 99%| O|  |TAMS 0x00000000c52ffff8, 0x00000000c5200000| Untracked 
|  83|0x00000000c5300000, 0x00000000c5300000, 0x00000000c5400000|  0%| F|  |TAMS 0x00000000c5300000, 0x00000000c5300000| Untracked 
|  84|0x00000000c5400000, 0x00000000c5400000, 0x00000000c5500000|  0%| F|  |TAMS 0x00000000c5400000, 0x00000000c5400000| Untracked 
|  85|0x00000000c5500000, 0x00000000c5500000, 0x00000000c5600000|  0%| F|  |TAMS 0x00000000c5500000, 0x00000000c5500000| Untracked 
|  86|0x00000000c5600000, 0x00000000c5600000, 0x00000000c5700000|  0%| F|  |TAMS 0x00000000c5600000, 0x00000000c5600000| Untracked 
|  87|0x00000000c5700000, 0x00000000c5700000, 0x00000000c5800000|  0%| F|  |TAMS 0x00000000c5700000, 0x00000000c5700000| Untracked 
|  88|0x00000000c5800000, 0x00000000c5800000, 0x00000000c5900000|  0%| F|  |TAMS 0x00000000c5800000, 0x00000000c5800000| Untracked 
|  89|0x00000000c5900000, 0x00000000c59fe580, 0x00000000c5a00000| 99%| O|  |TAMS 0x00000000c59fe580, 0x00000000c5900000| Untracked 
|  90|0x00000000c5a00000, 0x00000000c5b00000, 0x00000000c5b00000|100%| O|  |TAMS 0x00000000c5b00000, 0x00000000c5a00000| Untracked 
|  91|0x00000000c5b00000, 0x00000000c5c00000, 0x00000000c5c00000|100%| O|  |TAMS 0x00000000c5c00000, 0x00000000c5b00000| Untracked 
|  92|0x00000000c5c00000, 0x00000000c5d00000, 0x00000000c5d00000|100%| O|  |TAMS 0x00000000c5d00000, 0x00000000c5c00000| Untracked 
|  93|0x00000000c5d00000, 0x00000000c5d00000, 0x00000000c5e00000|  0%| F|  |TAMS 0x00000000c5d00000, 0x00000000c5d00000| Untracked 
|  94|0x00000000c5e00000, 0x00000000c5e00000, 0x00000000c5f00000|  0%| F|  |TAMS 0x00000000c5e00000, 0x00000000c5e00000| Untracked 
|  95|0x00000000c5f00000, 0x00000000c5f00000, 0x00000000c6000000|  0%| F|  |TAMS 0x00000000c5f00000, 0x00000000c5f00000| Untracked 
|  96|0x00000000c6000000, 0x00000000c6000000, 0x00000000c6100000|  0%| F|  |TAMS 0x00000000c6000000, 0x00000000c6000000| Untracked 
|  97|0x00000000c6100000, 0x00000000c6100000, 0x00000000c6200000|  0%| F|  |TAMS 0x00000000c6100000, 0x00000000c6100000| Untracked 
|  98|0x00000000c6200000, 0x00000000c6200000, 0x00000000c6300000|  0%| F|  |TAMS 0x00000000c6200000, 0x00000000c6200000| Untracked 
|  99|0x00000000c6300000, 0x00000000c6300000, 0x00000000c6400000|  0%| F|  |TAMS 0x00000000c6300000, 0x00000000c6300000| Untracked 
| 100|0x00000000c6400000, 0x00000000c6400000, 0x00000000c6500000|  0%| F|  |TAMS 0x00000000c6400000, 0x00000000c6400000| Untracked 
| 101|0x00000000c6500000, 0x00000000c6500000, 0x00000000c6600000|  0%| F|  |TAMS 0x00000000c6500000, 0x00000000c6500000| Untracked 
| 102|0x00000000c6600000, 0x00000000c6600000, 0x00000000c6700000|  0%| F|  |TAMS 0x00000000c6600000, 0x00000000c6600000| Untracked 
| 103|0x00000000c6700000, 0x00000000c6800000, 0x00000000c6800000|100%| O|  |TAMS 0x00000000c6800000, 0x00000000c6700000| Untracked 
| 104|0x00000000c6800000, 0x00000000c6800000, 0x00000000c6900000|  0%| F|  |TAMS 0x00000000c6800000, 0x00000000c6800000| Untracked 
| 105|0x00000000c6900000, 0x00000000c6900000, 0x00000000c6a00000|  0%| F|  |TAMS 0x00000000c6900000, 0x00000000c6900000| Untracked 
| 106|0x00000000c6a00000, 0x00000000c6b00000, 0x00000000c6b00000|100%| O|  |TAMS 0x00000000c6b00000, 0x00000000c6a00000| Untracked 
| 107|0x00000000c6b00000, 0x00000000c6b00000, 0x00000000c6c00000|  0%| F|  |TAMS 0x00000000c6b00000, 0x00000000c6b00000| Untracked 
| 108|0x00000000c6c00000, 0x00000000c6d00000, 0x00000000c6d00000|100%| O|  |TAMS 0x00000000c6d00000, 0x00000000c6c00000| Untracked 
| 109|0x00000000c6d00000, 0x00000000c6d00000, 0x00000000c6e00000|  0%| F|  |TAMS 0x00000000c6d00000, 0x00000000c6d00000| Untracked 
| 110|0x00000000c6e00000, 0x00000000c6e00000, 0x00000000c6f00000|  0%| F|  |TAMS 0x00000000c6e00000, 0x00000000c6e00000| Untracked 
| 111|0x00000000c6f00000, 0x00000000c6f00000, 0x00000000c7000000|  0%| F|  |TAMS 0x00000000c6f00000, 0x00000000c6f00000| Untracked 
| 112|0x00000000c7000000, 0x00000000c7000000, 0x00000000c7100000|  0%| F|  |TAMS 0x00000000c7000000, 0x00000000c7000000| Untracked 
| 113|0x00000000c7100000, 0x00000000c7100000, 0x00000000c7200000|  0%| F|  |TAMS 0x00000000c7100000, 0x00000000c7100000| Untracked 
| 114|0x00000000c7200000, 0x00000000c7200000, 0x00000000c7300000|  0%| F|  |TAMS 0x00000000c7200000, 0x00000000c7200000| Untracked 
| 115|0x00000000c7300000, 0x00000000c7300000, 0x00000000c7400000|  0%| F|  |TAMS 0x00000000c7300000, 0x00000000c7300000| Untracked 
| 116|0x00000000c7400000, 0x00000000c7500000, 0x00000000c7500000|100%| O|  |TAMS 0x00000000c7500000, 0x00000000c7400000| Untracked 
| 117|0x00000000c7500000, 0x00000000c7600000, 0x00000000c7600000|100%| O|  |TAMS 0x00000000c7600000, 0x00000000c7500000| Untracked 
| 118|0x00000000c7600000, 0x00000000c7600000, 0x00000000c7700000|  0%| F|  |TAMS 0x00000000c7600000, 0x00000000c7600000| Untracked 
| 119|0x00000000c7700000, 0x00000000c7800000, 0x00000000c7800000|100%| O|  |TAMS 0x00000000c7800000, 0x00000000c7700000| Untracked 
| 120|0x00000000c7800000, 0x00000000c7900000, 0x00000000c7900000|100%| O|  |TAMS 0x00000000c7900000, 0x00000000c7800000| Untracked 
| 121|0x00000000c7900000, 0x00000000c7900000, 0x00000000c7a00000|  0%| F|  |TAMS 0x00000000c7900000, 0x00000000c7900000| Untracked 
| 122|0x00000000c7a00000, 0x00000000c7a00000, 0x00000000c7b00000|  0%| F|  |TAMS 0x00000000c7a00000, 0x00000000c7a00000| Untracked 
| 123|0x00000000c7b00000, 0x00000000c7b00000, 0x00000000c7c00000|  0%| F|  |TAMS 0x00000000c7b00000, 0x00000000c7b00000| Untracked 
| 124|0x00000000c7c00000, 0x00000000c7c00000, 0x00000000c7d00000|  0%| F|  |TAMS 0x00000000c7c00000, 0x00000000c7c00000| Untracked 
| 125|0x00000000c7d00000, 0x00000000c7d00000, 0x00000000c7e00000|  0%| F|  |TAMS 0x00000000c7d00000, 0x00000000c7d00000| Untracked 
| 126|0x00000000c7e00000, 0x00000000c7e00000, 0x00000000c7f00000|  0%| F|  |TAMS 0x00000000c7e00000, 0x00000000c7e00000| Untracked 
| 127|0x00000000c7f00000, 0x00000000c7f00000, 0x00000000c8000000|  0%| F|  |TAMS 0x00000000c7f00000, 0x00000000c7f00000| Untracked 
| 128|0x00000000c8000000, 0x00000000c8000000, 0x00000000c8100000|  0%| F|  |TAMS 0x00000000c8000000, 0x00000000c8000000| Untracked 
| 129|0x00000000c8100000, 0x00000000c8100000, 0x00000000c8200000|  0%| F|  |TAMS 0x00000000c8100000, 0x00000000c8100000| Untracked 
| 130|0x00000000c8200000, 0x00000000c8300000, 0x00000000c8300000|100%|HS|  |TAMS 0x00000000c8300000, 0x00000000c8200000| Untracked 
| 131|0x00000000c8300000, 0x00000000c8400000, 0x00000000c8400000|100%|HC|  |TAMS 0x00000000c8400000, 0x00000000c8300000| Untracked 
| 132|0x00000000c8400000, 0x00000000c8500000, 0x00000000c8500000|100%|HC|  |TAMS 0x00000000c8500000, 0x00000000c8400000| Untracked 
| 133|0x00000000c8500000, 0x00000000c8500000, 0x00000000c8600000|  0%| F|  |TAMS 0x00000000c8500000, 0x00000000c8500000| Untracked 
| 134|0x00000000c8600000, 0x00000000c8600000, 0x00000000c8700000|  0%| F|  |TAMS 0x00000000c8600000, 0x00000000c8600000| Untracked 
| 135|0x00000000c8700000, 0x00000000c8700000, 0x00000000c8800000|  0%| F|  |TAMS 0x00000000c8700000, 0x00000000c8700000| Untracked 
| 136|0x00000000c8800000, 0x00000000c8800000, 0x00000000c8900000|  0%| F|  |TAMS 0x00000000c8800000, 0x00000000c8800000| Untracked 
| 137|0x00000000c8900000, 0x00000000c8900000, 0x00000000c8a00000|  0%| F|  |TAMS 0x00000000c8900000, 0x00000000c8900000| Untracked 
| 138|0x00000000c8a00000, 0x00000000c8a00000, 0x00000000c8b00000|  0%| F|  |TAMS 0x00000000c8a00000, 0x00000000c8a00000| Untracked 
| 139|0x00000000c8b00000, 0x00000000c8b00000, 0x00000000c8c00000|  0%| F|  |TAMS 0x00000000c8b00000, 0x00000000c8b00000| Untracked 
| 140|0x00000000c8c00000, 0x00000000c8c00000, 0x00000000c8d00000|  0%| F|  |TAMS 0x00000000c8c00000, 0x00000000c8c00000| Untracked 
| 141|0x00000000c8d00000, 0x00000000c8d00000, 0x00000000c8e00000|  0%| F|  |TAMS 0x00000000c8d00000, 0x00000000c8d00000| Untracked 
| 142|0x00000000c8e00000, 0x00000000c8e00000, 0x00000000c8f00000|  0%| F|  |TAMS 0x00000000c8e00000, 0x00000000c8e00000| Untracked 
| 143|0x00000000c8f00000, 0x00000000c8f00000, 0x00000000c9000000|  0%| F|  |TAMS 0x00000000c8f00000, 0x00000000c8f00000| Untracked 
| 144|0x00000000c9000000, 0x00000000c9100000, 0x00000000c9100000|100%| O|  |TAMS 0x00000000c9100000, 0x00000000c9000000| Untracked 
| 145|0x00000000c9100000, 0x00000000c9200000, 0x00000000c9200000|100%| O|  |TAMS 0x00000000c9200000, 0x00000000c9100000| Untracked 
| 146|0x00000000c9200000, 0x00000000c9300000, 0x00000000c9300000|100%| O|  |TAMS 0x00000000c9300000, 0x00000000c9200000| Untracked 
| 147|0x00000000c9300000, 0x00000000c9300000, 0x00000000c9400000|  0%| F|  |TAMS 0x00000000c9300000, 0x00000000c9300000| Untracked 
| 148|0x00000000c9400000, 0x00000000c9400000, 0x00000000c9500000|  0%| F|  |TAMS 0x00000000c9400000, 0x00000000c9400000| Untracked 
| 149|0x00000000c9500000, 0x00000000c9500000, 0x00000000c9600000|  0%| F|  |TAMS 0x00000000c9500000, 0x00000000c9500000| Untracked 
| 150|0x00000000c9600000, 0x00000000c9600000, 0x00000000c9700000|  0%| F|  |TAMS 0x00000000c9600000, 0x00000000c9600000| Untracked 
| 151|0x00000000c9700000, 0x00000000c9700000, 0x00000000c9800000|  0%| F|  |TAMS 0x00000000c9700000, 0x00000000c9700000| Untracked 
| 152|0x00000000c9800000, 0x00000000c9800000, 0x00000000c9900000|  0%| F|  |TAMS 0x00000000c9800000, 0x00000000c9800000| Untracked 
| 153|0x00000000c9900000, 0x00000000c9900000, 0x00000000c9a00000|  0%| F|  |TAMS 0x00000000c9900000, 0x00000000c9900000| Untracked 
| 154|0x00000000c9a00000, 0x00000000c9a00000, 0x00000000c9b00000|  0%| F|  |TAMS 0x00000000c9a00000, 0x00000000c9a00000| Untracked 
| 155|0x00000000c9b00000, 0x00000000c9b00000, 0x00000000c9c00000|  0%| F|  |TAMS 0x00000000c9b00000, 0x00000000c9b00000| Untracked 
| 156|0x00000000c9c00000, 0x00000000c9c00000, 0x00000000c9d00000|  0%| F|  |TAMS 0x00000000c9c00000, 0x00000000c9c00000| Untracked 
| 157|0x00000000c9d00000, 0x00000000c9d00000, 0x00000000c9e00000|  0%| F|  |TAMS 0x00000000c9d00000, 0x00000000c9d00000| Untracked 
| 158|0x00000000c9e00000, 0x00000000c9e00000, 0x00000000c9f00000|  0%| F|  |TAMS 0x00000000c9e00000, 0x00000000c9e00000| Untracked 
| 159|0x00000000c9f00000, 0x00000000c9f00000, 0x00000000ca000000|  0%| F|  |TAMS 0x00000000c9f00000, 0x00000000c9f00000| Untracked 
| 160|0x00000000ca000000, 0x00000000ca000000, 0x00000000ca100000|  0%| F|  |TAMS 0x00000000ca000000, 0x00000000ca000000| Untracked 
| 161|0x00000000ca100000, 0x00000000ca100000, 0x00000000ca200000|  0%| F|  |TAMS 0x00000000ca100000, 0x00000000ca100000| Untracked 
| 162|0x00000000ca200000, 0x00000000ca200000, 0x00000000ca300000|  0%| F|  |TAMS 0x00000000ca200000, 0x00000000ca200000| Untracked 
| 163|0x00000000ca300000, 0x00000000ca300000, 0x00000000ca400000|  0%| F|  |TAMS 0x00000000ca300000, 0x00000000ca300000| Untracked 
| 164|0x00000000ca400000, 0x00000000ca400000, 0x00000000ca500000|  0%| F|  |TAMS 0x00000000ca400000, 0x00000000ca400000| Untracked 
| 165|0x00000000ca500000, 0x00000000ca500000, 0x00000000ca600000|  0%| F|  |TAMS 0x00000000ca500000, 0x00000000ca500000| Untracked 
| 166|0x00000000ca600000, 0x00000000ca600000, 0x00000000ca700000|  0%| F|  |TAMS 0x00000000ca600000, 0x00000000ca600000| Untracked 
| 167|0x00000000ca700000, 0x00000000ca800000, 0x00000000ca800000|100%| O|  |TAMS 0x00000000ca800000, 0x00000000ca700000| Untracked 
| 168|0x00000000ca800000, 0x00000000ca800000, 0x00000000ca900000|  0%| F|  |TAMS 0x00000000ca800000, 0x00000000ca800000| Untracked 
| 169|0x00000000ca900000, 0x00000000ca900000, 0x00000000caa00000|  0%| F|  |TAMS 0x00000000ca900000, 0x00000000ca900000| Untracked 
| 170|0x00000000caa00000, 0x00000000caa00000, 0x00000000cab00000|  0%| F|  |TAMS 0x00000000caa00000, 0x00000000caa00000| Untracked 
| 171|0x00000000cab00000, 0x00000000cab00000, 0x00000000cac00000|  0%| F|  |TAMS 0x00000000cab00000, 0x00000000cab00000| Untracked 
| 172|0x00000000cac00000, 0x00000000cac00000, 0x00000000cad00000|  0%| F|  |TAMS 0x00000000cac00000, 0x00000000cac00000| Untracked 
| 173|0x00000000cad00000, 0x00000000cad00000, 0x00000000cae00000|  0%| F|  |TAMS 0x00000000cad00000, 0x00000000cad00000| Untracked 
| 174|0x00000000cae00000, 0x00000000cae00000, 0x00000000caf00000|  0%| F|  |TAMS 0x00000000cae00000, 0x00000000cae00000| Untracked 
| 175|0x00000000caf00000, 0x00000000cb000000, 0x00000000cb000000|100%| O|  |TAMS 0x00000000cb000000, 0x00000000caf00000| Untracked 
| 176|0x00000000cb000000, 0x00000000cb000000, 0x00000000cb100000|  0%| F|  |TAMS 0x00000000cb000000, 0x00000000cb000000| Untracked 
| 177|0x00000000cb100000, 0x00000000cb100000, 0x00000000cb200000|  0%| F|  |TAMS 0x00000000cb100000, 0x00000000cb100000| Untracked 
| 178|0x00000000cb200000, 0x00000000cb200000, 0x00000000cb300000|  0%| F|  |TAMS 0x00000000cb200000, 0x00000000cb200000| Untracked 
| 179|0x00000000cb300000, 0x00000000cb300000, 0x00000000cb400000|  0%| F|  |TAMS 0x00000000cb300000, 0x00000000cb300000| Untracked 
| 180|0x00000000cb400000, 0x00000000cb400000, 0x00000000cb500000|  0%| F|  |TAMS 0x00000000cb400000, 0x00000000cb400000| Untracked 
| 181|0x00000000cb500000, 0x00000000cb500000, 0x00000000cb600000|  0%| F|  |TAMS 0x00000000cb500000, 0x00000000cb500000| Untracked 
| 182|0x00000000cb600000, 0x00000000cb600000, 0x00000000cb700000|  0%| F|  |TAMS 0x00000000cb600000, 0x00000000cb600000| Untracked 
| 183|0x00000000cb700000, 0x00000000cb700000, 0x00000000cb800000|  0%| F|  |TAMS 0x00000000cb700000, 0x00000000cb700000| Untracked 
| 184|0x00000000cb800000, 0x00000000cb800000, 0x00000000cb900000|  0%| F|  |TAMS 0x00000000cb800000, 0x00000000cb800000| Untracked 
| 185|0x00000000cb900000, 0x00000000cb900000, 0x00000000cba00000|  0%| F|  |TAMS 0x00000000cb900000, 0x00000000cb900000| Untracked 
| 186|0x00000000cba00000, 0x00000000cba00000, 0x00000000cbb00000|  0%| F|  |TAMS 0x00000000cba00000, 0x00000000cba00000| Untracked 
| 187|0x00000000cbb00000, 0x00000000cbb00000, 0x00000000cbc00000|  0%| F|  |TAMS 0x00000000cbb00000, 0x00000000cbb00000| Untracked 
| 188|0x00000000cbc00000, 0x00000000cbc00000, 0x00000000cbd00000|  0%| F|  |TAMS 0x00000000cbc00000, 0x00000000cbc00000| Untracked 
| 189|0x00000000cbd00000, 0x00000000cbd00000, 0x00000000cbe00000|  0%| F|  |TAMS 0x00000000cbd00000, 0x00000000cbd00000| Untracked 
| 190|0x00000000cbe00000, 0x00000000cbe00000, 0x00000000cbf00000|  0%| F|  |TAMS 0x00000000cbe00000, 0x00000000cbe00000| Untracked 
| 191|0x00000000cbf00000, 0x00000000cbf00000, 0x00000000cc000000|  0%| F|  |TAMS 0x00000000cbf00000, 0x00000000cbf00000| Untracked 
| 192|0x00000000cc000000, 0x00000000cc100000, 0x00000000cc100000|100%| O|  |TAMS 0x00000000cc100000, 0x00000000cc000000| Untracked 
| 193|0x00000000cc100000, 0x00000000cc100000, 0x00000000cc200000|  0%| F|  |TAMS 0x00000000cc100000, 0x00000000cc100000| Untracked 
| 194|0x00000000cc200000, 0x00000000cc200000, 0x00000000cc300000|  0%| F|  |TAMS 0x00000000cc200000, 0x00000000cc200000| Untracked 
| 195|0x00000000cc300000, 0x00000000cc300000, 0x00000000cc400000|  0%| F|  |TAMS 0x00000000cc300000, 0x00000000cc300000| Untracked 
| 196|0x00000000cc400000, 0x00000000cc400000, 0x00000000cc500000|  0%| F|  |TAMS 0x00000000cc400000, 0x00000000cc400000| Untracked 
| 197|0x00000000cc500000, 0x00000000cc500000, 0x00000000cc600000|  0%| F|  |TAMS 0x00000000cc500000, 0x00000000cc500000| Untracked 
| 198|0x00000000cc600000, 0x00000000cc600000, 0x00000000cc700000|  0%| F|  |TAMS 0x00000000cc600000, 0x00000000cc600000| Untracked 
| 199|0x00000000cc700000, 0x00000000cc700000, 0x00000000cc800000|  0%| F|  |TAMS 0x00000000cc700000, 0x00000000cc700000| Untracked 
| 200|0x00000000cc800000, 0x00000000cc800000, 0x00000000cc900000|  0%| F|  |TAMS 0x00000000cc800000, 0x00000000cc800000| Untracked 
| 201|0x00000000cc900000, 0x00000000cc900000, 0x00000000cca00000|  0%| F|  |TAMS 0x00000000cc900000, 0x00000000cc900000| Untracked 
| 202|0x00000000cca00000, 0x00000000cca00000, 0x00000000ccb00000|  0%| F|  |TAMS 0x00000000cca00000, 0x00000000cca00000| Untracked 
| 203|0x00000000ccb00000, 0x00000000ccb00000, 0x00000000ccc00000|  0%| F|  |TAMS 0x00000000ccb00000, 0x00000000ccb00000| Untracked 
| 204|0x00000000ccc00000, 0x00000000ccc00000, 0x00000000ccd00000|  0%| F|  |TAMS 0x00000000ccc00000, 0x00000000ccc00000| Untracked 
| 205|0x00000000ccd00000, 0x00000000ccd00000, 0x00000000cce00000|  0%| F|  |TAMS 0x00000000ccd00000, 0x00000000ccd00000| Untracked 
| 206|0x00000000cce00000, 0x00000000cce00000, 0x00000000ccf00000|  0%| F|  |TAMS 0x00000000cce00000, 0x00000000cce00000| Untracked 
| 207|0x00000000ccf00000, 0x00000000ccf00000, 0x00000000cd000000|  0%| F|  |TAMS 0x00000000ccf00000, 0x00000000ccf00000| Untracked 
| 208|0x00000000cd000000, 0x00000000cd000000, 0x00000000cd100000|  0%| F|  |TAMS 0x00000000cd000000, 0x00000000cd000000| Untracked 
| 209|0x00000000cd100000, 0x00000000cd100000, 0x00000000cd200000|  0%| F|  |TAMS 0x00000000cd100000, 0x00000000cd100000| Untracked 
| 210|0x00000000cd200000, 0x00000000cd200000, 0x00000000cd300000|  0%| F|  |TAMS 0x00000000cd200000, 0x00000000cd200000| Untracked 
| 211|0x00000000cd300000, 0x00000000cd300000, 0x00000000cd400000|  0%| F|  |TAMS 0x00000000cd300000, 0x00000000cd300000| Untracked 
| 212|0x00000000cd400000, 0x00000000cd400000, 0x00000000cd500000|  0%| F|  |TAMS 0x00000000cd400000, 0x00000000cd400000| Untracked 
| 213|0x00000000cd500000, 0x00000000cd502270, 0x00000000cd600000|  0%| O|  |TAMS 0x00000000cd500000, 0x00000000cd500000| Untracked 
| 214|0x00000000cd600000, 0x00000000cd600000, 0x00000000cd700000|  0%| F|  |TAMS 0x00000000cd600000, 0x00000000cd600000| Untracked 
| 215|0x00000000cd700000, 0x00000000cd700000, 0x00000000cd800000|  0%| F|  |TAMS 0x00000000cd700000, 0x00000000cd700000| Untracked 
| 216|0x00000000cd800000, 0x00000000cd800000, 0x00000000cd900000|  0%| F|  |TAMS 0x00000000cd800000, 0x00000000cd800000| Untracked 
| 217|0x00000000cd900000, 0x00000000cd900000, 0x00000000cda00000|  0%| F|  |TAMS 0x00000000cd900000, 0x00000000cd900000| Untracked 
| 218|0x00000000cda00000, 0x00000000cda00000, 0x00000000cdb00000|  0%| F|  |TAMS 0x00000000cda00000, 0x00000000cda00000| Untracked 
| 219|0x00000000cdb00000, 0x00000000cdb00000, 0x00000000cdc00000|  0%| F|  |TAMS 0x00000000cdb00000, 0x00000000cdb00000| Untracked 
| 220|0x00000000cdc00000, 0x00000000cdc00000, 0x00000000cdd00000|  0%| F|  |TAMS 0x00000000cdc00000, 0x00000000cdc00000| Untracked 
| 221|0x00000000cdd00000, 0x00000000cdd00000, 0x00000000cde00000|  0%| F|  |TAMS 0x00000000cdd00000, 0x00000000cdd00000| Untracked 
| 222|0x00000000cde00000, 0x00000000cde00000, 0x00000000cdf00000|  0%| F|  |TAMS 0x00000000cde00000, 0x00000000cde00000| Untracked 
| 223|0x00000000cdf00000, 0x00000000cdf00000, 0x00000000ce000000|  0%| F|  |TAMS 0x00000000cdf00000, 0x00000000cdf00000| Untracked 
| 224|0x00000000ce000000, 0x00000000ce000000, 0x00000000ce100000|  0%| F|  |TAMS 0x00000000ce000000, 0x00000000ce000000| Untracked 
| 225|0x00000000ce100000, 0x00000000ce100000, 0x00000000ce200000|  0%| F|  |TAMS 0x00000000ce100000, 0x00000000ce100000| Untracked 
| 226|0x00000000ce200000, 0x00000000ce200000, 0x00000000ce300000|  0%| F|  |TAMS 0x00000000ce200000, 0x00000000ce200000| Untracked 
| 227|0x00000000ce300000, 0x00000000ce300000, 0x00000000ce400000|  0%| F|  |TAMS 0x00000000ce300000, 0x00000000ce300000| Untracked 
| 228|0x00000000ce400000, 0x00000000ce400000, 0x00000000ce500000|  0%| F|  |TAMS 0x00000000ce400000, 0x00000000ce400000| Untracked 
| 229|0x00000000ce500000, 0x00000000ce500000, 0x00000000ce600000|  0%| F|  |TAMS 0x00000000ce500000, 0x00000000ce500000| Untracked 
| 230|0x00000000ce600000, 0x00000000ce600000, 0x00000000ce700000|  0%| F|  |TAMS 0x00000000ce600000, 0x00000000ce600000| Untracked 
| 231|0x00000000ce700000, 0x00000000ce700000, 0x00000000ce800000|  0%| F|  |TAMS 0x00000000ce700000, 0x00000000ce700000| Untracked 
| 232|0x00000000ce800000, 0x00000000ce800000, 0x00000000ce900000|  0%| F|  |TAMS 0x00000000ce800000, 0x00000000ce800000| Untracked 
| 233|0x00000000ce900000, 0x00000000ce900000, 0x00000000cea00000|  0%| F|  |TAMS 0x00000000ce900000, 0x00000000ce900000| Untracked 
| 234|0x00000000cea00000, 0x00000000cea00000, 0x00000000ceb00000|  0%| F|  |TAMS 0x00000000cea00000, 0x00000000cea00000| Untracked 
| 235|0x00000000ceb00000, 0x00000000ceb00000, 0x00000000cec00000|  0%| F|  |TAMS 0x00000000ceb00000, 0x00000000ceb00000| Untracked 
| 236|0x00000000cec00000, 0x00000000cec00000, 0x00000000ced00000|  0%| F|  |TAMS 0x00000000cec00000, 0x00000000cec00000| Untracked 
| 237|0x00000000ced00000, 0x00000000ced00000, 0x00000000cee00000|  0%| F|  |TAMS 0x00000000ced00000, 0x00000000ced00000| Untracked 
| 238|0x00000000cee00000, 0x00000000cee00000, 0x00000000cef00000|  0%| F|  |TAMS 0x00000000cee00000, 0x00000000cee00000| Untracked 
| 239|0x00000000cef00000, 0x00000000cef00000, 0x00000000cf000000|  0%| F|  |TAMS 0x00000000cef00000, 0x00000000cef00000| Untracked 
| 240|0x00000000cf000000, 0x00000000cf000000, 0x00000000cf100000|  0%| F|  |TAMS 0x00000000cf000000, 0x00000000cf000000| Untracked 
| 241|0x00000000cf100000, 0x00000000cf100000, 0x00000000cf200000|  0%| F|  |TAMS 0x00000000cf100000, 0x00000000cf100000| Untracked 
| 242|0x00000000cf200000, 0x00000000cf200000, 0x00000000cf300000|  0%| F|  |TAMS 0x00000000cf200000, 0x00000000cf200000| Untracked 
| 243|0x00000000cf300000, 0x00000000cf300000, 0x00000000cf400000|  0%| F|  |TAMS 0x00000000cf300000, 0x00000000cf300000| Untracked 
| 244|0x00000000cf400000, 0x00000000cf400000, 0x00000000cf500000|  0%| F|  |TAMS 0x00000000cf400000, 0x00000000cf400000| Untracked 
| 245|0x00000000cf500000, 0x00000000cf500000, 0x00000000cf600000|  0%| F|  |TAMS 0x00000000cf500000, 0x00000000cf500000| Untracked 
| 246|0x00000000cf600000, 0x00000000cf600000, 0x00000000cf700000|  0%| F|  |TAMS 0x00000000cf600000, 0x00000000cf600000| Untracked 
| 247|0x00000000cf700000, 0x00000000cf700000, 0x00000000cf800000|  0%| F|  |TAMS 0x00000000cf700000, 0x00000000cf700000| Untracked 
| 248|0x00000000cf800000, 0x00000000cf800000, 0x00000000cf900000|  0%| F|  |TAMS 0x00000000cf800000, 0x00000000cf800000| Untracked 
| 249|0x00000000cf900000, 0x00000000cf900000, 0x00000000cfa00000|  0%| F|  |TAMS 0x00000000cf900000, 0x00000000cf900000| Untracked 
| 250|0x00000000cfa00000, 0x00000000cfa00000, 0x00000000cfb00000|  0%| F|  |TAMS 0x00000000cfa00000, 0x00000000cfa00000| Untracked 
| 251|0x00000000cfb00000, 0x00000000cfb00000, 0x00000000cfc00000|  0%| F|  |TAMS 0x00000000cfb00000, 0x00000000cfb00000| Untracked 
| 252|0x00000000cfc00000, 0x00000000cfd00000, 0x00000000cfd00000|100%|HS|  |TAMS 0x00000000cfd00000, 0x00000000cfc00000| Untracked 
| 253|0x00000000cfd00000, 0x00000000cfd00000, 0x00000000cfe00000|  0%| F|  |TAMS 0x00000000cfd00000, 0x00000000cfd00000| Untracked 
| 254|0x00000000cfe00000, 0x00000000cfe00000, 0x00000000cff00000|  0%| F|  |TAMS 0x00000000cfe00000, 0x00000000cfe00000| Untracked 
| 255|0x00000000cff00000, 0x00000000d0000000, 0x00000000d0000000|100%| O|  |TAMS 0x00000000d0000000, 0x00000000cff00000| Untracked 
| 256|0x00000000d0000000, 0x00000000d0100000, 0x00000000d0100000|100%| O|  |TAMS 0x00000000d0100000, 0x00000000d0000000| Untracked 
| 257|0x00000000d0100000, 0x00000000d0100000, 0x00000000d0200000|  0%| F|  |TAMS 0x00000000d0100000, 0x00000000d0100000| Untracked 
| 258|0x00000000d0200000, 0x00000000d0200000, 0x00000000d0300000|  0%| F|  |TAMS 0x00000000d0200000, 0x00000000d0200000| Untracked 
| 259|0x00000000d0300000, 0x00000000d0300000, 0x00000000d0400000|  0%| F|  |TAMS 0x00000000d0300000, 0x00000000d0300000| Untracked 
| 260|0x00000000d0400000, 0x00000000d0400000, 0x00000000d0500000|  0%| F|  |TAMS 0x00000000d0400000, 0x00000000d0400000| Untracked 
| 261|0x00000000d0500000, 0x00000000d0500000, 0x00000000d0600000|  0%| F|  |TAMS 0x00000000d0500000, 0x00000000d0500000| Untracked 
| 262|0x00000000d0600000, 0x00000000d0600000, 0x00000000d0700000|  0%| F|  |TAMS 0x00000000d0600000, 0x00000000d0600000| Untracked 
| 263|0x00000000d0700000, 0x00000000d0700000, 0x00000000d0800000|  0%| F|  |TAMS 0x00000000d0700000, 0x00000000d0700000| Untracked 
| 264|0x00000000d0800000, 0x00000000d0800000, 0x00000000d0900000|  0%| F|  |TAMS 0x00000000d0800000, 0x00000000d0800000| Untracked 
| 265|0x00000000d0900000, 0x00000000d0900000, 0x00000000d0a00000|  0%| F|  |TAMS 0x00000000d0900000, 0x00000000d0900000| Untracked 
| 266|0x00000000d0a00000, 0x00000000d0a00000, 0x00000000d0b00000|  0%| F|  |TAMS 0x00000000d0a00000, 0x00000000d0a00000| Untracked 
| 267|0x00000000d0b00000, 0x00000000d0b00000, 0x00000000d0c00000|  0%| F|  |TAMS 0x00000000d0b00000, 0x00000000d0b00000| Untracked 
| 268|0x00000000d0c00000, 0x00000000d0c00000, 0x00000000d0d00000|  0%| F|  |TAMS 0x00000000d0c00000, 0x00000000d0c00000| Untracked 
| 269|0x00000000d0d00000, 0x00000000d0d00000, 0x00000000d0e00000|  0%| F|  |TAMS 0x00000000d0d00000, 0x00000000d0d00000| Untracked 
| 270|0x00000000d0e00000, 0x00000000d0e00000, 0x00000000d0f00000|  0%| F|  |TAMS 0x00000000d0e00000, 0x00000000d0e00000| Untracked 
| 271|0x00000000d0f00000, 0x00000000d0f00000, 0x00000000d1000000|  0%| F|  |TAMS 0x00000000d0f00000, 0x00000000d0f00000| Untracked 
| 272|0x00000000d1000000, 0x00000000d1000000, 0x00000000d1100000|  0%| F|  |TAMS 0x00000000d1000000, 0x00000000d1000000| Untracked 
| 273|0x00000000d1100000, 0x00000000d1100000, 0x00000000d1200000|  0%| F|  |TAMS 0x00000000d1100000, 0x00000000d1100000| Untracked 
| 274|0x00000000d1200000, 0x00000000d1200000, 0x00000000d1300000|  0%| F|  |TAMS 0x00000000d1200000, 0x00000000d1200000| Untracked 
| 275|0x00000000d1300000, 0x00000000d1300000, 0x00000000d1400000|  0%| F|  |TAMS 0x00000000d1300000, 0x00000000d1300000| Untracked 
| 276|0x00000000d1400000, 0x00000000d1400000, 0x00000000d1500000|  0%| F|  |TAMS 0x00000000d1400000, 0x00000000d1400000| Untracked 
| 277|0x00000000d1500000, 0x00000000d1500000, 0x00000000d1600000|  0%| F|  |TAMS 0x00000000d1500000, 0x00000000d1500000| Untracked 
| 278|0x00000000d1600000, 0x00000000d1600000, 0x00000000d1700000|  0%| F|  |TAMS 0x00000000d1600000, 0x00000000d1600000| Untracked 
| 279|0x00000000d1700000, 0x00000000d1700000, 0x00000000d1800000|  0%| F|  |TAMS 0x00000000d1700000, 0x00000000d1700000| Untracked 
| 280|0x00000000d1800000, 0x00000000d1800000, 0x00000000d1900000|  0%| F|  |TAMS 0x00000000d1800000, 0x00000000d1800000| Untracked 
| 281|0x00000000d1900000, 0x00000000d1900000, 0x00000000d1a00000|  0%| F|  |TAMS 0x00000000d1900000, 0x00000000d1900000| Untracked 
| 282|0x00000000d1a00000, 0x00000000d1a00000, 0x00000000d1b00000|  0%| F|  |TAMS 0x00000000d1a00000, 0x00000000d1a00000| Untracked 
| 283|0x00000000d1b00000, 0x00000000d1b00000, 0x00000000d1c00000|  0%| F|  |TAMS 0x00000000d1b00000, 0x00000000d1b00000| Untracked 
| 284|0x00000000d1c00000, 0x00000000d1c00000, 0x00000000d1d00000|  0%| F|  |TAMS 0x00000000d1c00000, 0x00000000d1c00000| Untracked 
| 285|0x00000000d1d00000, 0x00000000d1d00000, 0x00000000d1e00000|  0%| F|  |TAMS 0x00000000d1d00000, 0x00000000d1d00000| Untracked 
| 286|0x00000000d1e00000, 0x00000000d1e00000, 0x00000000d1f00000|  0%| F|  |TAMS 0x00000000d1e00000, 0x00000000d1e00000| Untracked 
| 287|0x00000000d1f00000, 0x00000000d1f00000, 0x00000000d2000000|  0%| F|  |TAMS 0x00000000d1f00000, 0x00000000d1f00000| Untracked 
| 288|0x00000000d2000000, 0x00000000d2000000, 0x00000000d2100000|  0%| F|  |TAMS 0x00000000d2000000, 0x00000000d2000000| Untracked 
| 289|0x00000000d2100000, 0x00000000d2122a00, 0x00000000d2200000| 13%| E|  |TAMS 0x00000000d2100000, 0x00000000d2100000| Complete 

Card table byte_map: [0x000001bdb3bd0000,0x000001bdb3dd0000] _byte_map_base: 0x000001bdb35d0000

Marking Bits (Prev, Next): (CMBitMap*) 0x000001bdadf83d50, (CMBitMap*) 0x000001bdadf83d90
 Prev Bits: [0x000001bdb3fd0000, 0x000001bdb4fd0000)
 Next Bits: [0x000001bdb4fd0000, 0x000001bdb5fd0000)

Polling page: 0x000001bdad710000

Metaspace:

Usage:
  Non-class:     59.19 MB used.
      Class:      9.34 MB used.
       Both:     68.52 MB used.

Virtual space:
  Non-class space:       64.00 MB reserved,      59.62 MB ( 93%) committed,  8 nodes.
      Class space:        1.00 GB reserved,       9.62 MB ( <1%) committed,  1 nodes.
             Both:        1.06 GB reserved,      69.25 MB (  6%) committed. 

Chunk freelists:
   Non-Class:  472.00 KB
       Class:  2.51 MB
        Both:  2.97 MB

MaxMetaspaceSize: unlimited
CompressedClassSpaceSize: 1.00 GB
Initial GC threshold: 21.00 MB
Current GC threshold: 115.44 MB
CDS: off
MetaspaceReclaimPolicy: balanced
 - commit_granule_bytes: 65536.
 - commit_granule_words: 8192.
 - virtual_space_node_default_size: 1048576.
 - enlarge_chunks_in_place: 1.
 - new_chunks_are_fully_committed: 0.
 - uncommit_free_chunks: 1.
 - use_allocation_guard: 0.
 - handle_deallocations: 1.


Internal statistics:

num_allocs_failed_limit: 6.
num_arena_births: 656.
num_arena_deaths: 192.
num_vsnodes_births: 9.
num_vsnodes_deaths: 0.
num_space_committed: 1108.
num_space_uncommitted: 0.
num_chunks_returned_to_freelist: 232.
num_chunks_taken_from_freelist: 2978.
num_chunk_merges: 79.
num_chunk_splits: 2083.
num_chunks_enlarged: 1520.
num_purges: 14.
num_inconsistent_stats: 0.

CodeCache: size=49152Kb used=17742Kb max_used=18706Kb free=31409Kb
 bounds [0x000001bdb0bd0000, 0x000001bdb1e20000, 0x000001bdb3bd0000]
 total_blobs=10466 nmethods=9775 adapters=618
 compilation: enabled
              stopped_count=0, restarted_count=0
 full_count=0

Compilation events (20 events):
Event: 1314.822 Thread 0x000001bdb84f2010 9936   !   1       java.lang.ProcessBuilder::start (417 bytes)
Event: 1314.825 Thread 0x000001bdb84f2010 nmethod 9936 0x000001bdb1bd2710 code [0x000001bdb1bd2aa0, 0x000001bdb1bd3aa8]
Event: 1356.194 Thread 0x000001bdb84f2010 9937       1       org.springframework.ide.vscode.commons.languageserver.util.SimpleLanguageServer::getParentProcessId (5 bytes)
Event: 1356.195 Thread 0x000001bdb84f2010 nmethod 9937 0x000001bdb1bd2410 code [0x000001bdb1bd25a0, 0x000001bdb1bd2678]
Event: 1418.753 Thread 0x000001bdb84f2010 9938       1       java.lang.Runtime::getRuntime (4 bytes)
Event: 1418.834 Thread 0x000001bdb84f2010 nmethod 9938 0x000001bdb1bd2110 code [0x000001bdb1bd22a0, 0x000001bdb1bd2358]
Event: 1523.289 Thread 0x000001bdb84f2010 9939       1       java.io.FileInputStream::<init> (59 bytes)
Event: 1523.290 Thread 0x000001bdb84f2010 nmethod 9939 0x000001bdb1bd1810 code [0x000001bdb1bd1a00, 0x000001bdb1bd1ec8]
Event: 1523.290 Thread 0x000001bdb84f2010 9940       1       java.lang.Process$PipeInputStream::<init> (6 bytes)
Event: 1523.290 Thread 0x000001bdb84f2010 nmethod 9940 0x000001bdb1bd1510 code [0x000001bdb1bd16a0, 0x000001bdb1bd1788]
Event: 1523.486 Thread 0x000001bdb84f2010 9941       1       java.lang.ProcessImpl::exitValue (28 bytes)
Event: 1523.568 Thread 0x000001bdb84f2010 nmethod 9941 0x000001bdb1bd1110 code [0x000001bdb1bd12c0, 0x000001bdb1bd1418]
Event: 1523.568 Thread 0x000001bdb84f2010 9944   !   1       com.google.common.io.Closeables::closeQuietly (19 bytes)
Event: 1523.568 Thread 0x000001bdb84f2010 nmethod 9944 0x000001bdb1bd0d10 code [0x000001bdb1bd0ec0, 0x000001bdb1bd1038]
Event: 1523.568 Thread 0x000001bdb84f2010 9942       1       java.lang.ProcessImpl::getInputStream (5 bytes)
Event: 1523.568 Thread 0x000001bdb84f2010 nmethod 9942 0x000001bdb1bd0a10 code [0x000001bdb1bd0ba0, 0x000001bdb1bd0c78]
Event: 1523.569 Thread 0x000001bdb84f2010 9943       1       java.lang.ProcessImpl::getErrorStream (5 bytes)
Event: 1523.569 Thread 0x000001bdb84f2010 nmethod 9943 0x000001bdb1bd0710 code [0x000001bdb1bd08a0, 0x000001bdb1bd0978]
Event: 1523.569 Thread 0x000001bdb84f2010 9945       1       java.lang.ProcessImpl::getOutputStream (5 bytes)
Event: 1523.569 Thread 0x000001bdb84f2010 nmethod 9945 0x000001bdb1bd0410 code [0x000001bdb1bd05a0, 0x000001bdb1bd0678]

GC Heap History (20 events):
Event: 1513.146 GC heap before
{Heap before GC invocations=189 (full 126):
 garbage-first heap   total 296960K, used 88170K [0x00000000c0000000, 0x0000000100000000)
  region size 1024K, 1 young (1024K), 0 survivors (0K)
 Metaspace       used 70168K, committed 70912K, reserved 1114112K
  class space    used 9561K, committed 9856K, reserved 1048576K
}
Event: 1513.251 GC heap after
{Heap after GC invocations=190 (full 127):
 garbage-first heap   total 296960K, used 88170K [0x00000000c0000000, 0x0000000100000000)
  region size 1024K, 0 young (0K), 0 survivors (0K)
 Metaspace       used 70168K, committed 70912K, reserved 1114112K
  class space    used 9561K, committed 9856K, reserved 1048576K
}
Event: 1523.486 GC heap before
{Heap before GC invocations=190 (full 127):
 garbage-first heap   total 296960K, used 88170K [0x00000000c0000000, 0x0000000100000000)
  region size 1024K, 1 young (1024K), 0 survivors (0K)
 Metaspace       used 70168K, committed 70912K, reserved 1114112K
  class space    used 9561K, committed 9856K, reserved 1048576K
}
Event: 1523.567 GC heap after
{Heap after GC invocations=191 (full 128):
 garbage-first heap   total 296960K, used 88171K [0x00000000c0000000, 0x0000000100000000)
  region size 1024K, 0 young (0K), 0 survivors (0K)
 Metaspace       used 70168K, committed 70912K, reserved 1114112K
  class space    used 9561K, committed 9856K, reserved 1048576K
}
Event: 1533.811 GC heap before
{Heap before GC invocations=191 (full 128):
 garbage-first heap   total 296960K, used 88171K [0x00000000c0000000, 0x0000000100000000)
  region size 1024K, 1 young (1024K), 0 survivors (0K)
 Metaspace       used 70168K, committed 70912K, reserved 1114112K
  class space    used 9561K, committed 9856K, reserved 1048576K
}
Event: 1533.890 GC heap after
{Heap after GC invocations=192 (full 129):
 garbage-first heap   total 296960K, used 88171K [0x00000000c0000000, 0x0000000100000000)
  region size 1024K, 0 young (0K), 0 survivors (0K)
 Metaspace       used 70168K, committed 70912K, reserved 1114112K
  class space    used 9561K, committed 9856K, reserved 1048576K
}
Event: 1544.125 GC heap before
{Heap before GC invocations=192 (full 129):
 garbage-first heap   total 296960K, used 88171K [0x00000000c0000000, 0x0000000100000000)
  region size 1024K, 1 young (1024K), 0 survivors (0K)
 Metaspace       used 70168K, committed 70912K, reserved 1114112K
  class space    used 9561K, committed 9856K, reserved 1048576K
}
Event: 1544.203 GC heap after
{Heap after GC invocations=193 (full 130):
 garbage-first heap   total 296960K, used 88171K [0x00000000c0000000, 0x0000000100000000)
  region size 1024K, 0 young (0K), 0 survivors (0K)
 Metaspace       used 70168K, committed 70912K, reserved 1114112K
  class space    used 9561K, committed 9856K, reserved 1048576K
}
Event: 1554.433 GC heap before
{Heap before GC invocations=193 (full 130):
 garbage-first heap   total 296960K, used 88171K [0x00000000c0000000, 0x0000000100000000)
  region size 1024K, 1 young (1024K), 0 survivors (0K)
 Metaspace       used 70168K, committed 70912K, reserved 1114112K
  class space    used 9561K, committed 9856K, reserved 1048576K
}
Event: 1554.513 GC heap after
{Heap after GC invocations=194 (full 131):
 garbage-first heap   total 296960K, used 88171K [0x00000000c0000000, 0x0000000100000000)
  region size 1024K, 0 young (0K), 0 survivors (0K)
 Metaspace       used 70168K, committed 70912K, reserved 1114112K
  class space    used 9561K, committed 9856K, reserved 1048576K
}
Event: 1564.887 GC heap before
{Heap before GC invocations=194 (full 131):
 garbage-first heap   total 296960K, used 88171K [0x00000000c0000000, 0x0000000100000000)
  region size 1024K, 1 young (1024K), 0 survivors (0K)
 Metaspace       used 70168K, committed 70912K, reserved 1114112K
  class space    used 9561K, committed 9856K, reserved 1048576K
}
Event: 1564.965 GC heap after
{Heap after GC invocations=195 (full 132):
 garbage-first heap   total 296960K, used 88171K [0x00000000c0000000, 0x0000000100000000)
  region size 1024K, 0 young (0K), 0 survivors (0K)
 Metaspace       used 70168K, committed 70912K, reserved 1114112K
  class space    used 9561K, committed 9856K, reserved 1048576K
}
Event: 1575.181 GC heap before
{Heap before GC invocations=195 (full 132):
 garbage-first heap   total 296960K, used 88171K [0x00000000c0000000, 0x0000000100000000)
  region size 1024K, 1 young (1024K), 0 survivors (0K)
 Metaspace       used 70168K, committed 70912K, reserved 1114112K
  class space    used 9561K, committed 9856K, reserved 1048576K
}
Event: 1575.260 GC heap after
{Heap after GC invocations=196 (full 133):
 garbage-first heap   total 296960K, used 88171K [0x00000000c0000000, 0x0000000100000000)
  region size 1024K, 0 young (0K), 0 survivors (0K)
 Metaspace       used 70168K, committed 70912K, reserved 1114112K
  class space    used 9561K, committed 9856K, reserved 1048576K
}
Event: 1585.468 GC heap before
{Heap before GC invocations=196 (full 133):
 garbage-first heap   total 296960K, used 88171K [0x00000000c0000000, 0x0000000100000000)
  region size 1024K, 1 young (1024K), 0 survivors (0K)
 Metaspace       used 70168K, committed 70912K, reserved 1114112K
  class space    used 9561K, committed 9856K, reserved 1048576K
}
Event: 1585.547 GC heap after
{Heap after GC invocations=197 (full 134):
 garbage-first heap   total 296960K, used 88171K [0x00000000c0000000, 0x0000000100000000)
  region size 1024K, 0 young (0K), 0 survivors (0K)
 Metaspace       used 70168K, committed 70912K, reserved 1114112K
  class space    used 9561K, committed 9856K, reserved 1048576K
}
Event: 1596.165 GC heap before
{Heap before GC invocations=197 (full 134):
 garbage-first heap   total 296960K, used 88171K [0x00000000c0000000, 0x0000000100000000)
  region size 1024K, 1 young (1024K), 0 survivors (0K)
 Metaspace       used 70168K, committed 70912K, reserved 1114112K
  class space    used 9561K, committed 9856K, reserved 1048576K
}
Event: 1596.247 GC heap after
{Heap after GC invocations=198 (full 135):
 garbage-first heap   total 296960K, used 88171K [0x00000000c0000000, 0x0000000100000000)
  region size 1024K, 0 young (0K), 0 survivors (0K)
 Metaspace       used 70168K, committed 70912K, reserved 1114112K
  class space    used 9561K, committed 9856K, reserved 1048576K
}
Event: 1607.267 GC heap before
{Heap before GC invocations=198 (full 135):
 garbage-first heap   total 296960K, used 88171K [0x00000000c0000000, 0x0000000100000000)
  region size 1024K, 1 young (1024K), 0 survivors (0K)
 Metaspace       used 70168K, committed 70912K, reserved 1114112K
  class space    used 9561K, committed 9856K, reserved 1048576K
}
Event: 1607.350 GC heap after
{Heap after GC invocations=199 (full 136):
 garbage-first heap   total 296960K, used 88171K [0x00000000c0000000, 0x0000000100000000)
  region size 1024K, 0 young (0K), 0 survivors (0K)
 Metaspace       used 70168K, committed 70912K, reserved 1114112K
  class space    used 9561K, committed 9856K, reserved 1048576K
}

Dll operation events (10 events):
Event: 0.029 Loaded shared library c:\Users\BULee\.vscode\extensions\redhat.java-1.16.0-win32-x64\jre\17.0.6-win32-x86_64\bin\java.dll
Event: 2.613 Loaded shared library C:\Users\BULee\.vscode\extensions\redhat.java-1.16.0-win32-x64\jre\17.0.6-win32-x86_64\bin\net.dll
Event: 2.619 Loaded shared library C:\Users\BULee\.vscode\extensions\redhat.java-1.16.0-win32-x64\jre\17.0.6-win32-x86_64\bin\nio.dll
Event: 2.743 Loaded shared library C:\Users\BULee\.vscode\extensions\redhat.java-1.16.0-win32-x64\jre\17.0.6-win32-x86_64\bin\zip.dll
Event: 4.599 Loaded shared library C:\Users\BULee\.vscode\extensions\redhat.java-1.16.0-win32-x64\jre\17.0.6-win32-x86_64\bin\jimage.dll
Event: 27.971 Loaded shared library C:\Users\BULee\.vscode\extensions\redhat.java-1.16.0-win32-x64\jre\17.0.6-win32-x86_64\bin\management.dll
Event: 27.996 Loaded shared library C:\Users\BULee\.vscode\extensions\redhat.java-1.16.0-win32-x64\jre\17.0.6-win32-x86_64\bin\management_ext.dll
Event: 48.300 Loaded shared library c:\Users\BULee\.vscode\extensions\redhat.java-1.16.0-win32-x64\jre\17.0.6-win32-x86_64\bin\verify.dll
Event: 64.730 Loaded shared library C:\Users\BULee\.vscode\extensions\redhat.java-1.16.0-win32-x64\jre\17.0.6-win32-x86_64\bin\sunmscapi.dll
Event: 70.537 Loaded shared library C:\Users\BULee\AppData\Local\Temp\snappy-1.1.8-297897f6-8e9f-4ddf-b146-20c4f08cf177-snappyjava.dll

Deoptimization events (20 events):
Event: 70.808 Thread 0x000001bdbaf43100 DEOPT PACKING pc=0x000001bdb18f806c sp=0x0000006287afd290
Event: 70.808 Thread 0x000001bdbaf43100 DEOPT UNPACKING pc=0x000001bdb0c27143 sp=0x0000006287afc7e0 mode 0
Event: 70.809 Thread 0x000001bdbaf43100 DEOPT PACKING pc=0x000001bdb18f806c sp=0x0000006287afd5c0
Event: 70.809 Thread 0x000001bdbaf43100 DEOPT UNPACKING pc=0x000001bdb0c27143 sp=0x0000006287afcb10 mode 0
Event: 70.810 Thread 0x000001bdbaf43100 DEOPT PACKING pc=0x000001bdb18f806c sp=0x0000006287afd8b0
Event: 70.810 Thread 0x000001bdbaf43100 DEOPT UNPACKING pc=0x000001bdb0c27143 sp=0x0000006287afce00 mode 0
Event: 70.810 Thread 0x000001bdbaf43100 DEOPT PACKING pc=0x000001bdb18f806c sp=0x0000006287afdbe0
Event: 70.810 Thread 0x000001bdbaf43100 DEOPT UNPACKING pc=0x000001bdb0c27143 sp=0x0000006287afd130 mode 0
Event: 70.810 Thread 0x000001bdbaf43100 DEOPT PACKING pc=0x000001bdb18f806c sp=0x0000006287afdeb0
Event: 70.810 Thread 0x000001bdbaf43100 DEOPT UNPACKING pc=0x000001bdb0c27143 sp=0x0000006287afd400 mode 0
Event: 70.810 Thread 0x000001bdbaf43100 DEOPT PACKING pc=0x000001bdb18f806c sp=0x0000006287afe1e0
Event: 70.810 Thread 0x000001bdbaf43100 DEOPT UNPACKING pc=0x000001bdb0c27143 sp=0x0000006287afd730 mode 0
Event: 70.810 Thread 0x000001bdbaf43100 DEOPT PACKING pc=0x000001bdb18f806c sp=0x0000006287afe4e0
Event: 70.810 Thread 0x000001bdbaf43100 DEOPT UNPACKING pc=0x000001bdb0c27143 sp=0x0000006287afda30 mode 0
Event: 70.872 Thread 0x000001bdbaf43100 DEOPT PACKING pc=0x000001bdb18c6b7c sp=0x0000006287afd3a0
Event: 70.872 Thread 0x000001bdbaf43100 DEOPT UNPACKING pc=0x000001bdb0c27143 sp=0x0000006287afc938 mode 0
Event: 74.078 Thread 0x000001bdbac2c4a0 DEOPT PACKING pc=0x000001bdb1c9b40c sp=0x0000006287dfd9f0
Event: 74.078 Thread 0x000001bdbac2c4a0 DEOPT UNPACKING pc=0x000001bdb0c27143 sp=0x0000006287dfce80 mode 0
Event: 207.324 Thread 0x000001bdbaa658d0 DEOPT PACKING pc=0x000001bdb10bd654 sp=0x0000006286dfefd0
Event: 207.324 Thread 0x000001bdbaa658d0 DEOPT UNPACKING pc=0x000001bdb0c27143 sp=0x0000006286dfe458 mode 0

Classes unloaded (20 events):
Event: 301.162 Thread 0x000001bdb8458b10 Unloading class 0x00000001006f4c00 'java/lang/invoke/LambdaForm$MH+0x00000001006f4c00'
Event: 301.162 Thread 0x000001bdb8458b10 Unloading class 0x00000001006f4800 'java/lang/invoke/LambdaForm$MH+0x00000001006f4800'
Event: 301.162 Thread 0x000001bdb8458b10 Unloading class 0x000000010039c400 'java/lang/invoke/LambdaForm$MH+0x000000010039c400'
Event: 301.162 Thread 0x000001bdb8458b10 Unloading class 0x0000000100355400 'java/lang/invoke/LambdaForm$MH+0x0000000100355400'
Event: 301.162 Thread 0x000001bdb8458b10 Unloading class 0x0000000100355000 'java/lang/invoke/LambdaForm$MH+0x0000000100355000'
Event: 301.162 Thread 0x000001bdb8458b10 Unloading class 0x0000000100091c00 'java/lang/invoke/LambdaForm$MH+0x0000000100091c00'
Event: 301.162 Thread 0x000001bdb8458b10 Unloading class 0x0000000100091800 'java/lang/invoke/LambdaForm$MH+0x0000000100091800'
Event: 301.162 Thread 0x000001bdb8458b10 Unloading class 0x0000000100091400 'java/lang/invoke/LambdaForm$MH+0x0000000100091400'
Event: 301.162 Thread 0x000001bdb8458b10 Unloading class 0x0000000100091000 'java/lang/invoke/LambdaForm$MH+0x0000000100091000'
Event: 301.162 Thread 0x000001bdb8458b10 Unloading class 0x0000000100090c00 'java/lang/invoke/LambdaForm$MH+0x0000000100090c00'
Event: 301.162 Thread 0x000001bdb8458b10 Unloading class 0x0000000100090800 'java/lang/invoke/LambdaForm$MH+0x0000000100090800'
Event: 301.162 Thread 0x000001bdb8458b10 Unloading class 0x0000000100090400 'java/lang/invoke/LambdaForm$MH+0x0000000100090400'
Event: 301.162 Thread 0x000001bdb8458b10 Unloading class 0x0000000100090000 'java/lang/invoke/LambdaForm$MH+0x0000000100090000'
Event: 301.162 Thread 0x000001bdb8458b10 Unloading class 0x000000010008b800 'java/lang/invoke/LambdaForm$MH+0x000000010008b800'
Event: 301.162 Thread 0x000001bdb8458b10 Unloading class 0x000000010008b400 'java/lang/invoke/LambdaForm$MH+0x000000010008b400'
Event: 301.162 Thread 0x000001bdb8458b10 Unloading class 0x000000010008b000 'java/lang/invoke/LambdaForm$MH+0x000000010008b000'
Event: 301.162 Thread 0x000001bdb8458b10 Unloading class 0x000000010008ac00 'java/lang/invoke/LambdaForm$MH+0x000000010008ac00'
Event: 301.162 Thread 0x000001bdb8458b10 Unloading class 0x000000010008a800 'java/lang/invoke/LambdaForm$MH+0x000000010008a800'
Event: 301.162 Thread 0x000001bdb8458b10 Unloading class 0x000000010008a400 'java/lang/invoke/LambdaForm$MH+0x000000010008a400'
Event: 301.162 Thread 0x000001bdb8458b10 Unloading class 0x0000000100088400 'java/lang/invoke/LambdaForm$MH+0x0000000100088400'

Classes redefined (0 events):
No events

Internal exceptions (20 events):
Event: 76.464 Thread 0x000001bdbaf43100 Exception <a 'sun/nio/fs/WindowsException'{0x00000000d86b0c18}> (0x00000000d86b0c18) 
thrown [s\src\hotspot\share\prims\jni.cpp, line 516]
Event: 76.464 Thread 0x000001bdbaf43100 Exception <a 'sun/nio/fs/WindowsException'{0x00000000d86b0ee8}> (0x00000000d86b0ee8) 
thrown [s\src\hotspot\share\prims\jni.cpp, line 516]
Event: 76.465 Thread 0x000001bdbaf43100 Exception <a 'sun/nio/fs/WindowsException'{0x00000000d86b2300}> (0x00000000d86b2300) 
thrown [s\src\hotspot\share\prims\jni.cpp, line 516]
Event: 76.465 Thread 0x000001bdbaf43100 Exception <a 'sun/nio/fs/WindowsException'{0x00000000d86b25f0}> (0x00000000d86b25f0) 
thrown [s\src\hotspot\share\prims\jni.cpp, line 516]
Event: 76.467 Thread 0x000001bdbaf43100 Exception <a 'sun/nio/fs/WindowsException'{0x00000000d86d5860}> (0x00000000d86d5860) 
thrown [s\src\hotspot\share\prims\jni.cpp, line 516]
Event: 76.468 Thread 0x000001bdbaf43100 Exception <a 'sun/nio/fs/WindowsException'{0x00000000d86d5b28}> (0x00000000d86d5b28) 
thrown [s\src\hotspot\share\prims\jni.cpp, line 516]
Event: 76.468 Thread 0x000001bdbaf43100 Exception <a 'sun/nio/fs/WindowsException'{0x00000000d86d6f30}> (0x00000000d86d6f30) 
thrown [s\src\hotspot\share\prims\jni.cpp, line 516]
Event: 76.468 Thread 0x000001bdbaf43100 Exception <a 'sun/nio/fs/WindowsException'{0x00000000d86d7218}> (0x00000000d86d7218) 
thrown [s\src\hotspot\share\prims\jni.cpp, line 516]
Event: 76.478 Thread 0x000001bdbaf43100 Exception <a 'sun/nio/fs/WindowsException'{0x00000000d85cca28}> (0x00000000d85cca28) 
thrown [s\src\hotspot\share\prims\jni.cpp, line 516]
Event: 76.479 Thread 0x000001bdbaf43100 Exception <a 'sun/nio/fs/WindowsException'{0x00000000d85ccce0}> (0x00000000d85ccce0) 
thrown [s\src\hotspot\share\prims\jni.cpp, line 516]
Event: 76.479 Thread 0x000001bdbaf43100 Exception <a 'sun/nio/fs/WindowsException'{0x00000000d85ce630}> (0x00000000d85ce630) 
thrown [s\src\hotspot\share\prims\jni.cpp, line 516]
Event: 76.480 Thread 0x000001bdbaf43100 Exception <a 'sun/nio/fs/WindowsException'{0x00000000d85ce900}> (0x00000000d85ce900) 
thrown [s\src\hotspot\share\prims\jni.cpp, line 516]
Event: 76.485 Thread 0x000001bdbaf43100 Exception <a 'sun/nio/fs/WindowsException'{0x00000000d844a150}> (0x00000000d844a150) 
thrown [s\src\hotspot\share\prims\jni.cpp, line 516]
Event: 76.485 Thread 0x000001bdbaf43100 Exception <a 'sun/nio/fs/WindowsException'{0x00000000d844a438}> (0x00000000d844a438) 
thrown [s\src\hotspot\share\prims\jni.cpp, line 516]
Event: 76.485 Thread 0x000001bdbaf43100 Exception <a 'sun/nio/fs/WindowsException'{0x00000000d844be60}> (0x00000000d844be60) 
thrown [s\src\hotspot\share\prims\jni.cpp, line 516]
Event: 76.485 Thread 0x000001bdbaf43100 Exception <a 'sun/nio/fs/WindowsException'{0x00000000d844c160}> (0x00000000d844c160) 
thrown [s\src\hotspot\share\prims\jni.cpp, line 516]
Event: 79.046 Thread 0x000001bdbac2a7c0 Exception <a 'java/lang/NoSuchMethodError'{0x00000000d8271c28}: 'java.lang.Object java.lang.invoke.DirectMethodHandle$Holder.newInvokeSpecial(java.lang.Object, java.lang.Object, java.lang.Object, java.lang.Object, java.lang.Object, java.lang.Object, java.lang.Object)'> (0x00000000d8271c28) 
thrown [s\src\hotspot\share\interpreter\linkResolver.cpp, line 759]
Event: 79.047 Thread 0x000001bdbac2a7c0 Exception <a 'java/lang/NoSuchMethodError'{0x00000000d8276550}: 'java.lang.Object java.lang.invoke.Invokers$Holder.linkToTargetMethod(java.lang.Object, java.lang.Object, java.lang.Object, java.lang.Object, java.lang.Object, java.lang.Object, java.lang.Object)'> (0x00000000d8276550) 
thrown [s\src\hotspot\share\interpreter\linkResolver.cpp, line 759]
Event: 118.294 Thread 0x000001bdbaaeb250 Exception <a 'java/lang/NoSuchMethodError'{0x00000000d8256100}: 'void java.lang.invoke.DirectMethodHandle$Holder.invokeStatic(java.lang.Object, long)'> (0x00000000d8256100) 
thrown [s\src\hotspot\share\interpreter\linkResolver.cpp, line 759]
Event: 118.295 Thread 0x000001bdbaaeb250 Exception <a 'java/lang/NoSuchMethodError'{0x00000000d825b4b0}: 'java.lang.Object java.lang.invoke.DirectMethodHandle$Holder.newInvokeSpecial(java.lang.Object, long)'> (0x00000000d825b4b0) 
thrown [s\src\hotspot\share\interpreter\linkResolver.cpp, line 759]

VM Operations (20 events):
Event: 1513.251 Executing VM operation: G1CollectFull done
Event: 1523.486 Executing VM operation: G1CollectFull
Event: 1523.568 Executing VM operation: G1CollectFull done
Event: 1533.810 Executing VM operation: G1CollectFull
Event: 1533.891 Executing VM operation: G1CollectFull done
Event: 1544.125 Executing VM operation: G1CollectFull
Event: 1544.203 Executing VM operation: G1CollectFull done
Event: 1554.433 Executing VM operation: G1CollectFull
Event: 1554.514 Executing VM operation: G1CollectFull done
Event: 1564.887 Executing VM operation: G1CollectFull
Event: 1564.966 Executing VM operation: G1CollectFull done
Event: 1575.181 Executing VM operation: G1CollectFull
Event: 1575.260 Executing VM operation: G1CollectFull done
Event: 1585.468 Executing VM operation: G1CollectFull
Event: 1585.547 Executing VM operation: G1CollectFull done
Event: 1596.164 Executing VM operation: G1CollectFull
Event: 1596.247 Executing VM operation: G1CollectFull done
Event: 1607.267 Executing VM operation: G1CollectFull
Event: 1607.350 Executing VM operation: G1CollectFull done
Event: 1617.492 Executing VM operation: G1CollectFull

Events (20 events):
Event: 118.296 loading class java/lang/ProcessImpl$2
Event: 118.296 loading class java/lang/ProcessImpl$2 done
Event: 118.296 loading class java/lang/Process$PipeInputStream
Event: 118.296 loading class java/lang/Process$PipeInputStream done
Event: 118.299 loading class jdk/internal/event/ProcessStartEvent
Event: 118.299 loading class jdk/internal/event/ProcessStartEvent done
Event: 131.875 Thread 0x000001bdbaf45780 Thread exited: 0x000001bdbaf45780
Event: 131.875 Thread 0x000001bdbaf4a480 Thread exited: 0x000001bdbaf4a480
Event: 139.053 Thread 0x000001bdbac2c4a0 Thread exited: 0x000001bdbac2c4a0
Event: 141.261 Thread 0x000001bdbac2a7c0 Thread exited: 0x000001bdbac2a7c0
Event: 199.073 Thread 0x000001bdbac2ac90 Thread exited: 0x000001bdbac2ac90
Event: 207.325 Thread 0x000001bdbaf43100 Thread added: 0x000001bdbaf43100
Event: 259.090 Thread 0x000001bdbaf46f90 Thread exited: 0x000001bdbaf46f90
Event: 267.533 Thread 0x000001bdbaf43100 Thread exited: 0x000001bdbaf43100
Event: 544.809 Thread 0x000001bdbaf47930 Thread added: 0x000001bdbaf47930
Event: 544.844 Thread 0x000001bdbaf49610 Thread added: 0x000001bdbaf49610
Event: 604.855 Thread 0x000001bdbaf47930 Thread exited: 0x000001bdbaf47930
Event: 604.869 Thread 0x000001bdbaf49610 Thread exited: 0x000001bdbaf49610
Event: 1018.059 Thread 0x000001bdbaf46120 Thread added: 0x000001bdbaf46120
Event: 1078.077 Thread 0x000001bdbaf46120 Thread exited: 0x000001bdbaf46120


Dynamic libraries:
0x00007ff6e6480000 - 0x00007ff6e648e000 	c:\Users\BULee\.vscode\extensions\redhat.java-1.16.0-win32-x64\jre\17.0.6-win32-x86_64\bin\java.exe
0x00007fff07d30000 - 0x00007fff07f28000 	C:\WINDOWS\SYSTEM32\ntdll.dll
0x00007fff078f0000 - 0x00007fff079af000 	C:\WINDOWS\System32\KERNEL32.DLL
0x00007fff05490000 - 0x00007fff05762000 	C:\WINDOWS\System32\KERNELBASE.dll
0x00007fff05850000 - 0x00007fff05950000 	C:\WINDOWS\System32\ucrtbase.dll
0x00007ffefe740000 - 0x00007ffefe757000 	c:\Users\BULee\.vscode\extensions\redhat.java-1.16.0-win32-x64\jre\17.0.6-win32-x86_64\bin\jli.dll
0x00007fff06070000 - 0x00007fff06211000 	C:\WINDOWS\System32\USER32.dll
0x00007fff05770000 - 0x00007fff05792000 	C:\WINDOWS\System32\win32u.dll
0x00007fff062c0000 - 0x00007fff062eb000 	C:\WINDOWS\System32\GDI32.dll
0x00007fff05a60000 - 0x00007fff05b6f000 	C:\WINDOWS\System32\gdi32full.dll
0x00007fff05b70000 - 0x00007fff05c0d000 	C:\WINDOWS\System32\msvcp_win.dll
0x00007ffefea70000 - 0x00007ffefea89000 	c:\Users\BULee\.vscode\extensions\redhat.java-1.16.0-win32-x64\jre\17.0.6-win32-x86_64\bin\VCRUNTIME140.dll
0x00007ffef2d00000 - 0x00007ffef2f9a000 	C:\WINDOWS\WinSxS\amd64_microsoft.windows.common-controls_6595b64144ccf1df_6.0.19041.1110_none_60b5254171f9507e\COMCTL32.dll
0x00007fff05fd0000 - 0x00007fff0606e000 	C:\WINDOWS\System32\msvcrt.dll
0x00007fff05d80000 - 0x00007fff05db2000 	C:\WINDOWS\System32\IMM32.DLL
0x00007fff00ed0000 - 0x00007fff00edc000 	c:\Users\BULee\.vscode\extensions\redhat.java-1.16.0-win32-x64\jre\17.0.6-win32-x86_64\bin\vcruntime140_1.dll
0x00007ffed9160000 - 0x00007ffed91f1000 	c:\Users\BULee\.vscode\extensions\redhat.java-1.16.0-win32-x64\jre\17.0.6-win32-x86_64\bin\msvcp140.dll
0x00007ffeb8600000 - 0x00007ffeb9247000 	c:\Users\BULee\.vscode\extensions\redhat.java-1.16.0-win32-x64\jre\17.0.6-win32-x86_64\bin\server\jvm.dll
0x00007fff07ac0000 - 0x00007fff07b6e000 	C:\WINDOWS\System32\ADVAPI32.dll
0x00007fff06220000 - 0x00007fff062bc000 	C:\WINDOWS\System32\sechost.dll
0x00007fff06970000 - 0x00007fff06a95000 	C:\WINDOWS\System32\RPCRT4.dll
0x00007ffeff180000 - 0x00007ffeff189000 	C:\WINDOWS\SYSTEM32\WSOCK32.dll
0x00007fff079b0000 - 0x00007fff07a1b000 	C:\WINDOWS\System32\WS2_32.dll
0x00007ffef49f0000 - 0x00007ffef4a17000 	C:\WINDOWS\SYSTEM32\WINMM.dll
0x00007ffef7420000 - 0x00007ffef742a000 	C:\WINDOWS\SYSTEM32\VERSION.dll
0x00007fff032e0000 - 0x00007fff032f2000 	C:\WINDOWS\SYSTEM32\kernel.appcore.dll
0x00007fff00e50000 - 0x00007fff00e5a000 	c:\Users\BULee\.vscode\extensions\redhat.java-1.16.0-win32-x64\jre\17.0.6-win32-x86_64\bin\jimage.dll
0x00007ffef5230000 - 0x00007ffef5414000 	C:\WINDOWS\SYSTEM32\DBGHELP.DLL
0x00007ffef51b0000 - 0x00007ffef51e5000 	C:\WINDOWS\SYSTEM32\dbgcore.DLL
0x00007fff05980000 - 0x00007fff05a02000 	C:\WINDOWS\System32\bcryptPrimitives.dll
0x00007ffefd610000 - 0x00007ffefd635000 	c:\Users\BULee\.vscode\extensions\redhat.java-1.16.0-win32-x64\jre\17.0.6-win32-x86_64\bin\java.dll
0x00007ffefd8a0000 - 0x00007ffefd8b8000 	c:\Users\BULee\.vscode\extensions\redhat.java-1.16.0-win32-x64\jre\17.0.6-win32-x86_64\bin\zip.dll
0x00007fff06c00000 - 0x00007fff07345000 	C:\WINDOWS\System32\SHELL32.dll
0x00007fff034e0000 - 0x00007fff03c72000 	C:\WINDOWS\SYSTEM32\windows.storage.dll
0x00007fff06410000 - 0x00007fff06765000 	C:\WINDOWS\System32\combase.dll
0x00007fff04e80000 - 0x00007fff04eb0000 	C:\WINDOWS\SYSTEM32\Wldp.dll
0x00007fff07c40000 - 0x00007fff07ced000 	C:\WINDOWS\System32\SHCORE.dll
0x00007fff05dc0000 - 0x00007fff05e15000 	C:\WINDOWS\System32\shlwapi.dll
0x00007fff05360000 - 0x00007fff0537f000 	C:\WINDOWS\SYSTEM32\profapi.dll
0x00007ffefd5c0000 - 0x00007ffefd5d9000 	C:\Users\BULee\.vscode\extensions\redhat.java-1.16.0-win32-x64\jre\17.0.6-win32-x86_64\bin\net.dll
0x00007ffef6ea0000 - 0x00007ffef6fac000 	C:\WINDOWS\SYSTEM32\WINHTTP.dll
0x00007fff04b60000 - 0x00007fff04bca000 	C:\WINDOWS\system32\mswsock.dll
0x00007ffefd5a0000 - 0x00007ffefd5b5000 	C:\Users\BULee\.vscode\extensions\redhat.java-1.16.0-win32-x64\jre\17.0.6-win32-x86_64\bin\nio.dll
0x00007fff04d60000 - 0x00007fff04d78000 	C:\WINDOWS\SYSTEM32\CRYPTSP.dll
0x00007fff04420000 - 0x00007fff04454000 	C:\WINDOWS\system32\rsaenh.dll
0x00007fff05950000 - 0x00007fff05977000 	C:\WINDOWS\System32\bcrypt.dll
0x00007fff05320000 - 0x00007fff0534e000 	C:\WINDOWS\SYSTEM32\USERENV.dll
0x00007fff04d80000 - 0x00007fff04d8c000 	C:\WINDOWS\SYSTEM32\CRYPTBASE.dll
0x00007fff047f0000 - 0x00007fff0482b000 	C:\WINDOWS\SYSTEM32\IPHLPAPI.DLL
0x00007fff07c30000 - 0x00007fff07c38000 	C:\WINDOWS\System32\NSI.dll
0x00007ffef73b0000 - 0x00007ffef73c7000 	C:\WINDOWS\SYSTEM32\dhcpcsvc6.DLL
0x00007ffef74d0000 - 0x00007ffef74ed000 	C:\WINDOWS\SYSTEM32\dhcpcsvc.DLL
0x00007fff04830000 - 0x00007fff048fb000 	C:\WINDOWS\SYSTEM32\DNSAPI.dll
0x00007fff00f30000 - 0x00007fff00f39000 	C:\Users\BULee\.vscode\extensions\redhat.java-1.16.0-win32-x64\jre\17.0.6-win32-x86_64\bin\management.dll
0x00007ffeff230000 - 0x00007ffeff23b000 	C:\Users\BULee\.vscode\extensions\redhat.java-1.16.0-win32-x64\jre\17.0.6-win32-x86_64\bin\management_ext.dll
0x00007fff05d70000 - 0x00007fff05d78000 	C:\WINDOWS\System32\PSAPI.DLL
0x00007ffeff1f0000 - 0x00007ffeff200000 	c:\Users\BULee\.vscode\extensions\redhat.java-1.16.0-win32-x64\jre\17.0.6-win32-x86_64\bin\verify.dll
0x00007ffeff220000 - 0x00007ffeff22e000 	C:\Users\BULee\.vscode\extensions\redhat.java-1.16.0-win32-x64\jre\17.0.6-win32-x86_64\bin\sunmscapi.dll
0x00007fff05c10000 - 0x00007fff05d66000 	C:\WINDOWS\System32\CRYPT32.dll
0x00007fff04ef0000 - 0x00007fff04f17000 	C:\WINDOWS\SYSTEM32\ncrypt.dll
0x00007fff04eb0000 - 0x00007fff04eeb000 	C:\WINDOWS\SYSTEM32\NTASN1.dll
0x00007ffef4800000 - 0x00007ffef480a000 	C:\Windows\System32\rasadhlp.dll
0x00007ffef4c10000 - 0x00007ffef4c90000 	C:\WINDOWS\System32\fwpuclnt.dll
0x000000006c500000 - 0x000000006c5c7000 	C:\Users\BULee\AppData\Local\Temp\snappy-1.1.8-297897f6-8e9f-4ddf-b146-20c4f08cf177-snappyjava.dll
0x0000000180000000 - 0x0000000180070000 	C:\WINDOWS\SysWOW64\T_Prevent64.dll
0x00007fff07350000 - 0x00007fff0747a000 	C:\WINDOWS\System32\ole32.dll
0x00007fff06aa0000 - 0x00007fff06b6d000 	C:\WINDOWS\System32\OLEAUT32.dll
0x00007ffeeef10000 - 0x00007ffeeefa8000 	C:\WINDOWS\SYSTEM32\WINSPOOL.DRV
0x00007ffeed210000 - 0x00007ffeed3b5000 	C:\WINDOWS\WinSxS\amd64_microsoft.windows.gdiplus_6595b64144ccf1df_1.1.19041.2251_none_91a40448cc8846c1\gdiplus.dll
0x000001bdbbf40000 - 0x000001bdbbf97000 	C:\WINDOWS\SysWOW64\TDCommonLib64.dll

dbghelp: loaded successfully - version: 4.0.5 - missing functions: none
symbol engine: initialized successfully - sym options: 0x614 - pdb path: .;c:\Users\BULee\.vscode\extensions\redhat.java-1.16.0-win32-x64\jre\17.0.6-win32-x86_64\bin;C:\WINDOWS\SYSTEM32;C:\WINDOWS\WinSxS\amd64_microsoft.windows.common-controls_6595b64144ccf1df_6.0.19041.1110_none_60b5254171f9507e;c:\Users\BULee\.vscode\extensions\redhat.java-1.16.0-win32-x64\jre\17.0.6-win32-x86_64\bin\server;C:\Users\BULee\AppData\Local\Temp;C:\WINDOWS\SysWOW64;C:\WINDOWS\WinSxS\amd64_microsoft.windows.gdiplus_6595b64144ccf1df_1.1.19041.2251_none_91a40448cc8846c1

VM Arguments:
jvm_args: -XX:+HeapDumpOnOutOfMemoryError -Xmx1024m -Dsts.lsp.client=vscode -Dsts.log.file=/dev/null -XX:TieredStopAtLevel=1 -Xlog:jni+resolve=off -Dspring.config.location=file:c:\Users\BULee\.vscode\extensions\vmware.vscode-spring-boot-1.45.0\language-server\BOOT-INF\classes\application.properties 
java_command: org.springframework.ide.vscode.boot.app.BootLanguageServerBootApp
java_class_path (initial): c:\Users\BULee\.vscode\extensions\vmware.vscode-spring-boot-1.45.0\language-server\BOOT-INF\classes;c:\Users\BULee\.vscode\extensions\vmware.vscode-spring-boot-1.45.0\language-server\BOOT-INF\lib\annotations-24.0.1.jar;c:\Users\BULee\.vscode\extensions\vmware.vscode-spring-boot-1.45.0\language-server\BOOT-INF\lib\ant-1.10.13.jar;c:\Users\BULee\.vscode\extensions\vmware.vscode-spring-boot-1.45.0\language-server\BOOT-INF\lib\ant-launcher-1.10.13.jar;c:\Users\BULee\.vscode\extensions\vmware.vscode-spring-boot-1.45.0\language-server\BOOT-INF\lib\antlr-runtime-3.5.3.jar;c:\Users\BULee\.vscode\extensions\vmware.vscode-spring-boot-1.45.0\language-server\BOOT-INF\lib\antlr4-4.11.1.jar;c:\Users\BULee\.vscode\extensions\vmware.vscode-spring-boot-1.45.0\language-server\BOOT-INF\lib\antlr4-runtime-4.11.1.jar;c:\Users\BULee\.vscode\extensions\vmware.vscode-spring-boot-1.45.0\language-server\BOOT-INF\lib\asm-9.4.jar;c:\Users\BULee\.vscode\extensions\vmware.vscode-spring-boot-1.45.0\language-server\BOOT-INF\lib\asm-analysis-9.4.jar;c:\Users\BULee\.vscode\extensions\vmware.vscode-spring-boot-1.45.0\language-server\BOOT-INF\lib\asm-tree-9.4.jar;c:\Users\BULee\.vscode\extensions\vmware.vscode-spring-boot-1.45.0\language-server\BOOT-INF\lib\asm-util-9.4.jar;c:\Users\BULee\.vscode\extensions\vmware.vscode-spring-boot-1.45.0\language-server\BOOT-INF\lib\caffeine-3.1.2.jar;c:\Users\BULee\.vscode\extensions\vmware.vscode-spring-boot-1.45.0\language-server\BOOT-INF\lib\checker-qual-3.12.0.jar;c:\Users\BULee\.vscode\extensions\vmware.vscode-spring-boot-1.45.0\language-server\BOOT-INF\lib\classgraph-4.8.149.jar;c:\Users\BULee\.vscode\extensions\vmware.vscode-spring-boot-1.45.0\language-server\BOOT-INF\lib\commons-codec-1.15.jar;c:\Users\BULee\.vscode\extensions\vmware.vscode-spring-boot-1.45.0\language-server\BOOT-INF\lib\commons-compress-1.22.jar;c:\Users\BULee\.vscode\extensions\vmware.vscode-spring-boot-1.45.0\language-server\BOOT-INF\lib\commons-io-2.4.jar;c:
Launcher Type: SUN_STANDARD

[Global flags]
     intx CICompilerCount                          = 3                                         {product} {ergonomic}
     uint ConcGCThreads                            = 1                                         {product} {ergonomic}
     uint G1ConcRefinementThreads                  = 4                                         {product} {ergonomic}
   size_t G1HeapRegionSize                         = 1048576                                   {product} {ergonomic}
    uintx GCDrainStackTargetSize                   = 64                                        {product} {ergonomic}
     bool HeapDumpOnOutOfMemoryError               = true                                   {manageable} {command line}
   size_t InitialHeapSize                          = 134217728                                 {product} {ergonomic}
   size_t MarkStackSize                            = 4194304                                   {product} {ergonomic}
   size_t MaxHeapSize                              = 1073741824                                {product} {command line}
   size_t MaxNewSize                               = 643825664                                 {product} {ergonomic}
   size_t MinHeapDeltaBytes                        = 1048576                                   {product} {ergonomic}
   size_t MinHeapSize                              = 8388608                                   {product} {ergonomic}
    uintx NonProfiledCodeHeapSize                  = 0                                      {pd product} {ergonomic}
     bool ProfileInterpreter                       = false                                  {pd product} {command line}
    uintx ProfiledCodeHeapSize                     = 0                                      {pd product} {ergonomic}
   size_t SoftMaxHeapSize                          = 1073741824                             {manageable} {ergonomic}
     intx TieredStopAtLevel                        = 1                                         {product} {command line}
     bool UseCompressedClassPointers               = true                           {product lp64_product} {ergonomic}
     bool UseCompressedOops                        = true                           {product lp64_product} {ergonomic}
     bool UseG1GC                                  = true                                      {product} {ergonomic}
     bool UseLargePagesIndividualAllocation        = false                                  {pd product} {ergonomic}

Logging:
Log output configuration:
 #0: stdout all=warning,jni+resolve=off uptime,level,tags
 #1: stderr all=off uptime,level,tags

Environment Variables:
JAVA_HOME=C:\pgms\jdk-11
PATH=C:\pgms\jdk-11\bin;C:\WINDOWS\system32;C:\WINDOWS;C:\WINDOWS\System32\Wbem;C:\WINDOWS\System32\WindowsPowerShell\v1.0\;C:\WINDOWS\System32\OpenSSH\;C:\pgms\gradle-7.6.1\bin;C:\Program Files\nodejs\;C:\Users\BULee\AppData\Local\Microsoft\WindowsApps;C:\Users\BULee\AppData\Local\Programs\Microsoft VS Code\bin;C:\Users\BULee\AppData\Roaming\npm
USERNAME=BULee
OS=Windows_NT
PROCESSOR_IDENTIFIER=Intel64 Family 6 Model 78 Stepping 3, GenuineIntel
TMP=C:\Users\BULee\AppData\Local\Temp
TEMP=C:\Users\BULee\AppData\Local\Temp



---------------  S Y S T E M  ---------------

OS:
 Windows 10 , 64 bit Build 19041 (10.0.19041.2546)
OS uptime: 9 days 19:43 hours

CPU: total 4 (initial active 4) (2 cores per cpu, 2 threads per core) family 6 model 78 stepping 3 microcode 0xcc, cx8, cmov, fxsr, ht, mmx, 3dnowpref, sse, sse2, sse3, ssse3, sse4.1, sse4.2, popcnt, lzcnt, tsc, tscinvbit, avx, avx2, aes, erms, clmul, bmi1, bmi2, adx, fma, vzeroupper, clflush, clflushopt

Memory: 4k page, system-wide physical 8090M (514M free)
TotalPageFile size 20730M (AvailPageFile size 6M)
current process WorkingSet (physical memory assigned to process): 274M, peak: 681M
current process commit charge ("private bytes"): 482M, peak: 678M

vm_info: OpenJDK 64-Bit Server VM (17.0.6+10) for windows-amd64 JRE (17.0.6+10), built on Jan 18 2023 10:08:59 by "temurin" with MS VC++ 16.7 (VS2019)

END.
